<?xml version="1.0" encoding="UTF-8"?>
<coverage generated="1599392855660" clover="3.2.0">
  <project timestamp="1599392855661" name="All files">
    <metrics statements="669" coveredstatements="604" conditionals="353" coveredconditionals="237" methods="130" coveredmethods="118" elements="1152" coveredelements="959" complexity="0" loc="669" ncloc="669" packages="3" files="18" classes="18"/>
    <package name="aarts-dynamodb">
      <metrics statements="424" coveredstatements="384" conditionals="325" coveredconditionals="224" methods="93" coveredmethods="89"/>
      <file name="BaseItemManager.ts" path="C:\Users\TechHuddle\Documents\aarts-all\packages\aarts-dynamodb\BaseItemManager.ts">
        <metrics statements="213" coveredstatements="179" conditionals="136" coveredconditionals="83" methods="28" coveredmethods="26"/>
        <line num="1" count="18" type="stmt"/>
        <line num="2" count="18" type="stmt"/>
        <line num="3" count="18" type="stmt"/>
        <line num="4" count="18" type="stmt"/>
        <line num="5" count="18" type="stmt"/>
        <line num="6" count="18" type="stmt"/>
        <line num="8" count="18" type="stmt"/>
        <line num="13" count="18" type="stmt"/>
        <line num="17" count="1351" type="stmt"/>
        <line num="18" count="1351" type="stmt"/>
        <line num="19" count="1336" type="stmt"/>
        <line num="20" count="7782" type="stmt"/>
        <line num="22" count="1336" type="stmt"/>
        <line num="26" count="144" type="stmt"/>
        <line num="27" count="144" type="cond" truecount="4" falsecount="2"/>
        <line num="29" count="1351" type="stmt"/>
        <line num="30" count="1351" type="stmt"/>
        <line num="37" count="1351" type="stmt"/>
        <line num="40" count="1351" type="stmt"/>
        <line num="45" count="1351" type="stmt"/>
        <line num="46" count="1351" type="stmt"/>
        <line num="53" count="144" type="stmt"/>
        <line num="58" count="18" type="stmt"/>
        <line num="63" count="54" type="stmt"/>
        <line num="73" count="1" type="stmt"/>
        <line num="77" count="3" type="cond" truecount="1" falsecount="1"/>
        <line num="79" count="3" type="cond" truecount="2" falsecount="0"/>
        <line num="80" count="1" type="stmt"/>
        <line num="83" count="2" type="cond" truecount="2" falsecount="0"/>
        <line num="84" count="1" type="stmt"/>
        <line num="87" count="1" type="stmt"/>
        <line num="93" count="3" type="cond" truecount="1" falsecount="1"/>
        <line num="95" count="3" type="stmt"/>
        <line num="96" count="0" type="stmt"/>
        <line num="99" count="1" type="stmt"/>
        <line num="101" count="1" type="cond" truecount="1" falsecount="1"/>
        <line num="102" count="0" type="stmt"/>
        <line num="105" count="1" type="stmt"/>
        <line num="106" count="1" type="stmt"/>
        <line num="107" count="1" type="stmt"/>
        <line num="110" count="1" type="stmt"/>
        <line num="111" count="1" type="stmt"/>
        <line num="112" count="1" type="cond" truecount="1" falsecount="1"/>
        <line num="113" count="0" type="stmt"/>
        <line num="114" count="0" type="stmt"/>
        <line num="117" count="1" type="stmt"/>
        <line num="119" count="1" type="cond" truecount="1" falsecount="1"/>
        <line num="121" count="1" type="stmt"/>
        <line num="123" count="1" type="cond" truecount="1" falsecount="1"/>
        <line num="144" count="1" type="stmt"/>
        <line num="156" count="4" type="stmt"/>
        <line num="165" count="5" type="cond" truecount="2" falsecount="0"/>
        <line num="166" count="1" type="stmt"/>
        <line num="169" count="4" type="cond" truecount="1" falsecount="1"/>
        <line num="170" count="0" type="stmt"/>
        <line num="173" count="4" type="stmt"/>
        <line num="174" count="4" type="cond" truecount="1" falsecount="1"/>
        <line num="175" count="0" type="stmt"/>
        <line num="178" count="4" type="cond" truecount="3" falsecount="1"/>
        <line num="184" count="0" type="stmt"/>
        <line num="185" count="4" type="cond" truecount="1" falsecount="1"/>
        <line num="187" count="4" type="stmt"/>
        <line num="188" count="4" type="stmt"/>
        <line num="191" count="0" type="stmt"/>
        <line num="192" count="0" type="stmt"/>
        <line num="195" count="4" type="stmt"/>
        <line num="196" count="4" type="stmt"/>
        <line num="212" count="5" type="cond" truecount="1" falsecount="1"/>
        <line num="213" count="5" type="cond" truecount="1" falsecount="1"/>
        <line num="215" count="5" type="stmt"/>
        <line num="216" count="5" type="stmt"/>
        <line num="217" count="4" type="stmt"/>
        <line num="218" count="4" type="cond" truecount="1" falsecount="1"/>
        <line num="219" count="0" type="stmt"/>
        <line num="220" count="0" type="stmt"/>
        <line num="224" count="4" type="cond" truecount="1" falsecount="1"/>
        <line num="227" count="4" type="stmt"/>
        <line num="228" count="4" type="stmt"/>
        <line num="229" count="4" type="stmt"/>
        <line num="230" count="4" type="cond" truecount="1" falsecount="1"/>
        <line num="231" count="0" type="stmt"/>
        <line num="232" count="0" type="stmt"/>
        <line num="236" count="4" type="stmt"/>
        <line num="238" count="4" type="cond" truecount="1" falsecount="1"/>
        <line num="239" count="4" type="stmt"/>
        <line num="250" count="1" type="stmt"/>
        <line num="258" count="5" type="cond" truecount="1" falsecount="1"/>
        <line num="260" count="5" type="cond" truecount="2" falsecount="0"/>
        <line num="261" count="1" type="stmt"/>
        <line num="264" count="4" type="cond" truecount="2" falsecount="0"/>
        <line num="265" count="1" type="stmt"/>
        <line num="268" count="3" type="stmt"/>
        <line num="269" count="3" type="cond" truecount="4" falsecount="0"/>
        <line num="271" count="1" type="stmt"/>
        <line num="273" count="2" type="stmt"/>
        <line num="277" count="2" type="stmt"/>
        <line num="286" count="5" type="stmt"/>
        <line num="288" count="5" type="stmt"/>
        <line num="289" count="0" type="stmt"/>
        <line num="292" count="2" type="cond" truecount="1" falsecount="1"/>
        <line num="293" count="2" type="stmt"/>
        <line num="294" count="2" type="cond" truecount="1" falsecount="1"/>
        <line num="296" count="2" type="cond" truecount="1" falsecount="1"/>
        <line num="297" count="0" type="stmt"/>
        <line num="300" count="2" type="cond" truecount="2" falsecount="0"/>
        <line num="301" count="1" type="stmt"/>
        <line num="304" count="1" type="stmt"/>
        <line num="306" count="1" type="stmt"/>
        <line num="307" count="1" type="cond" truecount="2" falsecount="0"/>
        <line num="309" count="1" type="stmt"/>
        <line num="312" count="0" type="stmt"/>
        <line num="315" count="1" type="stmt"/>
        <line num="322" count="1" type="cond" truecount="1" falsecount="1"/>
        <line num="324" count="1" type="stmt"/>
        <line num="336" count="1" type="stmt"/>
        <line num="344" count="2" type="cond" truecount="2" falsecount="0"/>
        <line num="345" count="1" type="stmt"/>
        <line num="347" count="1" type="stmt"/>
        <line num="348" count="2" type="cond" truecount="1" falsecount="1"/>
        <line num="349" count="2" type="stmt"/>
        <line num="351" count="0" type="stmt"/>
        <line num="353" count="2" type="stmt"/>
        <line num="362" count="2" type="cond" truecount="1" falsecount="1"/>
        <line num="363" count="2" type="cond" truecount="1" falsecount="1"/>
        <line num="365" count="2" type="stmt"/>
        <line num="366" count="2" type="stmt"/>
        <line num="367" count="1" type="stmt"/>
        <line num="368" count="1" type="cond" truecount="1" falsecount="1"/>
        <line num="369" count="0" type="stmt"/>
        <line num="370" count="0" type="stmt"/>
        <line num="374" count="1" type="cond" truecount="1" falsecount="1"/>
        <line num="377" count="1" type="stmt"/>
        <line num="378" count="1" type="stmt"/>
        <line num="379" count="1" type="stmt"/>
        <line num="380" count="1" type="cond" truecount="1" falsecount="1"/>
        <line num="381" count="0" type="stmt"/>
        <line num="382" count="0" type="stmt"/>
        <line num="386" count="1" type="stmt"/>
        <line num="388" count="1" type="cond" truecount="1" falsecount="1"/>
        <line num="389" count="1" type="stmt"/>
        <line num="400" count="0" type="stmt"/>
        <line num="408" count="3" type="cond" truecount="1" falsecount="1"/>
        <line num="410" count="3" type="cond" truecount="2" falsecount="0"/>
        <line num="411" count="1" type="stmt"/>
        <line num="414" count="2" type="cond" truecount="2" falsecount="0"/>
        <line num="415" count="1" type="stmt"/>
        <line num="418" count="1" type="stmt"/>
        <line num="419" count="1" type="cond" truecount="2" falsecount="2"/>
        <line num="421" count="1" type="stmt"/>
        <line num="425" count="0" type="stmt"/>
        <line num="426" count="0" type="stmt"/>
        <line num="430" count="1" type="stmt"/>
        <line num="439" count="3" type="cond" truecount="1" falsecount="1"/>
        <line num="441" count="3" type="stmt"/>
        <line num="442" count="0" type="stmt"/>
        <line num="445" count="1" type="stmt"/>
        <line num="447" count="1" type="cond" truecount="1" falsecount="1"/>
        <line num="448" count="0" type="stmt"/>
        <line num="451" count="1" type="stmt"/>
        <line num="452" count="1" type="stmt"/>
        <line num="454" count="1" type="stmt"/>
        <line num="455" count="1" type="cond" truecount="1" falsecount="1"/>
        <line num="457" count="1" type="stmt"/>
        <line num="458" count="1" type="stmt"/>
        <line num="459" count="1" type="stmt"/>
        <line num="460" count="2" type="cond" truecount="1" falsecount="1"/>
        <line num="461" count="2" type="stmt"/>
        <line num="462" count="2" type="stmt"/>
        <line num="465" count="1" type="stmt"/>
        <line num="468" count="1" type="cond" truecount="1" falsecount="1"/>
        <line num="470" count="1" type="stmt"/>
        <line num="471" count="1" type="stmt"/>
        <line num="472" count="1" type="stmt"/>
        <line num="473" count="1" type="cond" truecount="1" falsecount="1"/>
        <line num="475" count="0" type="cond" truecount="0" falsecount="2"/>
        <line num="476" count="0" type="stmt"/>
        <line num="480" count="1" type="stmt"/>
        <line num="491" count="0" type="stmt"/>
        <line num="499" count="2" type="cond" truecount="1" falsecount="1"/>
        <line num="501" count="2" type="cond" truecount="1" falsecount="1"/>
        <line num="502" count="0" type="stmt"/>
        <line num="505" count="2" type="cond" truecount="1" falsecount="1"/>
        <line num="506" count="0" type="stmt"/>
        <line num="509" count="2" type="stmt"/>
        <line num="510" count="2" type="cond" truecount="3" falsecount="1"/>
        <line num="512" count="0" type="stmt"/>
        <line num="514" count="2" type="stmt"/>
        <line num="515" count="2" type="stmt"/>
        <line num="519" count="2" type="stmt"/>
        <line num="528" count="2" type="cond" truecount="1" falsecount="1"/>
        <line num="530" count="2" type="stmt"/>
        <line num="531" count="0" type="stmt"/>
        <line num="534" count="2" type="cond" truecount="1" falsecount="1"/>
        <line num="535" count="2" type="stmt"/>
        <line num="537" count="2" type="cond" truecount="1" falsecount="1"/>
        <line num="538" count="0" type="stmt"/>
        <line num="541" count="2" type="stmt"/>
        <line num="543" count="2" type="stmt"/>
        <line num="544" count="2" type="cond" truecount="2" falsecount="0"/>
        <line num="546" count="2" type="stmt"/>
        <line num="549" count="2" type="stmt"/>
        <line num="552" count="2" type="stmt"/>
        <line num="561" count="2" type="cond" truecount="1" falsecount="1"/>
        <line num="563" count="2" type="stmt"/>
        <line num="570" count="1" type="cond" truecount="1" falsecount="1"/>
        <line num="572" count="1" type="stmt"/>
        <line num="574" count="1" type="stmt"/>
        <line num="576" count="1" type="cond" truecount="1" falsecount="1"/>
        <line num="600" count="1" type="stmt"/>
        <line num="601" count="1" type="stmt"/>
        <line num="602" count="1" type="cond" truecount="1" falsecount="1"/>
        <line num="605" count="1" type="cond" truecount="1" falsecount="1"/>
        <line num="606" count="1" type="stmt"/>
      </file>
      <file name="DynamoDbClient.ts" path="C:\Users\TechHuddle\Documents\aarts-all\packages\aarts-dynamodb\DynamoDbClient.ts">
        <metrics statements="39" coveredstatements="38" conditionals="26" coveredconditionals="23" methods="21" coveredmethods="21"/>
        <line num="1" count="18" type="stmt"/>
        <line num="5" count="18" type="stmt"/>
        <line num="7" count="18" type="stmt"/>
        <line num="15" count="18" type="cond" truecount="1" falsecount="1"/>
        <line num="17" count="18" type="stmt"/>
        <line num="19" count="18" type="stmt"/>
        <line num="22" count="18" type="stmt"/>
        <line num="23" count="2250" type="stmt"/>
        <line num="24" count="29579" type="stmt"/>
        <line num="27" count="28907" type="stmt"/>
        <line num="34" count="1386" type="stmt"/>
        <line num="35" count="18" type="stmt"/>
        <line num="37" count="163" type="stmt"/>
        <line num="39" count="687" type="stmt"/>
        <line num="41" count="666" type="stmt"/>
        <line num="51" count="18" type="stmt"/>
        <line num="52" count="11" type="stmt"/>
        <line num="54" count="42" type="cond" truecount="5" falsecount="0"/>
        <line num="57" count="18" type="stmt"/>
        <line num="64" count="20" type="stmt"/>
        <line num="69" count="2256" type="cond" truecount="2" falsecount="0"/>
        <line num="74" count="18" type="stmt"/>
        <line num="76" count="11" type="stmt"/>
        <line num="80" count="11" type="stmt"/>
        <line num="83" count="44" type="cond" truecount="1" falsecount="1"/>
        <line num="85" count="111" type="stmt"/>
        <line num="89" count="111" type="stmt"/>
        <line num="92" count="18" type="stmt"/>
        <line num="95" count="1356" type="stmt"/>
        <line num="97" count="1356" type="stmt"/>
        <line num="98" count="4" type="stmt"/>
        <line num="101" count="1356" type="stmt"/>
        <line num="102" count="4" type="stmt"/>
        <line num="103" count="4" type="stmt"/>
        <line num="106" count="0" type="stmt"/>
        <line num="110" count="1356" type="stmt"/>
        <line num="111" count="1356" type="stmt"/>
        <line num="113" count="4" type="stmt"/>
        <line num="114" count="18" type="cond" truecount="5" falsecount="0"/>
      </file>
      <file name="dynamodb-batchGetItem.ts" path="C:\Users\TechHuddle\Documents\aarts-all\packages\aarts-dynamodb\dynamodb-batchGetItem.ts">
        <metrics statements="10" coveredstatements="9" conditionals="4" coveredconditionals="2" methods="4" coveredmethods="4"/>
        <line num="6" count="18" type="stmt"/>
        <line num="9" count="18" type="stmt"/>
        <line num="10" count="6" type="stmt"/>
        <line num="12" count="11" type="stmt"/>
        <line num="14" count="6" type="stmt"/>
        <line num="24" count="6" type="stmt"/>
        <line num="25" count="6" type="cond" truecount="1" falsecount="1"/>
        <line num="26" count="0" type="stmt"/>
        <line num="28" count="6" type="cond" truecount="1" falsecount="1"/>
        <line num="31" count="6" type="stmt"/>
      </file>
      <file name="dynamodb-queryItems.ts" path="C:\Users\TechHuddle\Documents\aarts-all\packages\aarts-dynamodb\dynamodb-queryItems.ts">
        <metrics statements="45" coveredstatements="42" conditionals="40" coveredconditionals="28" methods="7" coveredmethods="7"/>
        <line num="6" count="18" type="stmt"/>
        <line num="11" count="18" type="stmt"/>
        <line num="12" count="20" type="stmt"/>
        <line num="14" count="20" type="stmt"/>
        <line num="18" count="20" type="stmt"/>
        <line num="20" count="20" type="cond" truecount="2" falsecount="0"/>
        <line num="21" count="20" type="cond" truecount="2" falsecount="0"/>
        <line num="22" count="2" type="stmt"/>
        <line num="23" count="2" type="stmt"/>
        <line num="26" count="20" type="stmt"/>
        <line num="29" count="20" type="stmt"/>
        <line num="30" count="20" type="cond" truecount="2" falsecount="0"/>
        <line num="32" count="14" type="stmt"/>
        <line num="34" count="14" type="cond" truecount="2" falsecount="0"/>
        <line num="35" count="3" type="cond" truecount="2" falsecount="2"/>
        <line num="36" count="0" type="stmt"/>
        <line num="38" count="3" type="stmt"/>
        <line num="39" count="3" type="stmt"/>
        <line num="40" count="3" type="stmt"/>
        <line num="44" count="11" type="cond" truecount="2" falsecount="0"/>
        <line num="45" count="1" type="stmt"/>
        <line num="47" count="10" type="stmt"/>
        <line num="50" count="11" type="stmt"/>
        <line num="55" count="20" type="cond" truecount="2" falsecount="0"/>
        <line num="56" count="2" type="stmt"/>
        <line num="59" count="2" type="stmt"/>
        <line num="60" count="2" type="stmt"/>
        <line num="63" count="2" type="stmt"/>
        <line num="65" count="2" type="stmt"/>
        <line num="66" count="2" type="stmt"/>
        <line num="70" count="20" type="cond" truecount="1" falsecount="1"/>
        <line num="71" count="20" type="cond" truecount="1" falsecount="1"/>
        <line num="72" count="20" type="cond" truecount="1" falsecount="1"/>
        <line num="73" count="20" type="cond" truecount="1" falsecount="1"/>
        <line num="74" count="20" type="cond" truecount="1" falsecount="1"/>
        <line num="75" count="20" type="cond" truecount="1" falsecount="1"/>
        <line num="76" count="20" type="cond" truecount="1" falsecount="1"/>
        <line num="77" count="20" type="cond" truecount="1" falsecount="1"/>
        <line num="79" count="20" type="stmt"/>
        <line num="92" count="20" type="stmt"/>
        <line num="93" count="20" type="cond" truecount="1" falsecount="1"/>
        <line num="94" count="0" type="stmt"/>
        <line num="95" count="0" type="stmt"/>
        <line num="98" count="20" type="cond" truecount="1" falsecount="1"/>
        <line num="100" count="20" type="stmt"/>
      </file>
      <file name="dynamodb-transactDeleteItem.ts" path="C:\Users\TechHuddle\Documents\aarts-all\packages\aarts-dynamodb\dynamodb-transactDeleteItem.ts">
        <metrics statements="37" coveredstatements="37" conditionals="37" coveredconditionals="28" methods="11" coveredmethods="9"/>
        <line num="7" count="18" type="stmt"/>
        <line num="8" count="18" type="stmt"/>
        <line num="12" count="18" type="stmt"/>
        <line num="13" count="2" type="stmt"/>
        <line num="15" count="2" type="stmt"/>
        <line num="17" count="2" type="stmt"/>
        <line num="20" count="2" type="stmt"/>
        <line num="21" count="2" type="stmt"/>
        <line num="25" count="2" type="cond" truecount="1" falsecount="1"/>
        <line num="26" count="2" type="cond" truecount="1" falsecount="1"/>
        <line num="27" count="2" type="cond" truecount="1" falsecount="1"/>
        <line num="28" count="2" type="cond" truecount="1" falsecount="1"/>
        <line num="29" count="2" type="cond" truecount="1" falsecount="1"/>
        <line num="30" count="2" type="cond" truecount="1" falsecount="1"/>
        <line num="31" count="2" type="cond" truecount="1" falsecount="1"/>
        <line num="34" count="2" type="stmt"/>
        <line num="35" count="15" type="cond" truecount="2" falsecount="0"/>
        <line num="36" count="2" type="stmt"/>
        <line num="38" count="2" type="stmt"/>
        <line num="70" count="15" type="cond" truecount="4" falsecount="0"/>
        <line num="71" count="11" type="stmt"/>
        <line num="73" count="15" type="stmt"/>
        <line num="78" count="15" type="cond" truecount="4" falsecount="0"/>
        <line num="79" count="11" type="stmt"/>
        <line num="81" count="15" type="stmt"/>
        <line num="88" count="2" type="stmt"/>
        <line num="89" count="98" type="cond" truecount="4" falsecount="0"/>
        <line num="90" count="3" type="stmt"/>
        <line num="98" count="98" type="cond" truecount="5" falsecount="0"/>
        <line num="99" count="1" type="stmt"/>
        <line num="107" count="15" type="stmt"/>
        <line num="113" count="2" type="cond" truecount="1" falsecount="1"/>
        <line num="114" count="2" type="stmt"/>
        <line num="130" count="2" type="stmt"/>
        <line num="137" count="2" type="stmt"/>
        <line num="138" count="2" type="cond" truecount="1" falsecount="1"/>
        <line num="139" count="2" type="stmt"/>
      </file>
      <file name="dynamodb-transactPutItem.ts" path="C:\Users\TechHuddle\Documents\aarts-all\packages\aarts-dynamodb\dynamodb-transactPutItem.ts">
        <metrics statements="19" coveredstatements="19" conditionals="17" coveredconditionals="14" methods="5" coveredmethods="5"/>
        <line num="6" count="18" type="stmt"/>
        <line num="7" count="18" type="stmt"/>
        <line num="10" count="18" type="stmt"/>
        <line num="11" count="1345" type="cond" truecount="1" falsecount="1"/>
        <line num="13" count="1345" type="stmt"/>
        <line num="15" count="1345" type="stmt"/>
        <line num="27" count="1345" type="stmt"/>
        <line num="28" count="19451" type="cond" truecount="5" falsecount="0"/>
        <line num="29" count="666" type="stmt"/>
        <line num="37" count="19451" type="cond" truecount="6" falsecount="0"/>
        <line num="38" count="155" type="stmt"/>
        <line num="39" count="155" type="stmt"/>
        <line num="50" count="19451" type="stmt"/>
        <line num="55" count="1345" type="cond" truecount="1" falsecount="1"/>
        <line num="56" count="1345" type="stmt"/>
        <line num="71" count="1345" type="stmt"/>
        <line num="79" count="1345" type="stmt"/>
        <line num="80" count="1343" type="cond" truecount="1" falsecount="1"/>
        <line num="81" count="1343" type="stmt"/>
      </file>
      <file name="dynamodb-transactUpdateItem.ts" path="C:\Users\TechHuddle\Documents\aarts-all\packages\aarts-dynamodb\dynamodb-transactUpdateItem.ts">
        <metrics statements="61" coveredstatements="60" conditionals="65" coveredconditionals="46" methods="17" coveredmethods="17"/>
        <line num="7" count="18" type="stmt"/>
        <line num="8" count="18" type="stmt"/>
        <line num="12" count="18" type="stmt"/>
        <line num="13" count="9" type="stmt"/>
        <line num="15" count="9" type="stmt"/>
        <line num="18" count="9" type="stmt"/>
        <line num="19" count="9" type="stmt"/>
        <line num="21" count="9" type="cond" truecount="2" falsecount="2"/>
        <line num="23" count="0" type="stmt"/>
        <line num="25" count="18" type="stmt"/>
        <line num="26" count="18" type="stmt"/>
        <line num="29" count="9" type="cond" truecount="1" falsecount="1"/>
        <line num="30" count="9" type="cond" truecount="1" falsecount="1"/>
        <line num="31" count="9" type="cond" truecount="1" falsecount="1"/>
        <line num="32" count="9" type="cond" truecount="1" falsecount="1"/>
        <line num="33" count="9" type="cond" truecount="1" falsecount="1"/>
        <line num="34" count="9" type="cond" truecount="1" falsecount="1"/>
        <line num="35" count="9" type="cond" truecount="1" falsecount="1"/>
        <line num="36" count="9" type="cond" truecount="1" falsecount="1"/>
        <line num="37" count="9" type="cond" truecount="1" falsecount="1"/>
        <line num="41" count="9" type="stmt"/>
        <line num="44" count="18" type="cond" truecount="2" falsecount="0"/>
        <line num="45" count="18" type="stmt"/>
        <line num="48" count="18" type="stmt"/>
        <line num="49" count="18" type="stmt"/>
        <line num="52" count="9" type="stmt"/>
        <line num="54" count="18" type="stmt"/>
        <line num="55" count="18" type="stmt"/>
        <line num="57" count="9" type="stmt"/>
        <line num="93" count="18" type="cond" truecount="1" falsecount="1"/>
        <line num="94" count="18" type="stmt"/>
        <line num="96" count="18" type="stmt"/>
        <line num="101" count="18" type="cond" truecount="1" falsecount="1"/>
        <line num="102" count="18" type="stmt"/>
        <line num="104" count="18" type="stmt"/>
        <line num="112" count="9" type="stmt"/>
        <line num="114" count="410" type="cond" truecount="2" falsecount="0"/>
        <line num="115" count="66" type="cond" truecount="2" falsecount="0"/>
        <line num="116" count="66" type="cond" truecount="5" falsecount="0"/>
        <line num="117" count="8" type="cond" truecount="1" falsecount="1"/>
        <line num="118" count="8" type="cond" truecount="2" falsecount="0"/>
        <line num="119" count="8" type="cond" truecount="5" falsecount="1"/>
        <line num="121" count="8" type="stmt"/>
        <line num="141" count="66" type="cond" truecount="2" falsecount="0"/>
        <line num="142" count="4" type="cond" truecount="1" falsecount="1"/>
        <line num="143" count="4" type="stmt"/>
        <line num="151" count="4" type="cond" truecount="1" falsecount="1"/>
        <line num="152" count="4" type="stmt"/>
        <line num="163" count="66" type="stmt"/>
        <line num="166" count="410" type="cond" truecount="6" falsecount="0"/>
        <line num="167" count="2" type="cond" truecount="1" falsecount="1"/>
        <line num="168" count="2" type="stmt"/>
        <line num="176" count="66" type="stmt"/>
        <line num="179" count="9" type="stmt"/>
        <line num="186" count="9" type="stmt"/>
        <line num="187" count="9" type="stmt"/>
        <line num="188" count="7" type="cond" truecount="1" falsecount="1"/>
        <line num="190" count="7" type="stmt"/>
        <line num="191" count="23" type="stmt"/>
        <line num="193" count="2" type="stmt"/>
        <line num="194" count="2" type="stmt"/>
      </file>
    </package>
    <package name="aarts-dynamodb.__specs__">
      <metrics statements="53" coveredstatements="53" conditionals="10" coveredconditionals="8" methods="21" coveredmethods="15"/>
      <file name="testutils.ts" path="C:\Users\TechHuddle\Documents\aarts-all\packages\aarts-dynamodb\__specs__\testutils.ts">
        <metrics statements="53" coveredstatements="53" conditionals="10" coveredconditionals="8" methods="21" coveredmethods="15"/>
        <line num="2" count="18" type="stmt"/>
        <line num="3" count="18" type="stmt"/>
        <line num="6" count="18" type="stmt"/>
        <line num="10" count="18" type="stmt"/>
        <line num="11" count="18" type="stmt"/>
        <line num="18" count="18" type="stmt"/>
        <line num="21" count="18" type="stmt"/>
        <line num="24" count="35" type="stmt"/>
        <line num="26" count="35" type="stmt"/>
        <line num="27" count="35" type="stmt"/>
        <line num="28" count="35" type="stmt"/>
        <line num="29" count="35" type="stmt"/>
        <line num="32" count="18" type="stmt"/>
        <line num="33" count="10" type="stmt"/>
        <line num="34" count="10" type="stmt"/>
        <line num="35" count="10" type="stmt"/>
        <line num="37" count="18" type="stmt"/>
        <line num="38" count="10" type="stmt"/>
        <line num="39" count="10" type="stmt"/>
        <line num="41" count="18" type="stmt"/>
        <line num="42" count="2" type="stmt"/>
        <line num="43" count="2" type="stmt"/>
        <line num="45" count="18" type="stmt"/>
        <line num="46" count="3" type="stmt"/>
        <line num="47" count="3" type="stmt"/>
        <line num="50" count="18" type="stmt"/>
        <line num="51" count="18" type="stmt"/>
        <line num="53" count="18" type="stmt"/>
        <line num="55" count="19" type="stmt"/>
        <line num="56" count="19" type="stmt"/>
        <line num="57" count="19" type="cond" truecount="2" falsecount="0"/>
        <line num="58" count="19" type="cond" truecount="1" falsecount="1"/>
        <line num="59" count="19" type="stmt"/>
        <line num="60" count="100" type="stmt"/>
        <line num="63" count="2180" type="stmt"/>
        <line num="68" count="2180" type="stmt"/>
        <line num="75" count="19" type="stmt"/>
        <line num="80" count="18" type="stmt"/>
        <line num="87" count="18" type="stmt"/>
        <line num="95" count="18" type="stmt"/>
        <line num="96" count="18" type="stmt"/>
        <line num="100" count="18" type="stmt"/>
        <line num="108" count="2" type="stmt"/>
        <line num="112" count="2" type="stmt"/>
        <line num="113" count="2" type="stmt"/>
        <line num="115" count="2" type="stmt"/>
        <line num="116" count="2" type="stmt"/>
        <line num="118" count="4" type="stmt"/>
        <line num="119" count="4" type="stmt"/>
        <line num="121" count="2" type="stmt"/>
        <line num="123" count="2" type="cond" truecount="2" falsecount="0"/>
        <line num="124" count="1" type="stmt"/>
        <line num="127" count="1" type="stmt"/>
      </file>
    </package>
    <package name="aarts-dynamodb.__specs__.testmodel">
      <metrics statements="192" coveredstatements="167" conditionals="18" coveredconditionals="5" methods="16" coveredmethods="14"/>
      <file name="Airplane.ts" path="C:\Users\TechHuddle\Documents\aarts-all\packages\aarts-dynamodb\__specs__\testmodel\Airplane.ts">
        <metrics statements="25" coveredstatements="18" conditionals="10" coveredconditionals="5" methods="5" coveredmethods="5"/>
        <line num="1" count="18" type="stmt"/>
        <line num="2" count="18" type="stmt"/>
        <line num="5" count="18" type="stmt"/>
        <line num="7" count="18" type="stmt"/>
        <line num="8" count="9" type="stmt"/>
        <line num="11" count="18" type="stmt"/>
        <line num="12" count="6" type="stmt"/>
        <line num="15" count="18" type="stmt"/>
        <line num="39" count="18" type="stmt"/>
        <line num="41" count="1" type="stmt"/>
        <line num="43" count="1" type="stmt"/>
        <line num="45" count="1" type="cond" truecount="2" falsecount="2"/>
        <line num="46" count="0" type="stmt"/>
        <line num="47" count="0" type="stmt"/>
        <line num="49" count="1" type="cond" truecount="2" falsecount="2"/>
        <line num="50" count="0" type="stmt"/>
        <line num="51" count="0" type="stmt"/>
        <line num="54" count="1" type="cond" truecount="1" falsecount="1"/>
        <line num="55" count="0" type="stmt"/>
        <line num="56" count="0" type="stmt"/>
        <line num="57" count="0" type="stmt"/>
        <line num="59" count="1" type="stmt"/>
        <line num="60" count="1" type="stmt"/>
        <line num="65" count="2" type="stmt"/>
        <line num="66" count="2" type="stmt"/>
      </file>
      <file name="Airport.ts" path="C:\Users\TechHuddle\Documents\aarts-all\packages\aarts-dynamodb\__specs__\testmodel\Airport.ts">
        <metrics statements="19" coveredstatements="4" conditionals="8" coveredconditionals="0" methods="3" coveredmethods="1"/>
        <line num="1" count="18" type="stmt"/>
        <line num="5" count="18" type="stmt"/>
        <line num="20" count="35" type="stmt"/>
        <line num="28" count="18" type="stmt"/>
        <line num="30" count="0" type="stmt"/>
        <line num="32" count="0" type="cond" truecount="0" falsecount="2"/>
        <line num="33" count="0" type="stmt"/>
        <line num="34" count="0" type="stmt"/>
        <line num="36" count="0" type="cond" truecount="0" falsecount="2"/>
        <line num="37" count="0" type="stmt"/>
        <line num="38" count="0" type="stmt"/>
        <line num="40" count="0" type="cond" truecount="0" falsecount="2"/>
        <line num="41" count="0" type="stmt"/>
        <line num="42" count="0" type="stmt"/>
        <line num="45" count="0" type="cond" truecount="0" falsecount="2"/>
        <line num="46" count="0" type="stmt"/>
        <line num="47" count="0" type="stmt"/>
        <line num="49" count="0" type="stmt"/>
        <line num="54" count="0" type="stmt"/>
      </file>
      <file name="Country.ts" path="C:\Users\TechHuddle\Documents\aarts-all\packages\aarts-dynamodb\__specs__\testmodel\Country.ts">
        <metrics statements="4" coveredstatements="4" conditionals="0" coveredconditionals="0" methods="1" coveredmethods="1"/>
        <line num="2" count="18" type="stmt"/>
        <line num="16" count="21" type="stmt"/>
        <line num="17" count="21" type="stmt"/>
        <line num="18" count="21" type="stmt"/>
      </file>
      <file name="DataImporter.ts" path="C:\Users\TechHuddle\Documents\aarts-all\packages\aarts-dynamodb\__specs__\testmodel\DataImporter.ts">
        <metrics statements="10" coveredstatements="7" conditionals="0" coveredconditionals="0" methods="2" coveredmethods="2"/>
        <line num="1" count="18" type="stmt"/>
        <line num="4" count="18" type="stmt"/>
        <line num="19" count="1" type="stmt"/>
        <line num="21" count="1" type="stmt"/>
        <line num="22" count="1" type="stmt"/>
        <line num="24" count="0" type="stmt"/>
        <line num="25" count="0" type="stmt"/>
        <line num="26" count="0" type="stmt"/>
        <line num="29" count="1" type="stmt"/>
        <line num="31" count="1" type="stmt"/>
      </file>
      <file name="Flight.ts" path="C:\Users\TechHuddle\Documents\aarts-all\packages\aarts-dynamodb\__specs__\testmodel\Flight.ts">
        <metrics statements="1" coveredstatements="1" conditionals="0" coveredconditionals="0" methods="1" coveredmethods="1"/>
        <line num="2" count="18" type="stmt"/>
      </file>
      <file name="Nomenclature.ts" path="C:\Users\TechHuddle\Documents\aarts-all\packages\aarts-dynamodb\__specs__\testmodel\Nomenclature.ts">
        <metrics statements="2" coveredstatements="2" conditionals="0" coveredconditionals="0" methods="1" coveredmethods="1"/>
        <line num="1" count="18" type="stmt"/>
        <line num="15" count="15" type="stmt"/>
      </file>
      <file name="Tourist.ts" path="C:\Users\TechHuddle\Documents\aarts-all\packages\aarts-dynamodb\__specs__\testmodel\Tourist.ts">
        <metrics statements="10" coveredstatements="10" conditionals="0" coveredconditionals="0" methods="1" coveredmethods="1"/>
        <line num="1" count="18" type="stmt"/>
        <line num="15" count="1176" type="stmt"/>
        <line num="16" count="1176" type="stmt"/>
        <line num="17" count="1176" type="stmt"/>
        <line num="18" count="1176" type="stmt"/>
        <line num="19" count="1176" type="stmt"/>
        <line num="20" count="1176" type="stmt"/>
        <line num="21" count="1176" type="stmt"/>
        <line num="22" count="1176" type="stmt"/>
        <line num="23" count="1176" type="stmt"/>
      </file>
      <file name="_DynamoItems.ts" path="C:\Users\TechHuddle\Documents\aarts-all\packages\aarts-dynamodb\__specs__\testmodel\_DynamoItems.ts">
        <metrics statements="15" coveredstatements="15" conditionals="0" coveredconditionals="0" methods="0" coveredmethods="0"/>
        <line num="1" count="18" type="stmt"/>
        <line num="2" count="18" type="stmt"/>
        <line num="3" count="18" type="stmt"/>
        <line num="4" count="18" type="stmt"/>
        <line num="5" count="18" type="stmt"/>
        <line num="6" count="18" type="stmt"/>
        <line num="7" count="18" type="stmt"/>
        <line num="9" count="18" type="stmt"/>
        <line num="19" count="18" type="stmt"/>
        <line num="32" count="18" type="stmt"/>
        <line num="40" count="18" type="stmt"/>
        <line num="49" count="18" type="stmt"/>
        <line num="55" count="18" type="stmt"/>
        <line num="60" count="18" type="stmt"/>
        <line num="66" count="18" type="stmt"/>
      </file>
      <file name="itemManagersMap.ts" path="C:\Users\TechHuddle\Documents\aarts-all\packages\aarts-dynamodb\__specs__\testmodel\itemManagersMap.ts">
        <metrics statements="15" coveredstatements="15" conditionals="0" coveredconditionals="0" methods="1" coveredmethods="1"/>
        <line num="1" count="6" type="stmt"/>
        <line num="2" count="6" type="stmt"/>
        <line num="3" count="6" type="stmt"/>
        <line num="8" count="6" type="stmt"/>
        <line num="19" count="6" type="stmt"/>
        <line num="20" count="6" type="stmt"/>
        <line num="21" count="6" type="stmt"/>
        <line num="22" count="6" type="stmt"/>
        <line num="23" count="6" type="stmt"/>
        <line num="24" count="6" type="stmt"/>
        <line num="25" count="6" type="stmt"/>
        <line num="26" count="6" type="stmt"/>
        <line num="27" count="6" type="stmt"/>
        <line num="30" count="6" type="stmt"/>
        <line num="43" count="6" type="stmt"/>
      </file>
      <file name="testDataSeeder.ts" path="C:\Users\TechHuddle\Documents\aarts-all\packages\aarts-dynamodb\__specs__\testmodel\testDataSeeder.ts">
        <metrics statements="91" coveredstatements="91" conditionals="0" coveredconditionals="0" methods="1" coveredmethods="1"/>
        <line num="1" count="18" type="stmt"/>
        <line num="2" count="18" type="stmt"/>
        <line num="4" count="18" type="stmt"/>
        <line num="6" count="3" type="stmt"/>
        <line num="7" count="3" type="stmt"/>
        <line num="8" count="3" type="stmt"/>
        <line num="9" count="3" type="stmt"/>
        <line num="10" count="3" type="stmt"/>
        <line num="11" count="3" type="stmt"/>
        <line num="12" count="3" type="stmt"/>
        <line num="14" count="3" type="stmt"/>
        <line num="15" count="3" type="stmt"/>
        <line num="16" count="3" type="stmt"/>
        <line num="17" count="3" type="stmt"/>
        <line num="18" count="3" type="stmt"/>
        <line num="19" count="3" type="stmt"/>
        <line num="20" count="3" type="stmt"/>
        <line num="21" count="3" type="stmt"/>
        <line num="22" count="3" type="stmt"/>
        <line num="23" count="3" type="stmt"/>
        <line num="26" count="3" type="stmt"/>
        <line num="27" count="3" type="stmt"/>
        <line num="29" count="3" type="stmt"/>
        <line num="30" count="3" type="stmt"/>
        <line num="31" count="3" type="stmt"/>
        <line num="33" count="3" type="stmt"/>
        <line num="34" count="3" type="stmt"/>
        <line num="35" count="3" type="stmt"/>
        <line num="36" count="3" type="stmt"/>
        <line num="37" count="3" type="stmt"/>
        <line num="40" count="3" type="stmt"/>
        <line num="41" count="3" type="stmt"/>
        <line num="42" count="3" type="stmt"/>
        <line num="44" count="3" type="stmt"/>
        <line num="45" count="3" type="stmt"/>
        <line num="46" count="3" type="stmt"/>
        <line num="47" count="3" type="stmt"/>
        <line num="49" count="3" type="stmt"/>
        <line num="50" count="3" type="stmt"/>
        <line num="51" count="3" type="stmt"/>
        <line num="53" count="3" type="stmt"/>
        <line num="54" count="3" type="stmt"/>
        <line num="55" count="3" type="stmt"/>
        <line num="57" count="3" type="stmt"/>
        <line num="58" count="3" type="stmt"/>
        <line num="60" count="3" type="stmt"/>
        <line num="61" count="3" type="stmt"/>
        <line num="62" count="3" type="stmt"/>
        <line num="64" count="3" type="stmt"/>
        <line num="65" count="3" type="stmt"/>
        <line num="69" count="3" type="stmt"/>
        <line num="70" count="6" type="stmt"/>
        <line num="73" count="3" type="stmt"/>
        <line num="74" count="90" type="stmt"/>
        <line num="77" count="3" type="stmt"/>
        <line num="78" count="120" type="stmt"/>
        <line num="81" count="3" type="stmt"/>
        <line num="82" count="150" type="stmt"/>
        <line num="85" count="3" type="stmt"/>
        <line num="86" count="30" type="stmt"/>
        <line num="89" count="3" type="stmt"/>
        <line num="90" count="45" type="stmt"/>
        <line num="93" count="3" type="stmt"/>
        <line num="94" count="60" type="stmt"/>
        <line num="97" count="3" type="stmt"/>
        <line num="98" count="120" type="stmt"/>
        <line num="101" count="3" type="stmt"/>
        <line num="102" count="90" type="stmt"/>
        <line num="105" count="3" type="stmt"/>
        <line num="106" count="60" type="stmt"/>
        <line num="109" count="3" type="stmt"/>
        <line num="110" count="3" type="stmt"/>
        <line num="113" count="3" type="stmt"/>
        <line num="114" count="15" type="stmt"/>
        <line num="117" count="3" type="stmt"/>
        <line num="118" count="27" type="stmt"/>
        <line num="121" count="3" type="stmt"/>
        <line num="122" count="12" type="stmt"/>
        <line num="125" count="3" type="stmt"/>
        <line num="126" count="21" type="stmt"/>
        <line num="129" count="3" type="stmt"/>
        <line num="130" count="33" type="stmt"/>
        <line num="133" count="3" type="stmt"/>
        <line num="134" count="198" type="stmt"/>
        <line num="137" count="3" type="stmt"/>
        <line num="138" count="6" type="stmt"/>
        <line num="142" count="3" type="stmt"/>
        <line num="143" count="30" type="stmt"/>
        <line num="146" count="3" type="stmt"/>
        <line num="147" count="60" type="stmt"/>
        <line num="150" count="3" type="stmt"/>
      </file>
    </package>
  </project>
</coverage>
