{"C:\\Users\\TechHuddle\\Documents\\aarts-all\\packages\\aarts-dynamodb\\BaseItemManager.ts": {"path":"C:\\Users\\TechHuddle\\Documents\\aarts-all\\packages\\aarts-dynamodb\\BaseItemManager.ts","statementMap":{"0":{"start":{"line":1,"column":0},"end":{"line":1,"column":49}},"1":{"start":{"line":2,"column":0},"end":{"line":2,"column":55}},"2":{"start":{"line":3,"column":0},"end":{"line":3,"column":67}},"3":{"start":{"line":4,"column":0},"end":{"line":4,"column":61}},"4":{"start":{"line":5,"column":0},"end":{"line":5,"column":51}},"5":{"start":{"line":6,"column":0},"end":{"line":6,"column":67}},"6":{"start":{"line":8,"column":0},"end":{"line":8,"column":48}},"7":{"start":{"line":90,"column":13},"end":{"line":128,"column":null}},"8":{"start":{"line":95,"column":16},"end":{"line":95,"column":null}},"9":{"start":{"line":107,"column":19},"end":{"line":107,"column":null}},"10":{"start":{"line":108,"column":19},"end":{"line":108,"column":null}},"11":{"start":{"line":115,"column":19},"end":{"line":115,"column":null}},"12":{"start":{"line":118,"column":19},"end":{"line":118,"column":null}},"13":{"start":{"line":123,"column":19},"end":{"line":123,"column":null}},"14":{"start":{"line":124,"column":19},"end":{"line":124,"column":null}},"15":{"start":{"line":96,"column":16},"end":{"line":101,"column":null}},"16":{"start":{"line":97,"column":20},"end":{"line":99,"column":null}},"17":{"start":{"line":98,"column":24},"end":{"line":98,"column":null}},"18":{"start":{"line":100,"column":20},"end":{"line":100,"column":null}},"19":{"start":{"line":104,"column":26},"end":{"line":104,"column":null}},"20":{"start":{"line":105,"column":26},"end":{"line":105,"column":null}},"21":{"start":{"line":127,"column":8},"end":{"line":127,"column":null}},"22":{"start":{"line":138,"column":8},"end":{"line":138,"column":null}},"23":{"start":{"line":148,"column":8},"end":{"line":148,"column":null}},"24":{"start":{"line":156,"column":8},"end":{"line":156,"column":null}},"25":{"start":{"line":158,"column":8},"end":{"line":160,"column":null}},"26":{"start":{"line":159,"column":12},"end":{"line":159,"column":null}},"27":{"start":{"line":162,"column":8},"end":{"line":164,"column":null}},"28":{"start":{"line":163,"column":12},"end":{"line":163,"column":null}},"29":{"start":{"line":166,"column":8},"end":{"line":166,"column":null}},"30":{"start":{"line":172,"column":8},"end":{"line":172,"column":null}},"31":{"start":{"line":174,"column":8},"end":{"line":176,"column":null}},"32":{"start":{"line":175,"column":12},"end":{"line":175,"column":null}},"33":{"start":{"line":178,"column":22},"end":{"line":178,"column":50}},"34":{"start":{"line":180,"column":8},"end":{"line":182,"column":null}},"35":{"start":{"line":181,"column":12},"end":{"line":181,"column":null}},"36":{"start":{"line":184,"column":28},"end":{"line":184,"column":30}},"37":{"start":{"line":185,"column":8},"end":{"line":213,"column":null}},"38":{"start":{"line":186,"column":35},"end":{"line":188,"column":30}},"39":{"start":{"line":189,"column":34},"end":{"line":189,"column":61}},"40":{"start":{"line":190,"column":12},"end":{"line":195,"column":43}},"41":{"start":{"line":191,"column":16},"end":{"line":194,"column":null}},"42":{"start":{"line":192,"column":20},"end":{"line":192,"column":null}},"43":{"start":{"line":193,"column":20},"end":{"line":193,"column":null}},"44":{"start":{"line":196,"column":12},"end":{"line":196,"column":null}},"45":{"start":{"line":198,"column":12},"end":{"line":198,"column":null}},"46":{"start":{"line":200,"column":36},"end":{"line":200,"column":76}},"47":{"start":{"line":202,"column":12},"end":{"line":202,"column":null}},"48":{"start":{"line":204,"column":33},"end":{"line":204,"column":109}},"49":{"start":{"line":205,"column":32},"end":{"line":205,"column":57}},"50":{"start":{"line":206,"column":12},"end":{"line":212,"column":41}},"51":{"start":{"line":207,"column":16},"end":{"line":211,"column":null}},"52":{"start":{"line":209,"column":20},"end":{"line":209,"column":null}},"53":{"start":{"line":210,"column":20},"end":{"line":210,"column":null}},"54":{"start":{"line":215,"column":8},"end":{"line":215,"column":null}},"55":{"start":{"line":227,"column":8},"end":{"line":227,"column":null}},"56":{"start":{"line":236,"column":8},"end":{"line":238,"column":null}},"57":{"start":{"line":237,"column":12},"end":{"line":237,"column":null}},"58":{"start":{"line":240,"column":8},"end":{"line":242,"column":null}},"59":{"start":{"line":241,"column":12},"end":{"line":241,"column":null}},"60":{"start":{"line":244,"column":8},"end":{"line":268,"column":18}},"61":{"start":{"line":245,"column":12},"end":{"line":247,"column":null}},"62":{"start":{"line":246,"column":16},"end":{"line":246,"column":null}},"63":{"start":{"line":249,"column":12},"end":{"line":264,"column":null}},"64":{"start":{"line":255,"column":16},"end":{"line":255,"column":null}},"65":{"start":{"line":256,"column":19},"end":{"line":264,"column":null}},"66":{"start":{"line":258,"column":16},"end":{"line":258,"column":null}},"67":{"start":{"line":259,"column":16},"end":{"line":259,"column":null}},"68":{"start":{"line":262,"column":16},"end":{"line":262,"column":null}},"69":{"start":{"line":263,"column":16},"end":{"line":263,"column":null}},"70":{"start":{"line":266,"column":12},"end":{"line":266,"column":null}},"71":{"start":{"line":267,"column":12},"end":{"line":267,"column":null}},"72":{"start":{"line":283,"column":8},"end":{"line":283,"column":null}},"73":{"start":{"line":284,"column":8},"end":{"line":284,"column":null}},"74":{"start":{"line":286,"column":37},"end":{"line":286,"column":90}},"75":{"start":{"line":287,"column":36},"end":{"line":287,"column":69}},"76":{"start":{"line":288,"column":8},"end":{"line":293,"column":45}},"77":{"start":{"line":289,"column":12},"end":{"line":292,"column":null}},"78":{"start":{"line":290,"column":16},"end":{"line":290,"column":null}},"79":{"start":{"line":291,"column":16},"end":{"line":291,"column":null}},"80":{"start":{"line":295,"column":8},"end":{"line":295,"column":null}},"81":{"start":{"line":298,"column":25},"end":{"line":298,"column":87}},"82":{"start":{"line":299,"column":24},"end":{"line":299,"column":45}},"83":{"start":{"line":300,"column":8},"end":{"line":305,"column":33}},"84":{"start":{"line":301,"column":12},"end":{"line":304,"column":null}},"85":{"start":{"line":302,"column":16},"end":{"line":302,"column":null}},"86":{"start":{"line":303,"column":16},"end":{"line":303,"column":null}},"87":{"start":{"line":307,"column":28},"end":{"line":307,"column":61}},"88":{"start":{"line":309,"column":8},"end":{"line":309,"column":null}},"89":{"start":{"line":310,"column":8},"end":{"line":310,"column":null}},"90":{"start":{"line":322,"column":8},"end":{"line":322,"column":null}},"91":{"start":{"line":330,"column":8},"end":{"line":330,"column":null}},"92":{"start":{"line":332,"column":8},"end":{"line":334,"column":null}},"93":{"start":{"line":333,"column":12},"end":{"line":333,"column":null}},"94":{"start":{"line":336,"column":8},"end":{"line":338,"column":null}},"95":{"start":{"line":337,"column":12},"end":{"line":337,"column":null}},"96":{"start":{"line":340,"column":8},"end":{"line":347,"column":null}},"97":{"start":{"line":341,"column":12},"end":{"line":346,"column":null}},"98":{"start":{"line":343,"column":16},"end":{"line":343,"column":null}},"99":{"start":{"line":345,"column":16},"end":{"line":345,"column":null}},"100":{"start":{"line":349,"column":8},"end":{"line":349,"column":null}},"101":{"start":{"line":358,"column":8},"end":{"line":358,"column":null}},"102":{"start":{"line":360,"column":8},"end":{"line":362,"column":null}},"103":{"start":{"line":361,"column":12},"end":{"line":361,"column":null}},"104":{"start":{"line":364,"column":8},"end":{"line":364,"column":null}},"105":{"start":{"line":365,"column":36},"end":{"line":365,"column":70}},"106":{"start":{"line":366,"column":8},"end":{"line":366,"column":null}},"107":{"start":{"line":368,"column":8},"end":{"line":370,"column":null}},"108":{"start":{"line":369,"column":12},"end":{"line":369,"column":null}},"109":{"start":{"line":372,"column":8},"end":{"line":374,"column":null}},"110":{"start":{"line":373,"column":12},"end":{"line":373,"column":null}},"111":{"start":{"line":376,"column":29},"end":{"line":376,"column":31}},"112":{"start":{"line":378,"column":8},"end":{"line":392,"column":null}},"113":{"start":{"line":379,"column":33},"end":{"line":379,"column":105}},"114":{"start":{"line":379,"column":65},"end":{"line":379,"column":101}},"115":{"start":{"line":381,"column":12},"end":{"line":385,"column":null}},"116":{"start":{"line":384,"column":16},"end":{"line":384,"column":null}},"117":{"start":{"line":387,"column":12},"end":{"line":391,"column":null}},"118":{"start":{"line":394,"column":8},"end":{"line":394,"column":null}},"119":{"start":{"line":396,"column":8},"end":{"line":396,"column":null}},"120":{"start":{"line":408,"column":8},"end":{"line":408,"column":null}},"121":{"start":{"line":416,"column":8},"end":{"line":418,"column":null}},"122":{"start":{"line":417,"column":12},"end":{"line":417,"column":null}},"123":{"start":{"line":419,"column":8},"end":{"line":426,"column":null}},"124":{"start":{"line":420,"column":12},"end":{"line":424,"column":null}},"125":{"start":{"line":421,"column":16},"end":{"line":421,"column":null}},"126":{"start":{"line":423,"column":16},"end":{"line":423,"column":null}},"127":{"start":{"line":425,"column":12},"end":{"line":425,"column":null}},"128":{"start":{"line":434,"column":8},"end":{"line":434,"column":null}},"129":{"start":{"line":435,"column":8},"end":{"line":435,"column":null}},"130":{"start":{"line":437,"column":37},"end":{"line":437,"column":88}},"131":{"start":{"line":438,"column":36},"end":{"line":438,"column":69}},"132":{"start":{"line":439,"column":8},"end":{"line":444,"column":45}},"133":{"start":{"line":440,"column":12},"end":{"line":443,"column":null}},"134":{"start":{"line":441,"column":16},"end":{"line":441,"column":null}},"135":{"start":{"line":442,"column":16},"end":{"line":442,"column":null}},"136":{"start":{"line":446,"column":8},"end":{"line":446,"column":null}},"137":{"start":{"line":449,"column":25},"end":{"line":449,"column":85}},"138":{"start":{"line":450,"column":24},"end":{"line":450,"column":45}},"139":{"start":{"line":451,"column":8},"end":{"line":456,"column":33}},"140":{"start":{"line":452,"column":12},"end":{"line":455,"column":null}},"141":{"start":{"line":453,"column":16},"end":{"line":453,"column":null}},"142":{"start":{"line":454,"column":16},"end":{"line":454,"column":null}},"143":{"start":{"line":458,"column":28},"end":{"line":458,"column":63}},"144":{"start":{"line":460,"column":8},"end":{"line":460,"column":null}},"145":{"start":{"line":461,"column":8},"end":{"line":461,"column":null}},"146":{"start":{"line":472,"column":8},"end":{"line":472,"column":null}},"147":{"start":{"line":480,"column":8},"end":{"line":480,"column":null}},"148":{"start":{"line":482,"column":8},"end":{"line":484,"column":null}},"149":{"start":{"line":483,"column":12},"end":{"line":483,"column":null}},"150":{"start":{"line":486,"column":8},"end":{"line":488,"column":null}},"151":{"start":{"line":487,"column":12},"end":{"line":487,"column":null}},"152":{"start":{"line":490,"column":8},"end":{"line":500,"column":null}},"153":{"start":{"line":491,"column":12},"end":{"line":499,"column":null}},"154":{"start":{"line":493,"column":16},"end":{"line":493,"column":30}},"155":{"start":{"line":493,"column":31},"end":{"line":493,"column":null}},"156":{"start":{"line":495,"column":16},"end":{"line":495,"column":null}},"157":{"start":{"line":496,"column":16},"end":{"line":496,"column":61}},"158":{"start":{"line":497,"column":16},"end":{"line":497,"column":null}},"159":{"start":{"line":498,"column":16},"end":{"line":498,"column":null}},"160":{"start":{"line":502,"column":8},"end":{"line":502,"column":null}},"161":{"start":{"line":511,"column":8},"end":{"line":511,"column":null}},"162":{"start":{"line":513,"column":8},"end":{"line":515,"column":null}},"163":{"start":{"line":514,"column":12},"end":{"line":514,"column":null}},"164":{"start":{"line":517,"column":22},"end":{"line":517,"column":50}},"165":{"start":{"line":519,"column":8},"end":{"line":521,"column":null}},"166":{"start":{"line":520,"column":12},"end":{"line":520,"column":null}},"167":{"start":{"line":523,"column":28},"end":{"line":523,"column":30}},"168":{"start":{"line":524,"column":8},"end":{"line":538,"column":null}},"169":{"start":{"line":526,"column":33},"end":{"line":526,"column":68}},"170":{"start":{"line":527,"column":12},"end":{"line":527,"column":null}},"171":{"start":{"line":529,"column":35},"end":{"line":529,"column":83}},"172":{"start":{"line":530,"column":34},"end":{"line":530,"column":61}},"173":{"start":{"line":531,"column":12},"end":{"line":536,"column":43}},"174":{"start":{"line":532,"column":16},"end":{"line":535,"column":null}},"175":{"start":{"line":533,"column":20},"end":{"line":533,"column":null}},"176":{"start":{"line":534,"column":20},"end":{"line":534,"column":null}},"177":{"start":{"line":537,"column":12},"end":{"line":537,"column":null}},"178":{"start":{"line":540,"column":8},"end":{"line":540,"column":null}},"179":{"start":{"line":542,"column":29},"end":{"line":542,"column":99}},"180":{"start":{"line":543,"column":28},"end":{"line":543,"column":53}},"181":{"start":{"line":544,"column":8},"end":{"line":550,"column":37}},"182":{"start":{"line":545,"column":12},"end":{"line":549,"column":null}},"183":{"start":{"line":547,"column":16},"end":{"line":547,"column":null}},"184":{"start":{"line":548,"column":16},"end":{"line":548,"column":null}},"185":{"start":{"line":552,"column":8},"end":{"line":552,"column":null}},"186":{"start":{"line":563,"column":8},"end":{"line":563,"column":null}},"187":{"start":{"line":571,"column":8},"end":{"line":571,"column":null}},"188":{"start":{"line":573,"column":8},"end":{"line":575,"column":null}},"189":{"start":{"line":574,"column":12},"end":{"line":574,"column":null}},"190":{"start":{"line":577,"column":8},"end":{"line":585,"column":null}},"191":{"start":{"line":578,"column":12},"end":{"line":584,"column":null}},"192":{"start":{"line":580,"column":16},"end":{"line":580,"column":null}},"193":{"start":{"line":582,"column":16},"end":{"line":582,"column":null}},"194":{"start":{"line":583,"column":16},"end":{"line":583,"column":null}},"195":{"start":{"line":587,"column":8},"end":{"line":587,"column":null}},"196":{"start":{"line":596,"column":8},"end":{"line":596,"column":null}},"197":{"start":{"line":598,"column":8},"end":{"line":600,"column":null}},"198":{"start":{"line":599,"column":12},"end":{"line":599,"column":null}},"199":{"start":{"line":602,"column":8},"end":{"line":602,"column":null}},"200":{"start":{"line":603,"column":36},"end":{"line":603,"column":70}},"201":{"start":{"line":605,"column":8},"end":{"line":607,"column":null}},"202":{"start":{"line":606,"column":12},"end":{"line":606,"column":null}},"203":{"start":{"line":609,"column":29},"end":{"line":609,"column":31}},"204":{"start":{"line":611,"column":8},"end":{"line":628,"column":null}},"205":{"start":{"line":612,"column":33},"end":{"line":612,"column":105}},"206":{"start":{"line":612,"column":65},"end":{"line":612,"column":101}},"207":{"start":{"line":614,"column":12},"end":{"line":618,"column":null}},"208":{"start":{"line":617,"column":16},"end":{"line":617,"column":null}},"209":{"start":{"line":620,"column":12},"end":{"line":627,"column":null}},"210":{"start":{"line":630,"column":8},"end":{"line":630,"column":null}},"211":{"start":{"line":632,"column":8},"end":{"line":632,"column":null}},"212":{"start":{"line":639,"column":8},"end":{"line":639,"column":null}},"213":{"start":{"line":641,"column":22},"end":{"line":641,"column":50}},"214":{"start":{"line":643,"column":30},"end":{"line":643,"column":112}},"215":{"start":{"line":645,"column":8},"end":{"line":645,"column":null}},"216":{"start":{"line":669,"column":8},"end":{"line":672,"column":null}},"217":{"start":{"line":670,"column":27},"end":{"line":670,"column":68}},"218":{"start":{"line":671,"column":12},"end":{"line":671,"column":null}},"219":{"start":{"line":674,"column":8},"end":{"line":674,"column":null}},"220":{"start":{"line":675,"column":8},"end":{"line":675,"column":null}},"221":{"start":{"line":133,"column":0},"end":{"line":133,"column":13}}},"fnMap":{"0":{"name":"(anonymous_0)","decl":{"start":{"line":91,"column":4},"end":{"line":91,"column":43}},"loc":{"start":{"line":91,"column":102},"end":{"line":128,"column":5}}},"1":{"name":"(anonymous_1)","decl":{"start":{"line":94,"column":12},"end":{"line":94,"column":24}},"loc":{"start":{"line":94,"column":38},"end":{"line":102,"column":13}}},"2":{"name":"(anonymous_2)","decl":{"start":{"line":96,"column":48},"end":{"line":96,"column":49}},"loc":{"start":{"line":96,"column":63},"end":{"line":101,"column":17}}},"3":{"name":"(anonymous_3)","decl":{"start":{"line":97,"column":45},"end":{"line":97,"column":46}},"loc":{"start":{"line":97,"column":49},"end":{"line":99,"column":21}}},"4":{"name":"(anonymous_4)","decl":{"start":{"line":137,"column":4},"end":{"line":137,"column":16}},"loc":{"start":{"line":137,"column":81},"end":{"line":139,"column":5}}},"5":{"name":"(anonymous_5)","decl":{"start":{"line":147,"column":4},"end":{"line":147,"column":9}},"loc":{"start":{"line":147,"column":53},"end":{"line":149,"column":5}}},"6":{"name":"(anonymous_6)","decl":{"start":{"line":155,"column":4},"end":{"line":155,"column":9}},"loc":{"start":{"line":155,"column":66},"end":{"line":167,"column":5}}},"7":{"name":"(anonymous_7)","decl":{"start":{"line":170,"column":4},"end":{"line":170,"column":9}},"loc":{"start":{"line":170,"column":51},"end":{"line":216,"column":5}}},"8":{"name":"(anonymous_8)","decl":{"start":{"line":226,"column":4},"end":{"line":226,"column":9}},"loc":{"start":{"line":226,"column":65},"end":{"line":228,"column":5}}},"9":{"name":"(anonymous_9)","decl":{"start":{"line":234,"column":4},"end":{"line":234,"column":9}},"loc":{"start":{"line":234,"column":71},"end":{"line":269,"column":5}}},"10":{"name":"(anonymous_10)","decl":{"start":{"line":244,"column":44},"end":{"line":244,"column":45}},"loc":{"start":{"line":244,"column":69},"end":{"line":268,"column":9}}},"11":{"name":"(anonymous_11)","decl":{"start":{"line":282,"column":4},"end":{"line":282,"column":9}},"loc":{"start":{"line":282,"column":49},"end":{"line":311,"column":5}}},"12":{"name":"(anonymous_12)","decl":{"start":{"line":321,"column":4},"end":{"line":321,"column":9}},"loc":{"start":{"line":321,"column":54},"end":{"line":323,"column":5}}},"13":{"name":"(anonymous_13)","decl":{"start":{"line":329,"column":4},"end":{"line":329,"column":9}},"loc":{"start":{"line":329,"column":67},"end":{"line":350,"column":5}}},"14":{"name":"(anonymous_14)","decl":{"start":{"line":357,"column":4},"end":{"line":357,"column":9}},"loc":{"start":{"line":357,"column":52},"end":{"line":398,"column":5}}},"15":{"name":"(anonymous_15)","decl":{"start":{"line":379,"column":60},"end":{"line":379,"column":61}},"loc":{"start":{"line":379,"column":65},"end":{"line":379,"column":101}}},"16":{"name":"(anonymous_16)","decl":{"start":{"line":407,"column":4},"end":{"line":407,"column":9}},"loc":{"start":{"line":407,"column":65},"end":{"line":409,"column":5}}},"17":{"name":"(anonymous_17)","decl":{"start":{"line":415,"column":4},"end":{"line":415,"column":9}},"loc":{"start":{"line":415,"column":57},"end":{"line":427,"column":5}}},"18":{"name":"(anonymous_18)","decl":{"start":{"line":419,"column":44},"end":{"line":419,"column":45}},"loc":{"start":{"line":419,"column":60},"end":{"line":426,"column":9}}},"19":{"name":"(anonymous_19)","decl":{"start":{"line":433,"column":4},"end":{"line":433,"column":9}},"loc":{"start":{"line":433,"column":47},"end":{"line":462,"column":5}}},"20":{"name":"(anonymous_20)","decl":{"start":{"line":471,"column":4},"end":{"line":471,"column":9}},"loc":{"start":{"line":471,"column":54},"end":{"line":473,"column":5}}},"21":{"name":"(anonymous_21)","decl":{"start":{"line":479,"column":4},"end":{"line":479,"column":9}},"loc":{"start":{"line":479,"column":67},"end":{"line":503,"column":5}}},"22":{"name":"(anonymous_22)","decl":{"start":{"line":509,"column":4},"end":{"line":509,"column":9}},"loc":{"start":{"line":509,"column":52},"end":{"line":553,"column":5}}},"23":{"name":"(anonymous_23)","decl":{"start":{"line":562,"column":4},"end":{"line":562,"column":9}},"loc":{"start":{"line":562,"column":54},"end":{"line":564,"column":5}}},"24":{"name":"(anonymous_24)","decl":{"start":{"line":570,"column":4},"end":{"line":570,"column":9}},"loc":{"start":{"line":570,"column":67},"end":{"line":588,"column":5}}},"25":{"name":"(anonymous_25)","decl":{"start":{"line":595,"column":4},"end":{"line":595,"column":9}},"loc":{"start":{"line":595,"column":52},"end":{"line":634,"column":5}}},"26":{"name":"(anonymous_26)","decl":{"start":{"line":612,"column":60},"end":{"line":612,"column":61}},"loc":{"start":{"line":612,"column":65},"end":{"line":612,"column":101}}},"27":{"name":"(anonymous_27)","decl":{"start":{"line":637,"column":4},"end":{"line":637,"column":9}},"loc":{"start":{"line":637,"column":50},"end":{"line":676,"column":5}}}},"branchMap":{"0":{"loc":{"start":{"line":105,"column":65},"end":{"line":105,"column":72}},"type":"binary-expr","locations":[{"start":{"line":105,"column":65},"end":{"line":105,"column":72}},{"start":{"line":105,"column":76},"end":{"line":105,"column":78}}]},"1":{"loc":{"start":{"line":156,"column":8},"end":{"line":156,"column":25}},"type":"binary-expr","locations":[{"start":{"line":156,"column":8},"end":{"line":156,"column":25}},{"start":{"line":156,"column":30},"end":{"line":156,"column":127}}]},"2":{"loc":{"start":{"line":158,"column":8},"end":{"line":160,"column":null}},"type":"if","locations":[{"start":{"line":158,"column":8},"end":{"line":160,"column":null}},{"start":{"line":158,"column":8},"end":{"line":160,"column":null}}]},"3":{"loc":{"start":{"line":162,"column":8},"end":{"line":164,"column":null}},"type":"if","locations":[{"start":{"line":162,"column":8},"end":{"line":164,"column":null}},{"start":{"line":162,"column":8},"end":{"line":164,"column":null}}]},"4":{"loc":{"start":{"line":172,"column":8},"end":{"line":172,"column":25}},"type":"binary-expr","locations":[{"start":{"line":172,"column":8},"end":{"line":172,"column":25}},{"start":{"line":172,"column":30},"end":{"line":172,"column":136}}]},"5":{"loc":{"start":{"line":180,"column":8},"end":{"line":182,"column":null}},"type":"if","locations":[{"start":{"line":180,"column":8},"end":{"line":182,"column":null}},{"start":{"line":180,"column":8},"end":{"line":182,"column":null}}]},"6":{"loc":{"start":{"line":191,"column":16},"end":{"line":194,"column":null}},"type":"if","locations":[{"start":{"line":191,"column":16},"end":{"line":194,"column":null}},{"start":{"line":191,"column":16},"end":{"line":194,"column":null}}]},"7":{"loc":{"start":{"line":198,"column":12},"end":{"line":198,"column":29}},"type":"binary-expr","locations":[{"start":{"line":198,"column":12},"end":{"line":198,"column":29}},{"start":{"line":198,"column":34},"end":{"line":198,"column":130}}]},"8":{"loc":{"start":{"line":202,"column":12},"end":{"line":202,"column":29}},"type":"binary-expr","locations":[{"start":{"line":202,"column":12},"end":{"line":202,"column":29}},{"start":{"line":202,"column":34},"end":{"line":202,"column":126}}]},"9":{"loc":{"start":{"line":207,"column":16},"end":{"line":211,"column":null}},"type":"if","locations":[{"start":{"line":207,"column":16},"end":{"line":211,"column":null}},{"start":{"line":207,"column":16},"end":{"line":211,"column":null}}]},"10":{"loc":{"start":{"line":209,"column":20},"end":{"line":209,"column":37}},"type":"binary-expr","locations":[{"start":{"line":209,"column":20},"end":{"line":209,"column":37}},{"start":{"line":209,"column":42},"end":{"line":209,"column":113}}]},"11":{"loc":{"start":{"line":236,"column":8},"end":{"line":238,"column":null}},"type":"if","locations":[{"start":{"line":236,"column":8},"end":{"line":238,"column":null}},{"start":{"line":236,"column":8},"end":{"line":238,"column":null}}]},"12":{"loc":{"start":{"line":240,"column":8},"end":{"line":242,"column":null}},"type":"if","locations":[{"start":{"line":240,"column":8},"end":{"line":242,"column":null}},{"start":{"line":240,"column":8},"end":{"line":242,"column":null}}]},"13":{"loc":{"start":{"line":245,"column":12},"end":{"line":247,"column":null}},"type":"if","locations":[{"start":{"line":245,"column":12},"end":{"line":247,"column":null}},{"start":{"line":245,"column":12},"end":{"line":247,"column":null}}]},"14":{"loc":{"start":{"line":249,"column":12},"end":{"line":264,"column":null}},"type":"if","locations":[{"start":{"line":249,"column":12},"end":{"line":264,"column":null}},{"start":{"line":249,"column":12},"end":{"line":264,"column":null}}]},"15":{"loc":{"start":{"line":249,"column":16},"end":{"line":249,"column":40}},"type":"binary-expr","locations":[{"start":{"line":249,"column":16},"end":{"line":249,"column":40}},{"start":{"line":249,"column":44},"end":{"line":254,"column":71}}]},"16":{"loc":{"start":{"line":256,"column":19},"end":{"line":264,"column":null}},"type":"if","locations":[{"start":{"line":256,"column":19},"end":{"line":264,"column":null}},{"start":{"line":256,"column":19},"end":{"line":264,"column":null}}]},"17":{"loc":{"start":{"line":283,"column":8},"end":{"line":283,"column":25}},"type":"binary-expr","locations":[{"start":{"line":283,"column":8},"end":{"line":283,"column":25}},{"start":{"line":283,"column":29},"end":{"line":283,"column":101}}]},"18":{"loc":{"start":{"line":284,"column":8},"end":{"line":284,"column":25}},"type":"binary-expr","locations":[{"start":{"line":284,"column":8},"end":{"line":284,"column":25}},{"start":{"line":284,"column":30},"end":{"line":284,"column":95}}]},"19":{"loc":{"start":{"line":289,"column":12},"end":{"line":292,"column":null}},"type":"if","locations":[{"start":{"line":289,"column":12},"end":{"line":292,"column":null}},{"start":{"line":289,"column":12},"end":{"line":292,"column":null}}]},"20":{"loc":{"start":{"line":295,"column":8},"end":{"line":295,"column":25}},"type":"binary-expr","locations":[{"start":{"line":295,"column":8},"end":{"line":295,"column":25}},{"start":{"line":295,"column":29},"end":{"line":295,"column":102}}]},"21":{"loc":{"start":{"line":301,"column":12},"end":{"line":304,"column":null}},"type":"if","locations":[{"start":{"line":301,"column":12},"end":{"line":304,"column":null}},{"start":{"line":301,"column":12},"end":{"line":304,"column":null}}]},"22":{"loc":{"start":{"line":309,"column":8},"end":{"line":309,"column":25}},"type":"binary-expr","locations":[{"start":{"line":309,"column":8},"end":{"line":309,"column":25}},{"start":{"line":309,"column":30},"end":{"line":309,"column":95}}]},"23":{"loc":{"start":{"line":330,"column":8},"end":{"line":330,"column":25}},"type":"binary-expr","locations":[{"start":{"line":330,"column":8},"end":{"line":330,"column":25}},{"start":{"line":330,"column":30},"end":{"line":330,"column":101}}]},"24":{"loc":{"start":{"line":332,"column":8},"end":{"line":334,"column":null}},"type":"if","locations":[{"start":{"line":332,"column":8},"end":{"line":334,"column":null}},{"start":{"line":332,"column":8},"end":{"line":334,"column":null}}]},"25":{"loc":{"start":{"line":336,"column":8},"end":{"line":338,"column":null}},"type":"if","locations":[{"start":{"line":336,"column":8},"end":{"line":338,"column":null}},{"start":{"line":336,"column":8},"end":{"line":338,"column":null}}]},"26":{"loc":{"start":{"line":341,"column":12},"end":{"line":346,"column":null}},"type":"if","locations":[{"start":{"line":341,"column":12},"end":{"line":346,"column":null}},{"start":{"line":341,"column":12},"end":{"line":346,"column":null}}]},"27":{"loc":{"start":{"line":341,"column":18},"end":{"line":341,"column":29}},"type":"binary-expr","locations":[{"start":{"line":341,"column":18},"end":{"line":341,"column":29}},{"start":{"line":341,"column":33},"end":{"line":341,"column":51}}]},"28":{"loc":{"start":{"line":364,"column":8},"end":{"line":364,"column":25}},"type":"binary-expr","locations":[{"start":{"line":364,"column":8},"end":{"line":364,"column":25}},{"start":{"line":364,"column":30},"end":{"line":364,"column":116}}]},"29":{"loc":{"start":{"line":366,"column":8},"end":{"line":366,"column":25}},"type":"binary-expr","locations":[{"start":{"line":366,"column":8},"end":{"line":366,"column":25}},{"start":{"line":366,"column":29},"end":{"line":366,"column":99}}]},"30":{"loc":{"start":{"line":368,"column":8},"end":{"line":370,"column":null}},"type":"if","locations":[{"start":{"line":368,"column":8},"end":{"line":370,"column":null}},{"start":{"line":368,"column":8},"end":{"line":370,"column":null}}]},"31":{"loc":{"start":{"line":372,"column":8},"end":{"line":374,"column":null}},"type":"if","locations":[{"start":{"line":372,"column":8},"end":{"line":374,"column":null}},{"start":{"line":372,"column":8},"end":{"line":374,"column":null}}]},"32":{"loc":{"start":{"line":379,"column":65},"end":{"line":379,"column":79}},"type":"binary-expr","locations":[{"start":{"line":379,"column":65},"end":{"line":379,"column":79}},{"start":{"line":379,"column":83},"end":{"line":379,"column":101}}]},"33":{"loc":{"start":{"line":394,"column":8},"end":{"line":394,"column":25}},"type":"binary-expr","locations":[{"start":{"line":394,"column":8},"end":{"line":394,"column":25}},{"start":{"line":394,"column":30},"end":{"line":394,"column":96}}]},"34":{"loc":{"start":{"line":416,"column":8},"end":{"line":418,"column":null}},"type":"if","locations":[{"start":{"line":416,"column":8},"end":{"line":418,"column":null}},{"start":{"line":416,"column":8},"end":{"line":418,"column":null}}]},"35":{"loc":{"start":{"line":420,"column":12},"end":{"line":424,"column":null}},"type":"if","locations":[{"start":{"line":420,"column":12},"end":{"line":424,"column":null}},{"start":{"line":420,"column":12},"end":{"line":424,"column":null}}]},"36":{"loc":{"start":{"line":434,"column":8},"end":{"line":434,"column":25}},"type":"binary-expr","locations":[{"start":{"line":434,"column":8},"end":{"line":434,"column":25}},{"start":{"line":434,"column":29},"end":{"line":434,"column":70}}]},"37":{"loc":{"start":{"line":435,"column":8},"end":{"line":435,"column":25}},"type":"binary-expr","locations":[{"start":{"line":435,"column":8},"end":{"line":435,"column":25}},{"start":{"line":435,"column":30},"end":{"line":435,"column":93}}]},"38":{"loc":{"start":{"line":440,"column":12},"end":{"line":443,"column":null}},"type":"if","locations":[{"start":{"line":440,"column":12},"end":{"line":443,"column":null}},{"start":{"line":440,"column":12},"end":{"line":443,"column":null}}]},"39":{"loc":{"start":{"line":446,"column":8},"end":{"line":446,"column":25}},"type":"binary-expr","locations":[{"start":{"line":446,"column":8},"end":{"line":446,"column":25}},{"start":{"line":446,"column":29},"end":{"line":446,"column":109}}]},"40":{"loc":{"start":{"line":452,"column":12},"end":{"line":455,"column":null}},"type":"if","locations":[{"start":{"line":452,"column":12},"end":{"line":455,"column":null}},{"start":{"line":452,"column":12},"end":{"line":455,"column":null}}]},"41":{"loc":{"start":{"line":460,"column":8},"end":{"line":460,"column":25}},"type":"binary-expr","locations":[{"start":{"line":460,"column":8},"end":{"line":460,"column":25}},{"start":{"line":460,"column":30},"end":{"line":460,"column":93}}]},"42":{"loc":{"start":{"line":480,"column":8},"end":{"line":480,"column":25}},"type":"binary-expr","locations":[{"start":{"line":480,"column":8},"end":{"line":480,"column":25}},{"start":{"line":480,"column":30},"end":{"line":480,"column":128}}]},"43":{"loc":{"start":{"line":482,"column":8},"end":{"line":484,"column":null}},"type":"if","locations":[{"start":{"line":482,"column":8},"end":{"line":484,"column":null}},{"start":{"line":482,"column":8},"end":{"line":484,"column":null}}]},"44":{"loc":{"start":{"line":486,"column":8},"end":{"line":488,"column":null}},"type":"if","locations":[{"start":{"line":486,"column":8},"end":{"line":488,"column":null}},{"start":{"line":486,"column":8},"end":{"line":488,"column":null}}]},"45":{"loc":{"start":{"line":491,"column":12},"end":{"line":499,"column":null}},"type":"if","locations":[{"start":{"line":491,"column":12},"end":{"line":499,"column":null}},{"start":{"line":491,"column":12},"end":{"line":499,"column":null}}]},"46":{"loc":{"start":{"line":491,"column":16},"end":{"line":491,"column":27}},"type":"binary-expr","locations":[{"start":{"line":491,"column":16},"end":{"line":491,"column":27}},{"start":{"line":491,"column":31},"end":{"line":491,"column":49}}]},"47":{"loc":{"start":{"line":495,"column":16},"end":{"line":495,"column":33}},"type":"binary-expr","locations":[{"start":{"line":495,"column":16},"end":{"line":495,"column":33}},{"start":{"line":495,"column":37},"end":{"line":495,"column":119}}]},"48":{"loc":{"start":{"line":511,"column":8},"end":{"line":511,"column":25}},"type":"binary-expr","locations":[{"start":{"line":511,"column":8},"end":{"line":511,"column":25}},{"start":{"line":511,"column":30},"end":{"line":511,"column":136}}]},"49":{"loc":{"start":{"line":519,"column":8},"end":{"line":521,"column":null}},"type":"if","locations":[{"start":{"line":519,"column":8},"end":{"line":521,"column":null}},{"start":{"line":519,"column":8},"end":{"line":521,"column":null}}]},"50":{"loc":{"start":{"line":527,"column":12},"end":{"line":527,"column":29}},"type":"binary-expr","locations":[{"start":{"line":527,"column":12},"end":{"line":527,"column":29}},{"start":{"line":527,"column":33},"end":{"line":527,"column":84}}]},"51":{"loc":{"start":{"line":532,"column":16},"end":{"line":535,"column":null}},"type":"if","locations":[{"start":{"line":532,"column":16},"end":{"line":535,"column":null}},{"start":{"line":532,"column":16},"end":{"line":535,"column":null}}]},"52":{"loc":{"start":{"line":540,"column":8},"end":{"line":540,"column":25}},"type":"binary-expr","locations":[{"start":{"line":540,"column":8},"end":{"line":540,"column":25}},{"start":{"line":540,"column":30},"end":{"line":540,"column":125}}]},"53":{"loc":{"start":{"line":545,"column":12},"end":{"line":549,"column":null}},"type":"if","locations":[{"start":{"line":545,"column":12},"end":{"line":549,"column":null}},{"start":{"line":545,"column":12},"end":{"line":549,"column":null}}]},"54":{"loc":{"start":{"line":547,"column":16},"end":{"line":547,"column":33}},"type":"binary-expr","locations":[{"start":{"line":547,"column":16},"end":{"line":547,"column":33}},{"start":{"line":547,"column":38},"end":{"line":547,"column":109}}]},"55":{"loc":{"start":{"line":571,"column":8},"end":{"line":571,"column":25}},"type":"binary-expr","locations":[{"start":{"line":571,"column":8},"end":{"line":571,"column":25}},{"start":{"line":571,"column":30},"end":{"line":571,"column":101}}]},"56":{"loc":{"start":{"line":573,"column":8},"end":{"line":575,"column":null}},"type":"if","locations":[{"start":{"line":573,"column":8},"end":{"line":575,"column":null}},{"start":{"line":573,"column":8},"end":{"line":575,"column":null}}]},"57":{"loc":{"start":{"line":578,"column":12},"end":{"line":584,"column":null}},"type":"if","locations":[{"start":{"line":578,"column":12},"end":{"line":584,"column":null}},{"start":{"line":578,"column":12},"end":{"line":584,"column":null}}]},"58":{"loc":{"start":{"line":578,"column":18},"end":{"line":578,"column":29}},"type":"binary-expr","locations":[{"start":{"line":578,"column":18},"end":{"line":578,"column":29}},{"start":{"line":578,"column":33},"end":{"line":578,"column":51}}]},"59":{"loc":{"start":{"line":596,"column":8},"end":{"line":596,"column":25}},"type":"binary-expr","locations":[{"start":{"line":596,"column":8},"end":{"line":596,"column":25}},{"start":{"line":596,"column":30},"end":{"line":596,"column":129}}]},"60":{"loc":{"start":{"line":602,"column":8},"end":{"line":602,"column":25}},"type":"binary-expr","locations":[{"start":{"line":602,"column":8},"end":{"line":602,"column":25}},{"start":{"line":602,"column":30},"end":{"line":602,"column":116}}]},"61":{"loc":{"start":{"line":605,"column":8},"end":{"line":607,"column":null}},"type":"if","locations":[{"start":{"line":605,"column":8},"end":{"line":607,"column":null}},{"start":{"line":605,"column":8},"end":{"line":607,"column":null}}]},"62":{"loc":{"start":{"line":612,"column":65},"end":{"line":612,"column":79}},"type":"binary-expr","locations":[{"start":{"line":612,"column":65},"end":{"line":612,"column":79}},{"start":{"line":612,"column":83},"end":{"line":612,"column":101}}]},"63":{"loc":{"start":{"line":630,"column":8},"end":{"line":630,"column":25}},"type":"binary-expr","locations":[{"start":{"line":630,"column":8},"end":{"line":630,"column":25}},{"start":{"line":630,"column":30},"end":{"line":630,"column":96}}]},"64":{"loc":{"start":{"line":639,"column":8},"end":{"line":639,"column":25}},"type":"binary-expr","locations":[{"start":{"line":639,"column":8},"end":{"line":639,"column":25}},{"start":{"line":639,"column":30},"end":{"line":639,"column":96}}]},"65":{"loc":{"start":{"line":645,"column":8},"end":{"line":645,"column":25}},"type":"binary-expr","locations":[{"start":{"line":645,"column":8},"end":{"line":645,"column":25}},{"start":{"line":645,"column":30},"end":{"line":645,"column":138}}]},"66":{"loc":{"start":{"line":671,"column":12},"end":{"line":671,"column":29}},"type":"binary-expr","locations":[{"start":{"line":671,"column":12},"end":{"line":671,"column":29}},{"start":{"line":671,"column":33},"end":{"line":671,"column":83}}]},"67":{"loc":{"start":{"line":674,"column":8},"end":{"line":674,"column":25}},"type":"binary-expr","locations":[{"start":{"line":674,"column":8},"end":{"line":674,"column":25}},{"start":{"line":674,"column":30},"end":{"line":674,"column":94}}]}},"s":{"0":18,"1":18,"2":18,"3":18,"4":18,"5":18,"6":18,"7":18,"8":376,"9":376,"10":376,"11":376,"12":376,"13":376,"14":376,"15":376,"16":375,"17":2194,"18":375,"19":144,"20":144,"21":144,"22":54,"23":1,"24":3,"25":3,"26":1,"27":2,"28":1,"29":1,"30":3,"31":3,"32":0,"33":1,"34":1,"35":0,"36":1,"37":1,"38":1,"39":1,"40":1,"41":1,"42":0,"43":0,"44":1,"45":1,"46":1,"47":0,"48":0,"49":0,"50":0,"51":0,"52":0,"53":0,"54":0,"55":0,"56":0,"57":0,"58":0,"59":0,"60":0,"61":0,"62":0,"63":0,"64":0,"65":0,"66":0,"67":0,"68":0,"69":0,"70":0,"71":0,"72":0,"73":0,"74":0,"75":0,"76":0,"77":0,"78":0,"79":0,"80":0,"81":0,"82":0,"83":0,"84":0,"85":0,"86":0,"87":0,"88":0,"89":0,"90":0,"91":0,"92":0,"93":0,"94":0,"95":0,"96":0,"97":0,"98":0,"99":0,"100":0,"101":0,"102":0,"103":0,"104":0,"105":0,"106":0,"107":0,"108":0,"109":0,"110":0,"111":0,"112":0,"113":0,"114":0,"115":0,"116":0,"117":0,"118":0,"119":0,"120":0,"121":0,"122":0,"123":0,"124":0,"125":0,"126":0,"127":0,"128":0,"129":0,"130":0,"131":0,"132":0,"133":0,"134":0,"135":0,"136":0,"137":0,"138":0,"139":0,"140":0,"141":0,"142":0,"143":0,"144":0,"145":0,"146":0,"147":0,"148":0,"149":0,"150":0,"151":0,"152":0,"153":0,"154":0,"155":0,"156":0,"157":0,"158":0,"159":0,"160":0,"161":0,"162":0,"163":0,"164":0,"165":0,"166":0,"167":0,"168":0,"169":0,"170":0,"171":0,"172":0,"173":0,"174":0,"175":0,"176":0,"177":0,"178":0,"179":0,"180":0,"181":0,"182":0,"183":0,"184":0,"185":0,"186":0,"187":0,"188":0,"189":0,"190":0,"191":0,"192":0,"193":0,"194":0,"195":0,"196":0,"197":0,"198":0,"199":0,"200":0,"201":0,"202":0,"203":0,"204":0,"205":0,"206":0,"207":0,"208":0,"209":0,"210":0,"211":0,"212":0,"213":0,"214":0,"215":0,"216":0,"217":0,"218":0,"219":0,"220":0,"221":18},"f":{"0":144,"1":376,"2":375,"3":2194,"4":54,"5":1,"6":3,"7":3,"8":0,"9":0,"10":0,"11":0,"12":0,"13":0,"14":0,"15":0,"16":0,"17":0,"18":0,"19":0,"20":0,"21":0,"22":0,"23":0,"24":0,"25":0,"26":0,"27":0},"b":{"0":[144,0],"1":[3,0],"2":[1,2],"3":[1,1],"4":[3,0],"5":[0,1],"6":[0,1],"7":[1,0],"8":[0,0],"9":[0,0],"10":[0,0],"11":[0,0],"12":[0,0],"13":[0,0],"14":[0,0],"15":[0,0],"16":[0,0],"17":[0,0],"18":[0,0],"19":[0,0],"20":[0,0],"21":[0,0],"22":[0,0],"23":[0,0],"24":[0,0],"25":[0,0],"26":[0,0],"27":[0,0],"28":[0,0],"29":[0,0],"30":[0,0],"31":[0,0],"32":[0,0],"33":[0,0],"34":[0,0],"35":[0,0],"36":[0,0],"37":[0,0],"38":[0,0],"39":[0,0],"40":[0,0],"41":[0,0],"42":[0,0],"43":[0,0],"44":[0,0],"45":[0,0],"46":[0,0],"47":[0,0],"48":[0,0],"49":[0,0],"50":[0,0],"51":[0,0],"52":[0,0],"53":[0,0],"54":[0,0],"55":[0,0],"56":[0,0],"57":[0,0],"58":[0,0],"59":[0,0],"60":[0,0],"61":[0,0],"62":[0,0],"63":[0,0],"64":[0,0],"65":[0,0],"66":[0,0],"67":[0,0]}}
,"C:\\Users\\TechHuddle\\Documents\\aarts-all\\packages\\aarts-dynamodb\\DynamoDbClient.ts": {"path":"C:\\Users\\TechHuddle\\Documents\\aarts-all\\packages\\aarts-dynamodb\\DynamoDbClient.ts","statementMap":{"0":{"start":{"line":1,"column":0},"end":{"line":1,"column":44}},"1":{"start":{"line":5,"column":0},"end":{"line":5,"column":43}},"2":{"start":{"line":7,"column":13},"end":{"line":13,"column":null}},"3":{"start":{"line":15,"column":13},"end":{"line":15,"column":118}},"4":{"start":{"line":17,"column":13},"end":{"line":17,"column":null}},"5":{"start":{"line":19,"column":13},"end":{"line":21,"column":2}},"6":{"start":{"line":23,"column":4},"end":{"line":31,"column":null}},"7":{"start":{"line":24,"column":21},"end":{"line":24,"column":35}},"8":{"start":{"line":27,"column":16},"end":{"line":29,"column":48}},"9":{"start":{"line":22,"column":0},"end":{"line":22,"column":16}},"10":{"start":{"line":34,"column":13},"end":{"line":34,"column":null}},"11":{"start":{"line":34,"column":45},"end":{"line":34,"column":54}},"12":{"start":{"line":35,"column":13},"end":{"line":35,"column":null}},"13":{"start":{"line":35,"column":52},"end":{"line":35,"column":61}},"14":{"start":{"line":37,"column":13},"end":{"line":37,"column":null}},"15":{"start":{"line":37,"column":69},"end":{"line":37,"column":98}},"16":{"start":{"line":39,"column":13},"end":{"line":39,"column":null}},"17":{"start":{"line":39,"column":65},"end":{"line":39,"column":91}},"18":{"start":{"line":41,"column":13},"end":{"line":49,"column":null}},"19":{"start":{"line":41,"column":61},"end":{"line":49,"column":6}},"20":{"start":{"line":52,"column":4},"end":{"line":61,"column":null}},"21":{"start":{"line":54,"column":21},"end":{"line":54,"column":163}},"22":{"start":{"line":57,"column":16},"end":{"line":59,"column":56}},"23":{"start":{"line":51,"column":0},"end":{"line":51,"column":16}},"24":{"start":{"line":64,"column":13},"end":{"line":67,"column":null}},"25":{"start":{"line":64,"column":71},"end":{"line":66,"column":null}},"26":{"start":{"line":69,"column":13},"end":{"line":72,"column":null}},"27":{"start":{"line":69,"column":46},"end":{"line":71,"column":null}},"28":{"start":{"line":74,"column":13},"end":{"line":81,"column":null}},"29":{"start":{"line":74,"column":54},"end":{"line":81,"column":10}},"30":{"start":{"line":76,"column":8},"end":{"line":79,"column":null}},"31":{"start":{"line":80,"column":8},"end":{"line":80,"column":null}},"32":{"start":{"line":83,"column":13},"end":{"line":90,"column":null}},"33":{"start":{"line":83,"column":95},"end":{"line":90,"column":10}},"34":{"start":{"line":85,"column":8},"end":{"line":88,"column":null}},"35":{"start":{"line":89,"column":8},"end":{"line":89,"column":null}},"36":{"start":{"line":92,"column":17},"end":{"line":113,"column":null}},"37":{"start":{"line":95,"column":76},"end":{"line":95,"column":78}},"38":{"start":{"line":97,"column":8},"end":{"line":104,"column":11}},"39":{"start":{"line":98,"column":12},"end":{"line":103,"column":null}},"40":{"start":{"line":99,"column":16},"end":{"line":99,"column":108}},"41":{"start":{"line":102,"column":16},"end":{"line":102,"column":74}},"42":{"start":{"line":106,"column":8},"end":{"line":112,"column":null}},"43":{"start":{"line":107,"column":12},"end":{"line":107,"column":null}},"44":{"start":{"line":109,"column":12},"end":{"line":111,"column":null}},"45":{"start":{"line":110,"column":124},"end":{"line":110,"column":143}}},"fnMap":{"0":{"name":"removeEmpty","decl":{"start":{"line":22,"column":16},"end":{"line":22,"column":27}},"loc":{"start":{"line":22,"column":52},"end":{"line":32,"column":1}}},"1":{"name":"(anonymous_1)","decl":{"start":{"line":24,"column":16},"end":{"line":24,"column":17}},"loc":{"start":{"line":24,"column":21},"end":{"line":24,"column":35}}},"2":{"name":"(anonymous_2)","decl":{"start":{"line":26,"column":12},"end":{"line":26,"column":13}},"loc":{"start":{"line":27,"column":16},"end":{"line":29,"column":48}}},"3":{"name":"(anonymous_3)","decl":{"start":{"line":34,"column":29},"end":{"line":34,"column":30}},"loc":{"start":{"line":34,"column":45},"end":{"line":34,"column":54}}},"4":{"name":"(anonymous_4)","decl":{"start":{"line":35,"column":36},"end":{"line":35,"column":37}},"loc":{"start":{"line":35,"column":52},"end":{"line":35,"column":61}}},"5":{"name":"(anonymous_5)","decl":{"start":{"line":37,"column":34},"end":{"line":37,"column":35}},"loc":{"start":{"line":37,"column":69},"end":{"line":37,"column":98}}},"6":{"name":"(anonymous_6)","decl":{"start":{"line":39,"column":30},"end":{"line":39,"column":31}},"loc":{"start":{"line":39,"column":65},"end":{"line":39,"column":91}}},"7":{"name":"(anonymous_7)","decl":{"start":{"line":41,"column":26},"end":{"line":41,"column":27}},"loc":{"start":{"line":41,"column":61},"end":{"line":49,"column":6}}},"8":{"name":"ensureOnlyNewKeyUpdates","decl":{"start":{"line":51,"column":16},"end":{"line":51,"column":39}},"loc":{"start":{"line":51,"column":107},"end":{"line":62,"column":1}}},"9":{"name":"(anonymous_9)","decl":{"start":{"line":54,"column":16},"end":{"line":54,"column":17}},"loc":{"start":{"line":54,"column":21},"end":{"line":54,"column":163}}},"10":{"name":"(anonymous_10)","decl":{"start":{"line":56,"column":12},"end":{"line":56,"column":13}},"loc":{"start":{"line":57,"column":16},"end":{"line":59,"column":56}}},"11":{"name":"(anonymous_11)","decl":{"start":{"line":64,"column":32},"end":{"line":64,"column":36}},"loc":{"start":{"line":64,"column":71},"end":{"line":66,"column":null}}},"12":{"name":"(anonymous_12)","decl":{"start":{"line":69,"column":30},"end":{"line":69,"column":34}},"loc":{"start":{"line":69,"column":46},"end":{"line":71,"column":null}}},"13":{"name":"(anonymous_13)","decl":{"start":{"line":74,"column":35},"end":{"line":74,"column":39}},"loc":{"start":{"line":74,"column":54},"end":{"line":81,"column":10}}},"14":{"name":"(anonymous_14)","decl":{"start":{"line":75,"column":4},"end":{"line":75,"column":5}},"loc":{"start":{"line":75,"column":74},"end":{"line":81,"column":5}}},"15":{"name":"(anonymous_15)","decl":{"start":{"line":83,"column":37},"end":{"line":83,"column":41}},"loc":{"start":{"line":83,"column":95},"end":{"line":90,"column":10}}},"16":{"name":"(anonymous_16)","decl":{"start":{"line":84,"column":4},"end":{"line":84,"column":5}},"loc":{"start":{"line":84,"column":42},"end":{"line":90,"column":5}}},"17":{"name":"(anonymous_17)","decl":{"start":{"line":92,"column":30},"end":{"line":92,"column":35}},"loc":{"start":{"line":94,"column":43},"end":{"line":113,"column":5}}},"18":{"name":"(anonymous_18)","decl":{"start":{"line":97,"column":35},"end":{"line":97,"column":36}},"loc":{"start":{"line":97,"column":48},"end":{"line":104,"column":9}}},"19":{"name":"(anonymous_19)","decl":{"start":{"line":110,"column":120},"end":{"line":110,"column":121}},"loc":{"start":{"line":110,"column":124},"end":{"line":110,"column":143}}}},"branchMap":{"0":{"loc":{"start":{"line":15,"column":71},"end":{"line":15,"column":100}},"type":"cond-expr","locations":[{"start":{"line":15,"column":71},"end":{"line":15,"column":100}},{"start":{"line":15,"column":103},"end":{"line":15,"column":117}}]},"1":{"loc":{"start":{"line":28,"column":22},"end":{"line":28,"column":61}},"type":"cond-expr","locations":[{"start":{"line":28,"column":22},"end":{"line":28,"column":61}},{"start":{"line":29,"column":22},"end":{"line":29,"column":48}}]},"2":{"loc":{"start":{"line":46,"column":51},"end":{"line":46,"column":70}},"type":"cond-expr","locations":[{"start":{"line":46,"column":51},"end":{"line":46,"column":70}},{"start":{"line":46,"column":73},"end":{"line":46,"column":82}}]},"3":{"loc":{"start":{"line":47,"column":51},"end":{"line":47,"column":70}},"type":"cond-expr","locations":[{"start":{"line":47,"column":51},"end":{"line":47,"column":70}},{"start":{"line":47,"column":73},"end":{"line":47,"column":82}}]},"4":{"loc":{"start":{"line":54,"column":21},"end":{"line":54,"column":38}},"type":"binary-expr","locations":[{"start":{"line":54,"column":21},"end":{"line":54,"column":38}},{"start":{"line":54,"column":43},"end":{"line":54,"column":71}},{"start":{"line":54,"column":75},"end":{"line":54,"column":90}},{"start":{"line":54,"column":97},"end":{"line":54,"column":125}},{"start":{"line":54,"column":129},"end":{"line":54,"column":162}}]},"5":{"loc":{"start":{"line":58,"column":22},"end":{"line":58,"column":98}},"type":"cond-expr","locations":[{"start":{"line":58,"column":22},"end":{"line":58,"column":98}},{"start":{"line":59,"column":22},"end":{"line":59,"column":56}}]},"6":{"loc":{"start":{"line":65,"column":4},"end":{"line":65,"column":8}},"type":"binary-expr","locations":[{"start":{"line":65,"column":4},"end":{"line":65,"column":8}},{"start":{"line":65,"column":12},"end":{"line":65,"column":14}}]},"7":{"loc":{"start":{"line":69,"column":46},"end":{"line":69,"column":50}},"type":"binary-expr","locations":[{"start":{"line":69,"column":46},"end":{"line":69,"column":50}},{"start":{"line":69,"column":54},"end":{"line":71,"column":null}}]},"8":{"loc":{"start":{"line":83,"column":96},"end":{"line":83,"column":108}},"type":"binary-expr","locations":[{"start":{"line":83,"column":96},"end":{"line":83,"column":108}},{"start":{"line":83,"column":112},"end":{"line":83,"column":114}}]},"9":{"loc":{"start":{"line":110,"column":36},"end":{"line":110,"column":55}},"type":"binary-expr","locations":[{"start":{"line":110,"column":36},"end":{"line":110,"column":55}},{"start":{"line":110,"column":59},"end":{"line":110,"column":89}},{"start":{"line":110,"column":93},"end":{"line":110,"column":144}}]},"10":{"loc":{"start":{"line":110,"column":124},"end":{"line":110,"column":130}},"type":"binary-expr","locations":[{"start":{"line":110,"column":124},"end":{"line":110,"column":130}},{"start":{"line":110,"column":134},"end":{"line":110,"column":143}}]}},"s":{"0":18,"1":18,"2":18,"3":18,"4":18,"5":18,"6":617,"7":7482,"8":7285,"9":18,"10":18,"11":376,"12":18,"13":0,"14":18,"15":47,"16":18,"17":197,"18":18,"19":197,"20":0,"21":0,"22":0,"23":18,"24":18,"25":0,"26":18,"27":617,"28":18,"29":0,"30":0,"31":0,"32":18,"33":0,"34":0,"35":0,"36":18,"37":373,"38":373,"39":0,"40":0,"41":0,"42":373,"43":373,"44":0,"45":0},"f":{"0":617,"1":7482,"2":7285,"3":376,"4":0,"5":47,"6":197,"7":197,"8":0,"9":0,"10":0,"11":0,"12":617,"13":0,"14":0,"15":0,"16":0,"17":373,"18":0,"19":0},"b":{"0":[18,0],"1":[0,7285],"2":[187,10],"3":[10,187],"4":[0,0,0,0,0],"5":[0,0],"6":[0,0],"7":[617,617],"8":[0,0],"9":[0,0,0],"10":[0,0]}}
,"C:\\Users\\TechHuddle\\Documents\\aarts-all\\packages\\aarts-dynamodb\\dynamodb-batchGetItem.ts": {"path":"C:\\Users\\TechHuddle\\Documents\\aarts-all\\packages\\aarts-dynamodb\\dynamodb-batchGetItem.ts","statementMap":{"0":{"start":{"line":6,"column":0},"end":{"line":6,"column":103}},"1":{"start":{"line":9,"column":13},"end":{"line":33,"column":null}},"2":{"start":{"line":10,"column":4},"end":{"line":33,"column":2}},"3":{"start":{"line":12,"column":33},"end":{"line":12,"column":101}},"4":{"start":{"line":12,"column":69},"end":{"line":12,"column":99}},"5":{"start":{"line":14,"column":38},"end":{"line":21,"column":null}},"6":{"start":{"line":24,"column":4},"end":{"line":32,"column":null}},"7":{"start":{"line":25,"column":8},"end":{"line":27,"column":null}},"8":{"start":{"line":26,"column":12},"end":{"line":26,"column":null}},"9":{"start":{"line":28,"column":8},"end":{"line":28,"column":null}},"10":{"start":{"line":31,"column":8},"end":{"line":31,"column":null}}},"fnMap":{"0":{"name":"(anonymous_0)","decl":{"start":{"line":9,"column":28},"end":{"line":9,"column":29}},"loc":{"start":{"line":10,"column":4},"end":{"line":33,"column":2}}},"1":{"name":"(anonymous_1)","decl":{"start":{"line":10,"column":16},"end":{"line":10,"column":17}},"loc":{"start":{"line":10,"column":36},"end":{"line":33,"column":1}}},"2":{"name":"(anonymous_2)","decl":{"start":{"line":12,"column":63},"end":{"line":12,"column":64}},"loc":{"start":{"line":12,"column":67},"end":{"line":12,"column":99}}},"3":{"name":"(anonymous_3)","decl":{"start":{"line":24,"column":40},"end":{"line":24,"column":41}},"loc":{"start":{"line":24,"column":88},"end":{"line":32,"column":5}}}},"branchMap":{"0":{"loc":{"start":{"line":25,"column":8},"end":{"line":27,"column":null}},"type":"if","locations":[{"start":{"line":25,"column":8},"end":{"line":27,"column":null}},{"start":{"line":25,"column":8},"end":{"line":27,"column":null}}]},"1":{"loc":{"start":{"line":28,"column":8},"end":{"line":28,"column":25}},"type":"binary-expr","locations":[{"start":{"line":28,"column":8},"end":{"line":28,"column":25}},{"start":{"line":28,"column":29},"end":{"line":28,"column":84}}]}},"s":{"0":18,"1":18,"2":0,"3":0,"4":0,"5":0,"6":0,"7":0,"8":0,"9":0,"10":0},"f":{"0":0,"1":0,"2":0,"3":0},"b":{"0":[0,0],"1":[0,0]}}
,"C:\\Users\\TechHuddle\\Documents\\aarts-all\\packages\\aarts-dynamodb\\dynamodb-queryItems.ts": {"path":"C:\\Users\\TechHuddle\\Documents\\aarts-all\\packages\\aarts-dynamodb\\dynamodb-queryItems.ts","statementMap":{"0":{"start":{"line":6,"column":0},"end":{"line":6,"column":152}},"1":{"start":{"line":11,"column":13},"end":{"line":106,"column":null}},"2":{"start":{"line":12,"column":4},"end":{"line":106,"column":2}},"3":{"start":{"line":14,"column":27},"end":{"line":17,"column":10}},"4":{"start":{"line":18,"column":38},"end":{"line":18,"column":111}},"5":{"start":{"line":20,"column":24},"end":{"line":20,"column":110}},"6":{"start":{"line":20,"column":87},"end":{"line":20,"column":109}},"7":{"start":{"line":21,"column":34},"end":{"line":24,"column":13}},"8":{"start":{"line":22,"column":12},"end":{"line":22,"column":null}},"9":{"start":{"line":23,"column":12},"end":{"line":23,"column":null}},"10":{"start":{"line":26,"column":42},"end":{"line":26,"column":114}},"11":{"start":{"line":29,"column":43},"end":{"line":29,"column":98}},"12":{"start":{"line":30,"column":8},"end":{"line":52,"column":null}},"13":{"start":{"line":32,"column":12},"end":{"line":32,"column":null}},"14":{"start":{"line":34,"column":12},"end":{"line":51,"column":null}},"15":{"start":{"line":35,"column":16},"end":{"line":37,"column":null}},"16":{"start":{"line":36,"column":20},"end":{"line":36,"column":null}},"17":{"start":{"line":38,"column":16},"end":{"line":38,"column":null}},"18":{"start":{"line":39,"column":16},"end":{"line":39,"column":null}},"19":{"start":{"line":40,"column":16},"end":{"line":40,"column":null}},"20":{"start":{"line":44,"column":16},"end":{"line":48,"column":null}},"21":{"start":{"line":45,"column":20},"end":{"line":45,"column":null}},"22":{"start":{"line":47,"column":20},"end":{"line":47,"column":null}},"23":{"start":{"line":50,"column":16},"end":{"line":50,"column":null}},"24":{"start":{"line":55,"column":8},"end":{"line":68,"column":null}},"25":{"start":{"line":56,"column":12},"end":{"line":61,"column":null}},"26":{"start":{"line":59,"column":16},"end":{"line":59,"column":null}},"27":{"start":{"line":60,"column":16},"end":{"line":60,"column":null}},"28":{"start":{"line":63,"column":12},"end":{"line":67,"column":null}},"29":{"start":{"line":65,"column":20},"end":{"line":65,"column":null}},"30":{"start":{"line":66,"column":20},"end":{"line":66,"column":null}},"31":{"start":{"line":70,"column":8},"end":{"line":70,"column":null}},"32":{"start":{"line":71,"column":8},"end":{"line":71,"column":null}},"33":{"start":{"line":72,"column":8},"end":{"line":72,"column":null}},"34":{"start":{"line":73,"column":8},"end":{"line":73,"column":null}},"35":{"start":{"line":74,"column":8},"end":{"line":74,"column":null}},"36":{"start":{"line":75,"column":8},"end":{"line":75,"column":null}},"37":{"start":{"line":76,"column":8},"end":{"line":76,"column":null}},"38":{"start":{"line":77,"column":8},"end":{"line":77,"column":null}},"39":{"start":{"line":83,"column":44},"end":{"line":94,"column":null}},"40":{"start":{"line":96,"column":4},"end":{"line":105,"column":null}},"41":{"start":{"line":97,"column":8},"end":{"line":100,"column":null}},"42":{"start":{"line":98,"column":12},"end":{"line":98,"column":null}},"43":{"start":{"line":99,"column":12},"end":{"line":99,"column":null}},"44":{"start":{"line":102,"column":8},"end":{"line":102,"column":null}},"45":{"start":{"line":104,"column":8},"end":{"line":104,"column":null}}},"fnMap":{"0":{"name":"(anonymous_0)","decl":{"start":{"line":11,"column":26},"end":{"line":11,"column":52}},"loc":{"start":{"line":12,"column":4},"end":{"line":106,"column":2}}},"1":{"name":"(anonymous_1)","decl":{"start":{"line":12,"column":16},"end":{"line":12,"column":17}},"loc":{"start":{"line":12,"column":36},"end":{"line":106,"column":1}}},"2":{"name":"(anonymous_2)","decl":{"start":{"line":20,"column":77},"end":{"line":20,"column":83}},"loc":{"start":{"line":20,"column":87},"end":{"line":20,"column":109}}},"3":{"name":"(anonymous_3)","decl":{"start":{"line":21,"column":68},"end":{"line":21,"column":69}},"loc":{"start":{"line":21,"column":80},"end":{"line":24,"column":9}}},"4":{"name":"(anonymous_4)","decl":{"start":{"line":57,"column":66},"end":{"line":57,"column":67}},"loc":{"start":{"line":57,"column":78},"end":{"line":61,"column":13}}},"5":{"name":"(anonymous_5)","decl":{"start":{"line":64,"column":74},"end":{"line":64,"column":75}},"loc":{"start":{"line":64,"column":86},"end":{"line":67,"column":17}}},"6":{"name":"(anonymous_6)","decl":{"start":{"line":96,"column":33},"end":{"line":96,"column":34}},"loc":{"start":{"line":96,"column":83},"end":{"line":105,"column":5}}}},"branchMap":{"0":{"loc":{"start":{"line":20,"column":24},"end":{"line":20,"column":46}},"type":"binary-expr","locations":[{"start":{"line":20,"column":24},"end":{"line":20,"column":46}},{"start":{"line":20,"column":50},"end":{"line":20,"column":110}}]},"1":{"loc":{"start":{"line":21,"column":34},"end":{"line":21,"column":41}},"type":"binary-expr","locations":[{"start":{"line":21,"column":34},"end":{"line":21,"column":41}},{"start":{"line":21,"column":45},"end":{"line":24,"column":13}}]},"2":{"loc":{"start":{"line":30,"column":8},"end":{"line":52,"column":null}},"type":"if","locations":[{"start":{"line":30,"column":8},"end":{"line":52,"column":null}},{"start":{"line":30,"column":8},"end":{"line":52,"column":null}}]},"3":{"loc":{"start":{"line":34,"column":12},"end":{"line":51,"column":null}},"type":"if","locations":[{"start":{"line":34,"column":12},"end":{"line":51,"column":null}},{"start":{"line":34,"column":12},"end":{"line":51,"column":null}}]},"4":{"loc":{"start":{"line":35,"column":16},"end":{"line":37,"column":null}},"type":"if","locations":[{"start":{"line":35,"column":16},"end":{"line":37,"column":null}},{"start":{"line":35,"column":16},"end":{"line":37,"column":null}}]},"5":{"loc":{"start":{"line":35,"column":22},"end":{"line":35,"column":55}},"type":"binary-expr","locations":[{"start":{"line":35,"column":22},"end":{"line":35,"column":55}},{"start":{"line":35,"column":59},"end":{"line":35,"column":92}}]},"6":{"loc":{"start":{"line":44,"column":16},"end":{"line":48,"column":null}},"type":"if","locations":[{"start":{"line":44,"column":16},"end":{"line":48,"column":null}},{"start":{"line":44,"column":16},"end":{"line":48,"column":null}}]},"7":{"loc":{"start":{"line":55,"column":8},"end":{"line":68,"column":null}},"type":"if","locations":[{"start":{"line":55,"column":8},"end":{"line":68,"column":null}},{"start":{"line":55,"column":8},"end":{"line":68,"column":null}}]},"8":{"loc":{"start":{"line":57,"column":16},"end":{"line":57,"column":23}},"type":"binary-expr","locations":[{"start":{"line":57,"column":16},"end":{"line":57,"column":23}},{"start":{"line":57,"column":27},"end":{"line":61,"column":17}}]},"9":{"loc":{"start":{"line":64,"column":16},"end":{"line":64,"column":23}},"type":"binary-expr","locations":[{"start":{"line":64,"column":16},"end":{"line":64,"column":23}},{"start":{"line":64,"column":27},"end":{"line":67,"column":21}}]},"10":{"loc":{"start":{"line":70,"column":8},"end":{"line":70,"column":25}},"type":"binary-expr","locations":[{"start":{"line":70,"column":8},"end":{"line":70,"column":25}},{"start":{"line":70,"column":29},"end":{"line":70,"column":92}}]},"11":{"loc":{"start":{"line":71,"column":8},"end":{"line":71,"column":25}},"type":"binary-expr","locations":[{"start":{"line":71,"column":8},"end":{"line":71,"column":25}},{"start":{"line":71,"column":29},"end":{"line":71,"column":67}}]},"12":{"loc":{"start":{"line":72,"column":8},"end":{"line":72,"column":25}},"type":"binary-expr","locations":[{"start":{"line":72,"column":8},"end":{"line":72,"column":25}},{"start":{"line":72,"column":29},"end":{"line":72,"column":92}}]},"13":{"loc":{"start":{"line":73,"column":8},"end":{"line":73,"column":25}},"type":"binary-expr","locations":[{"start":{"line":73,"column":8},"end":{"line":73,"column":25}},{"start":{"line":73,"column":29},"end":{"line":73,"column":61}}]},"14":{"loc":{"start":{"line":74,"column":8},"end":{"line":74,"column":25}},"type":"binary-expr","locations":[{"start":{"line":74,"column":8},"end":{"line":74,"column":25}},{"start":{"line":74,"column":29},"end":{"line":74,"column":81}}]},"15":{"loc":{"start":{"line":75,"column":8},"end":{"line":75,"column":25}},"type":"binary-expr","locations":[{"start":{"line":75,"column":8},"end":{"line":75,"column":25}},{"start":{"line":75,"column":29},"end":{"line":75,"column":97}}]},"16":{"loc":{"start":{"line":76,"column":8},"end":{"line":76,"column":25}},"type":"binary-expr","locations":[{"start":{"line":76,"column":8},"end":{"line":76,"column":25}},{"start":{"line":76,"column":29},"end":{"line":76,"column":99}}]},"17":{"loc":{"start":{"line":77,"column":8},"end":{"line":77,"column":25}},"type":"binary-expr","locations":[{"start":{"line":77,"column":8},"end":{"line":77,"column":25}},{"start":{"line":77,"column":29},"end":{"line":77,"column":92}}]},"18":{"loc":{"start":{"line":97,"column":8},"end":{"line":100,"column":null}},"type":"if","locations":[{"start":{"line":97,"column":8},"end":{"line":100,"column":null}},{"start":{"line":97,"column":8},"end":{"line":100,"column":null}}]},"19":{"loc":{"start":{"line":102,"column":8},"end":{"line":102,"column":25}},"type":"binary-expr","locations":[{"start":{"line":102,"column":8},"end":{"line":102,"column":25}},{"start":{"line":102,"column":29},"end":{"line":102,"column":149}}]}},"s":{"0":18,"1":18,"2":0,"3":0,"4":0,"5":0,"6":0,"7":0,"8":0,"9":0,"10":0,"11":0,"12":0,"13":0,"14":0,"15":0,"16":0,"17":0,"18":0,"19":0,"20":0,"21":0,"22":0,"23":0,"24":0,"25":0,"26":0,"27":0,"28":0,"29":0,"30":0,"31":0,"32":0,"33":0,"34":0,"35":0,"36":0,"37":0,"38":0,"39":0,"40":0,"41":0,"42":0,"43":0,"44":0,"45":0},"f":{"0":0,"1":0,"2":0,"3":0,"4":0,"5":0,"6":0},"b":{"0":[0,0],"1":[0,0],"2":[0,0],"3":[0,0],"4":[0,0],"5":[0,0],"6":[0,0],"7":[0,0],"8":[0,0],"9":[0,0],"10":[0,0],"11":[0,0],"12":[0,0],"13":[0,0],"14":[0,0],"15":[0,0],"16":[0,0],"17":[0,0],"18":[0,0],"19":[0,0]}}
,"C:\\Users\\TechHuddle\\Documents\\aarts-all\\packages\\aarts-dynamodb\\dynamodb-transactDeleteItem.ts": {"path":"C:\\Users\\TechHuddle\\Documents\\aarts-all\\packages\\aarts-dynamodb\\dynamodb-transactDeleteItem.ts","statementMap":{"0":{"start":{"line":7,"column":0},"end":{"line":7,"column":149}},"1":{"start":{"line":8,"column":0},"end":{"line":8,"column":43}},"2":{"start":{"line":11,"column":13},"end":{"line":139,"column":null}},"3":{"start":{"line":12,"column":22},"end":{"line":12,"column":70}},"4":{"start":{"line":14,"column":30},"end":{"line":15,"column":51}},"5":{"start":{"line":16,"column":48},"end":{"line":17,"column":null}},"6":{"start":{"line":19,"column":29},"end":{"line":19,"column":89}},"7":{"start":{"line":20,"column":26},"end":{"line":20,"column":54}},"8":{"start":{"line":24,"column":4},"end":{"line":24,"column":null}},"9":{"start":{"line":25,"column":4},"end":{"line":25,"column":null}},"10":{"start":{"line":26,"column":4},"end":{"line":26,"column":null}},"11":{"start":{"line":27,"column":4},"end":{"line":27,"column":null}},"12":{"start":{"line":28,"column":4},"end":{"line":28,"column":null}},"13":{"start":{"line":29,"column":4},"end":{"line":29,"column":null}},"14":{"start":{"line":30,"column":4},"end":{"line":30,"column":null}},"15":{"start":{"line":33,"column":23},"end":{"line":33,"column":202}},"16":{"start":{"line":33,"column":142},"end":{"line":33,"column":159}},"17":{"start":{"line":33,"column":171},"end":{"line":33,"column":188}},"18":{"start":{"line":34,"column":30},"end":{"line":34,"column":151}},"19":{"start":{"line":34,"column":78},"end":{"line":34,"column":108}},"20":{"start":{"line":34,"column":120},"end":{"line":34,"column":137}},"21":{"start":{"line":35,"column":4},"end":{"line":35,"column":null}},"22":{"start":{"line":37,"column":61},"end":{"line":85,"column":null}},"23":{"start":{"line":69,"column":20},"end":{"line":71,"column":null}},"24":{"start":{"line":70,"column":24},"end":{"line":70,"column":null}},"25":{"start":{"line":72,"column":20},"end":{"line":72,"column":null}},"26":{"start":{"line":77,"column":24},"end":{"line":79,"column":null}},"27":{"start":{"line":78,"column":28},"end":{"line":78,"column":null}},"28":{"start":{"line":80,"column":24},"end":{"line":80,"column":null}},"29":{"start":{"line":87,"column":37},"end":{"line":107,"column":33}},"30":{"start":{"line":88,"column":8},"end":{"line":96,"column":null}},"31":{"start":{"line":88,"column":54},"end":{"line":88,"column":59}},"32":{"start":{"line":89,"column":12},"end":{"line":95,"column":null}},"33":{"start":{"line":97,"column":8},"end":{"line":105,"column":null}},"34":{"start":{"line":97,"column":54},"end":{"line":97,"column":59}},"35":{"start":{"line":97,"column":109},"end":{"line":97,"column":122}},"36":{"start":{"line":98,"column":12},"end":{"line":104,"column":null}},"37":{"start":{"line":106,"column":8},"end":{"line":106,"column":null}},"38":{"start":{"line":112,"column":4},"end":{"line":126,"column":null}},"39":{"start":{"line":113,"column":8},"end":{"line":125,"column":null}},"40":{"start":{"line":129,"column":44},"end":{"line":134,"column":null}},"41":{"start":{"line":136,"column":19},"end":{"line":136,"column":78}},"42":{"start":{"line":137,"column":4},"end":{"line":137,"column":null}},"43":{"start":{"line":138,"column":4},"end":{"line":138,"column":null}}},"fnMap":{"0":{"name":"(anonymous_0)","decl":{"start":{"line":11,"column":34},"end":{"line":11,"column":39}},"loc":{"start":{"line":11,"column":136},"end":{"line":139,"column":1}}},"1":{"name":"(anonymous_1)","decl":{"start":{"line":33,"column":136},"end":{"line":33,"column":138}},"loc":{"start":{"line":33,"column":142},"end":{"line":33,"column":159}}},"2":{"name":"(anonymous_2)","decl":{"start":{"line":33,"column":165},"end":{"line":33,"column":167}},"loc":{"start":{"line":33,"column":171},"end":{"line":33,"column":188}}},"3":{"name":"(anonymous_3)","decl":{"start":{"line":34,"column":71},"end":{"line":34,"column":74}},"loc":{"start":{"line":34,"column":78},"end":{"line":34,"column":108}}},"4":{"name":"(anonymous_4)","decl":{"start":{"line":34,"column":114},"end":{"line":34,"column":116}},"loc":{"start":{"line":34,"column":120},"end":{"line":34,"column":137}}},"5":{"name":"(anonymous_5)","decl":{"start":{"line":68,"column":110},"end":{"line":68,"column":111}},"loc":{"start":{"line":68,"column":125},"end":{"line":73,"column":17}}},"6":{"name":"(anonymous_6)","decl":{"start":{"line":76,"column":89},"end":{"line":76,"column":90}},"loc":{"start":{"line":76,"column":104},"end":{"line":81,"column":21}}},"7":{"name":"(anonymous_7)","decl":{"start":{"line":87,"column":92},"end":{"line":87,"column":93}},"loc":{"start":{"line":87,"column":107},"end":{"line":107,"column":5}}},"8":{"name":"(anonymous_8)","decl":{"start":{"line":88,"column":49},"end":{"line":88,"column":50}},"loc":{"start":{"line":88,"column":54},"end":{"line":88,"column":59}}},"9":{"name":"(anonymous_9)","decl":{"start":{"line":97,"column":49},"end":{"line":97,"column":50}},"loc":{"start":{"line":97,"column":54},"end":{"line":97,"column":59}}},"10":{"name":"(anonymous_10)","decl":{"start":{"line":97,"column":104},"end":{"line":97,"column":105}},"loc":{"start":{"line":97,"column":109},"end":{"line":97,"column":122}}}},"branchMap":{"0":{"loc":{"start":{"line":24,"column":4},"end":{"line":24,"column":21}},"type":"binary-expr","locations":[{"start":{"line":24,"column":4},"end":{"line":24,"column":21}},{"start":{"line":24,"column":25},"end":{"line":24,"column":88}}]},"1":{"loc":{"start":{"line":25,"column":4},"end":{"line":25,"column":21}},"type":"binary-expr","locations":[{"start":{"line":25,"column":4},"end":{"line":25,"column":21}},{"start":{"line":25,"column":25},"end":{"line":25,"column":68}}]},"2":{"loc":{"start":{"line":26,"column":4},"end":{"line":26,"column":21}},"type":"binary-expr","locations":[{"start":{"line":26,"column":4},"end":{"line":26,"column":21}},{"start":{"line":26,"column":25},"end":{"line":26,"column":65}}]},"3":{"loc":{"start":{"line":27,"column":4},"end":{"line":27,"column":21}},"type":"binary-expr","locations":[{"start":{"line":27,"column":4},"end":{"line":27,"column":21}},{"start":{"line":27,"column":25},"end":{"line":27,"column":77}}]},"4":{"loc":{"start":{"line":28,"column":4},"end":{"line":28,"column":21}},"type":"binary-expr","locations":[{"start":{"line":28,"column":4},"end":{"line":28,"column":21}},{"start":{"line":28,"column":25},"end":{"line":28,"column":67}}]},"5":{"loc":{"start":{"line":29,"column":4},"end":{"line":29,"column":21}},"type":"binary-expr","locations":[{"start":{"line":29,"column":4},"end":{"line":29,"column":21}},{"start":{"line":29,"column":25},"end":{"line":29,"column":75}}]},"6":{"loc":{"start":{"line":30,"column":4},"end":{"line":30,"column":21}},"type":"binary-expr","locations":[{"start":{"line":30,"column":4},"end":{"line":30,"column":21}},{"start":{"line":30,"column":25},"end":{"line":30,"column":88}}]},"7":{"loc":{"start":{"line":34,"column":78},"end":{"line":34,"column":90}},"type":"binary-expr","locations":[{"start":{"line":34,"column":78},"end":{"line":34,"column":90}},{"start":{"line":34,"column":94},"end":{"line":34,"column":108}}]},"8":{"loc":{"start":{"line":69,"column":20},"end":{"line":71,"column":null}},"type":"if","locations":[{"start":{"line":69,"column":20},"end":{"line":71,"column":null}},{"start":{"line":69,"column":20},"end":{"line":71,"column":null}}]},"9":{"loc":{"start":{"line":69,"column":24},"end":{"line":69,"column":36}},"type":"binary-expr","locations":[{"start":{"line":69,"column":24},"end":{"line":69,"column":36}},{"start":{"line":69,"column":40},"end":{"line":69,"column":54}}]},"10":{"loc":{"start":{"line":77,"column":24},"end":{"line":79,"column":null}},"type":"if","locations":[{"start":{"line":77,"column":24},"end":{"line":79,"column":null}},{"start":{"line":77,"column":24},"end":{"line":79,"column":null}}]},"11":{"loc":{"start":{"line":77,"column":28},"end":{"line":77,"column":40}},"type":"binary-expr","locations":[{"start":{"line":77,"column":28},"end":{"line":77,"column":40}},{"start":{"line":77,"column":44},"end":{"line":77,"column":58}}]},"12":{"loc":{"start":{"line":88,"column":8},"end":{"line":96,"column":null}},"type":"if","locations":[{"start":{"line":88,"column":8},"end":{"line":96,"column":null}},{"start":{"line":88,"column":8},"end":{"line":96,"column":null}}]},"13":{"loc":{"start":{"line":88,"column":12},"end":{"line":88,"column":26}},"type":"binary-expr","locations":[{"start":{"line":88,"column":12},"end":{"line":88,"column":26}},{"start":{"line":88,"column":30},"end":{"line":88,"column":78}}]},"14":{"loc":{"start":{"line":97,"column":8},"end":{"line":105,"column":null}},"type":"if","locations":[{"start":{"line":97,"column":8},"end":{"line":105,"column":null}},{"start":{"line":97,"column":8},"end":{"line":105,"column":null}}]},"15":{"loc":{"start":{"line":97,"column":12},"end":{"line":97,"column":26}},"type":"binary-expr","locations":[{"start":{"line":97,"column":12},"end":{"line":97,"column":26}},{"start":{"line":97,"column":30},"end":{"line":97,"column":78}},{"start":{"line":97,"column":82},"end":{"line":97,"column":142}}]},"16":{"loc":{"start":{"line":112,"column":4},"end":{"line":126,"column":null}},"type":"if","locations":[{"start":{"line":112,"column":4},"end":{"line":126,"column":null}},{"start":{"line":112,"column":4},"end":{"line":126,"column":null}}]},"17":{"loc":{"start":{"line":137,"column":4},"end":{"line":137,"column":21}},"type":"binary-expr","locations":[{"start":{"line":137,"column":4},"end":{"line":137,"column":21}},{"start":{"line":137,"column":25},"end":{"line":137,"column":94}}]}},"s":{"0":18,"1":18,"2":18,"3":0,"4":0,"5":0,"6":0,"7":0,"8":0,"9":0,"10":0,"11":0,"12":0,"13":0,"14":0,"15":0,"16":0,"17":0,"18":0,"19":0,"20":0,"21":0,"22":0,"23":0,"24":0,"25":0,"26":0,"27":0,"28":0,"29":0,"30":0,"31":0,"32":0,"33":0,"34":0,"35":0,"36":0,"37":0,"38":0,"39":0,"40":0,"41":0,"42":0,"43":0},"f":{"0":0,"1":0,"2":0,"3":0,"4":0,"5":0,"6":0,"7":0,"8":0,"9":0,"10":0},"b":{"0":[0,0],"1":[0,0],"2":[0,0],"3":[0,0],"4":[0,0],"5":[0,0],"6":[0,0],"7":[0,0],"8":[0,0],"9":[0,0],"10":[0,0],"11":[0,0],"12":[0,0],"13":[0,0],"14":[0,0],"15":[0,0,0],"16":[0,0],"17":[0,0]}}
,"C:\\Users\\TechHuddle\\Documents\\aarts-all\\packages\\aarts-dynamodb\\dynamodb-transactPutItem.ts": {"path":"C:\\Users\\TechHuddle\\Documents\\aarts-all\\packages\\aarts-dynamodb\\dynamodb-transactPutItem.ts","statementMap":{"0":{"start":{"line":6,"column":0},"end":{"line":6,"column":147}},"1":{"start":{"line":7,"column":0},"end":{"line":7,"column":43}},"2":{"start":{"line":9,"column":13},"end":{"line":96,"column":null}},"3":{"start":{"line":10,"column":4},"end":{"line":10,"column":null}},"4":{"start":{"line":12,"column":18},"end":{"line":12,"column":38}},"5":{"start":{"line":14,"column":61},"end":{"line":23,"column":null}},"6":{"start":{"line":26,"column":37},"end":{"line":50,"column":33}},"7":{"start":{"line":27,"column":8},"end":{"line":35,"column":null}},"8":{"start":{"line":27,"column":54},"end":{"line":27,"column":59}},"9":{"start":{"line":28,"column":12},"end":{"line":34,"column":null}},"10":{"start":{"line":36,"column":8},"end":{"line":47,"column":null}},"11":{"start":{"line":36,"column":54},"end":{"line":36,"column":59}},"12":{"start":{"line":36,"column":124},"end":{"line":36,"column":137}},"13":{"start":{"line":37,"column":32},"end":{"line":37,"column":107}},"14":{"start":{"line":38,"column":12},"end":{"line":46,"column":null}},"15":{"start":{"line":49,"column":8},"end":{"line":49,"column":null}},"16":{"start":{"line":54,"column":4},"end":{"line":83,"column":null}},"17":{"start":{"line":55,"column":8},"end":{"line":67,"column":null}},"18":{"start":{"line":68,"column":8},"end":{"line":82,"column":null}},"19":{"start":{"line":69,"column":12},"end":{"line":81,"column":null}},"20":{"start":{"line":85,"column":44},"end":{"line":90,"column":null}},"21":{"start":{"line":93,"column":19},"end":{"line":93,"column":78}},"22":{"start":{"line":94,"column":4},"end":{"line":94,"column":null}},"23":{"start":{"line":95,"column":4},"end":{"line":95,"column":null}}},"fnMap":{"0":{"name":"(anonymous_0)","decl":{"start":{"line":9,"column":31},"end":{"line":9,"column":36}},"loc":{"start":{"line":9,"column":126},"end":{"line":96,"column":1}}},"1":{"name":"(anonymous_1)","decl":{"start":{"line":26,"column":84},"end":{"line":26,"column":85}},"loc":{"start":{"line":26,"column":99},"end":{"line":50,"column":5}}},"2":{"name":"(anonymous_2)","decl":{"start":{"line":27,"column":49},"end":{"line":27,"column":50}},"loc":{"start":{"line":27,"column":54},"end":{"line":27,"column":59}}},"3":{"name":"(anonymous_3)","decl":{"start":{"line":36,"column":49},"end":{"line":36,"column":50}},"loc":{"start":{"line":36,"column":54},"end":{"line":36,"column":59}}},"4":{"name":"(anonymous_4)","decl":{"start":{"line":36,"column":119},"end":{"line":36,"column":120}},"loc":{"start":{"line":36,"column":124},"end":{"line":36,"column":137}}}},"branchMap":{"0":{"loc":{"start":{"line":10,"column":4},"end":{"line":10,"column":21}},"type":"binary-expr","locations":[{"start":{"line":10,"column":4},"end":{"line":10,"column":21}},{"start":{"line":10,"column":25},"end":{"line":10,"column":93}}]},"1":{"loc":{"start":{"line":27,"column":8},"end":{"line":35,"column":null}},"type":"if","locations":[{"start":{"line":27,"column":8},"end":{"line":35,"column":null}},{"start":{"line":27,"column":8},"end":{"line":35,"column":null}}]},"2":{"loc":{"start":{"line":27,"column":12},"end":{"line":27,"column":26}},"type":"binary-expr","locations":[{"start":{"line":27,"column":12},"end":{"line":27,"column":26}},{"start":{"line":27,"column":30},"end":{"line":27,"column":78}},{"start":{"line":27,"column":82},"end":{"line":27,"column":93}}]},"3":{"loc":{"start":{"line":36,"column":8},"end":{"line":47,"column":null}},"type":"if","locations":[{"start":{"line":36,"column":8},"end":{"line":47,"column":null}},{"start":{"line":36,"column":8},"end":{"line":47,"column":null}}]},"4":{"loc":{"start":{"line":36,"column":12},"end":{"line":36,"column":26}},"type":"binary-expr","locations":[{"start":{"line":36,"column":12},"end":{"line":36,"column":26}},{"start":{"line":36,"column":30},"end":{"line":36,"column":78}},{"start":{"line":36,"column":82},"end":{"line":36,"column":93}},{"start":{"line":36,"column":97},"end":{"line":36,"column":157}}]},"5":{"loc":{"start":{"line":54,"column":4},"end":{"line":83,"column":null}},"type":"if","locations":[{"start":{"line":54,"column":4},"end":{"line":83,"column":null}},{"start":{"line":54,"column":4},"end":{"line":83,"column":null}}]},"6":{"loc":{"start":{"line":68,"column":8},"end":{"line":82,"column":null}},"type":"if","locations":[{"start":{"line":68,"column":8},"end":{"line":82,"column":null}},{"start":{"line":68,"column":8},"end":{"line":82,"column":null}}]},"7":{"loc":{"start":{"line":94,"column":4},"end":{"line":94,"column":21}},"type":"binary-expr","locations":[{"start":{"line":94,"column":4},"end":{"line":94,"column":21}},{"start":{"line":94,"column":25},"end":{"line":94,"column":94}}]}},"s":{"0":18,"1":18,"2":18,"3":373,"4":373,"5":373,"6":373,"7":4448,"8":2546,"9":197,"10":4448,"11":2546,"12":1157,"13":47,"14":47,"15":4448,"16":373,"17":373,"18":373,"19":0,"20":373,"21":373,"22":372,"23":372},"f":{"0":373,"1":4448,"2":2546,"3":2546,"4":1157},"b":{"0":[373,0],"1":[197,4251],"2":[4448,536,197],"3":[47,4401],"4":[4448,536,197,197],"5":[373,0],"6":[0,373],"7":[372,0]}}
[...]
,"C:\\Users\\TechHuddle\\Documents\\aarts-all\\packages\\aarts-dynamodb\\__specs__\\testmodel\\Airport.ts": {"path":"C:\\Users\\TechHuddle\\Documents\\aarts-all\\packages\\aarts-dynamodb\\__specs__\\testmodel\\Airport.ts","statementMap":{"0":{"start":{"line":1,"column":0},"end":{"line":1,"column":61}},"1":{"start":{"line":20,"column":11},"end":{"line":20,"column":null}},"2":{"start":{"line":5,"column":0},"end":{"line":5,"column":13}},"3":{"start":{"line":27,"column":37},"end":{"line":27,"column":39}},"4":{"start":{"line":29,"column":12},"end":{"line":32,"column":null}},"5":{"start":{"line":30,"column":16},"end":{"line":30,"column":null}},"6":{"start":{"line":31,"column":16},"end":{"line":31,"column":null}},"7":{"start":{"line":33,"column":12},"end":{"line":36,"column":null}},"8":{"start":{"line":34,"column":16},"end":{"line":34,"column":null}},"9":{"start":{"line":35,"column":16},"end":{"line":35,"column":null}},"10":{"start":{"line":37,"column":12},"end":{"line":40,"column":null}},"11":{"start":{"line":38,"column":16},"end":{"line":38,"column":null}},"12":{"start":{"line":39,"column":16},"end":{"line":39,"column":null}},"13":{"start":{"line":42,"column":12},"end":{"line":47,"column":null}},"14":{"start":{"line":43,"column":16},"end":{"line":43,"column":null}},"15":{"start":{"line":44,"column":16},"end":{"line":44,"column":null}},"16":{"start":{"line":46,"column":16},"end":{"line":46,"column":null}},"17":{"start":{"line":51,"column":8},"end":{"line":51,"column":null}},"18":{"start":{"line":25,"column":0},"end":{"line":25,"column":13}}},"fnMap":{"0":{"name":"(anonymous_0)","decl":{"start":{"line":7,"column":4},"end":{"line":7,"column":16}},"loc":{"start":{"line":7,"column":30},"end":{"line":18,"column":5}}},"1":{"name":"(anonymous_1)","decl":{"start":{"line":26,"column":4},"end":{"line":26,"column":9}},"loc":{"start":{"line":26,"column":74},"end":{"line":48,"column":5}}},"2":{"name":"(anonymous_2)","decl":{"start":{"line":50,"column":4},"end":{"line":50,"column":9}},"loc":{"start":{"line":50,"column":74},"end":{"line":52,"column":5}}}},"branchMap":{"0":{"loc":{"start":{"line":29,"column":12},"end":{"line":32,"column":null}},"type":"if","locations":[{"start":{"line":29,"column":12},"end":{"line":32,"column":null}},{"start":{"line":29,"column":12},"end":{"line":32,"column":null}}]},"1":{"loc":{"start":{"line":33,"column":12},"end":{"line":36,"column":null}},"type":"if","locations":[{"start":{"line":33,"column":12},"end":{"line":36,"column":null}},{"start":{"line":33,"column":12},"end":{"line":36,"column":null}}]},"2":{"loc":{"start":{"line":37,"column":12},"end":{"line":40,"column":null}},"type":"if","locations":[{"start":{"line":37,"column":12},"end":{"line":40,"column":null}},{"start":{"line":37,"column":12},"end":{"line":40,"column":null}}]},"3":{"loc":{"start":{"line":42,"column":12},"end":{"line":47,"column":null}},"type":"if","locations":[{"start":{"line":42,"column":12},"end":{"line":47,"column":null}},{"start":{"line":42,"column":12},"end":{"line":47,"column":null}}]}},"s":{"0":18,"1":10,"2":18,"3":0,"4":0,"5":0,"6":0,"7":0,"8":0,"9":0,"10":0,"11":0,"12":0,"13":0,"14":0,"15":0,"16":0,"17":0,"18":18},"f":{"0":10,"1":0,"2":0},"b":{"0":[0,0],"1":[0,0],"2":[0,0],"3":[0,0]}}
,"C:\\Users\\TechHuddle\\Documents\\aarts-all\\packages\\aarts-dynamodb\\__specs__\\testmodel\\Country.ts": {"path":"C:\\Users\\TechHuddle\\Documents\\aarts-all\\packages\\aarts-dynamodb\\__specs__\\testmodel\\Country.ts","statementMap":{"0":{"start":{"line":16,"column":11},"end":{"line":16,"column":null}},"1":{"start":{"line":17,"column":11},"end":{"line":17,"column":null}},"2":{"start":{"line":18,"column":11},"end":{"line":18,"column":null}},"3":{"start":{"line":2,"column":0},"end":{"line":2,"column":13}}},"fnMap":{"0":{"name":"(anonymous_0)","decl":{"start":{"line":3,"column":4},"end":{"line":3,"column":16}},"loc":{"start":{"line":3,"column":30},"end":{"line":13,"column":5}}}},"branchMap":{},"s":{"0":7,"1":7,"2":7,"3":18},"f":{"0":7},"b":{}}
,"C:\\Users\\TechHuddle\\Documents\\aarts-all\\packages\\aarts-dynamodb\\__specs__\\testmodel\\DataImporter.ts": {"path":"C:\\Users\\TechHuddle\\Documents\\aarts-all\\packages\\aarts-dynamodb\\__specs__\\testmodel\\DataImporter.ts","statementMap":{"0":{"start":{"line":1,"column":0},"end":{"line":1,"column":51}},"1":{"start":{"line":19,"column":8},"end":{"line":19,"column":null}},"2":{"start":{"line":21,"column":8},"end":{"line":27,"column":null}},"3":{"start":{"line":22,"column":12},"end":{"line":22,"column":null}},"4":{"start":{"line":24,"column":12},"end":{"line":24,"column":null}},"5":{"start":{"line":25,"column":12},"end":{"line":25,"column":null}},"6":{"start":{"line":26,"column":12},"end":{"line":26,"column":22}},"7":{"start":{"line":29,"column":8},"end":{"line":29,"column":null}},"8":{"start":{"line":31,"column":8},"end":{"line":31,"column":null}},"9":{"start":{"line":4,"column":0},"end":{"line":4,"column":13}}},"fnMap":{"0":{"name":"(anonymous_0)","decl":{"start":{"line":5,"column":4},"end":{"line":5,"column":16}},"loc":{"start":{"line":5,"column":30},"end":{"line":16,"column":5}}},"1":{"name":"(anonymous_1)","decl":{"start":{"line":18,"column":11},"end":{"line":18,"column":16}},"loc":{"start":{"line":18,"column":57},"end":{"line":32,"column":5}}}},"branchMap":{},"s":{"0":18,"1":1,"2":1,"3":1,"4":0,"5":0,"6":0,"7":0,"8":0,"9":18},"f":{"0":3,"1":1},"b":{}}
,"C:\\Users\\TechHuddle\\Documents\\aarts-all\\packages\\aarts-dynamodb\\__specs__\\testmodel\\Flight.ts": {"path":"C:\\Users\\TechHuddle\\Documents\\aarts-all\\packages\\aarts-dynamodb\\__specs__\\testmodel\\Flight.ts","statementMap":{"0":{"start":{"line":2,"column":0},"end":{"line":2,"column":13}}},"fnMap":{"0":{"name":"(anonymous_0)","decl":{"start":{"line":3,"column":4},"end":{"line":3,"column":16}},"loc":{"start":{"line":3,"column":30},"end":{"line":14,"column":5}}}},"branchMap":{},"s":{"0":18},"f":{"0":20},"b":{}}
,"C:\\Users\\TechHuddle\\Documents\\aarts-all\\packages\\aarts-dynamodb\\__specs__\\testmodel\\Nomenclature.ts": {"path":"C:\\Users\\TechHuddle\\Documents\\aarts-all\\packages\\aarts-dynamodb\\__specs__\\testmodel\\Nomenclature.ts","statementMap":{"0":{"start":{"line":15,"column":11},"end":{"line":15,"column":null}},"1":{"start":{"line":1,"column":0},"end":{"line":1,"column":13}}},"fnMap":{"0":{"name":"(anonymous_0)","decl":{"start":{"line":2,"column":4},"end":{"line":2,"column":16}},"loc":{"start":{"line":2,"column":30},"end":{"line":13,"column":5}}}},"branchMap":{},"s":{"0":5,"1":18},"f":{"0":5},"b":{}}
,"C:\\Users\\TechHuddle\\Documents\\aarts-all\\packages\\aarts-dynamodb\\__specs__\\testmodel\\Tourist.ts": {"path":"C:\\Users\\TechHuddle\\Documents\\aarts-all\\packages\\aarts-dynamodb\\__specs__\\testmodel\\Tourist.ts","statementMap":{"0":{"start":{"line":16,"column":11},"end":{"line":16,"column":null}},"1":{"start":{"line":17,"column":11},"end":{"line":17,"column":null}},"2":{"start":{"line":18,"column":11},"end":{"line":18,"column":null}},"3":{"start":{"line":19,"column":11},"end":{"line":19,"column":null}},"4":{"start":{"line":20,"column":11},"end":{"line":20,"column":null}},"5":{"start":{"line":21,"column":11},"end":{"line":21,"column":null}},"6":{"start":{"line":1,"column":0},"end":{"line":1,"column":13}}},"fnMap":{"0":{"name":"(anonymous_0)","decl":{"start":{"line":3,"column":4},"end":{"line":3,"column":16}},"loc":{"start":{"line":3,"column":30},"end":{"line":14,"column":5}}}},"branchMap":{},"s":{"0":326,"1":326,"2":326,"3":326,"4":326,"5":326,"6":18},"f":{"0":326},"b":{}}
,"C:\\Users\\TechHuddle\\Documents\\aarts-all\\packages\\aarts-dynamodb\\__specs__\\testmodel\\_DynamoItems.ts": {"path":"C:\\Users\\TechHuddle\\Documents\\aarts-all\\packages\\aarts-dynamodb\\__specs__\\testmodel\\_DynamoItems.ts","statementMap":{"0":{"start":{"line":1,"column":0},"end":{"line":1,"column":59}},"1":{"start":{"line":2,"column":0},"end":{"line":2,"column":43}},"2":{"start":{"line":3,"column":0},"end":{"line":3,"column":41}},"3":{"start":{"line":4,"column":0},"end":{"line":4,"column":96}},"4":{"start":{"line":5,"column":0},"end":{"line":5,"column":43}},"5":{"start":{"line":6,"column":0},"end":{"line":6,"column":43}},"6":{"start":{"line":7,"column":0},"end":{"line":7,"column":53}},"7":{"start":{"line":9,"column":0},"end":{"line":9,"column":13}},"8":{"start":{"line":18,"column":0},"end":{"line":18,"column":13}},"9":{"start":{"line":26,"column":0},"end":{"line":26,"column":13}},"10":{"start":{"line":34,"column":0},"end":{"line":34,"column":13}},"11":{"start":{"line":39,"column":0},"end":{"line":39,"column":13}},"12":{"start":{"line":43,"column":0},"end":{"line":43,"column":13}},"13":{"start":{"line":47,"column":0},"end":{"line":47,"column":13}},"14":{"start":{"line":51,"column":0},"end":{"line":51,"column":13}}},"fnMap":{},"branchMap":{},"s":{"0":18,"1":18,"2":18,"3":18,"4":18,"5":18,"6":18,"7":18,"8":18,"9":18,"10":18,"11":18,"12":18,"13":18,"14":18},"f":{},"b":{}}
,"C:\\Users\\TechHuddle\\Documents\\aarts-all\\packages\\aarts-dynamodb\\__specs__\\testmodel\\itemManagersMap.ts": {"path":"C:\\Users\\TechHuddle\\Documents\\aarts-all\\packages\\aarts-dynamodb\\__specs__\\testmodel\\itemManagersMap.ts","statementMap":{"0":{"start":{"line":1,"column":0},"end":{"line":1,"column":51}},"1":{"start":{"line":2,"column":0},"end":{"line":2,"column":49}},"2":{"start":{"line":3,"column":0},"end":{"line":3,"column":73}},"3":{"start":{"line":8,"column":0},"end":{"line":8,"column":null}},"4":{"start":{"line":19,"column":17},"end":{"line":19,"column":62}},"5":{"start":{"line":20,"column":0},"end":{"line":20,"column":null}},"6":{"start":{"line":21,"column":0},"end":{"line":21,"column":null}},"7":{"start":{"line":22,"column":0},"end":{"line":22,"column":null}},"8":{"start":{"line":23,"column":0},"end":{"line":23,"column":null}},"9":{"start":{"line":24,"column":0},"end":{"line":24,"column":null}},"10":{"start":{"line":25,"column":0},"end":{"line":25,"column":null}},"11":{"start":{"line":26,"column":0},"end":{"line":26,"column":null}},"12":{"start":{"line":27,"column":0},"end":{"line":27,"column":null}},"13":{"start":{"line":30,"column":11},"end":{"line":40,"column":null}},"14":{"start":{"line":43,"column":13},"end":{"line":43,"column":null}}},"fnMap":{"0":{"name":"(anonymous_0)","decl":{"start":{"line":29,"column":0},"end":{"line":29,"column":6}},"loc":{"start":{"line":29,"column":0},"end":{"line":41,"column":1}}}},"branchMap":{},"s":{"0":6,"1":6,"2":6,"3":6,"4":6,"5":6,"6":6,"7":6,"8":6,"9":6,"10":6,"11":6,"12":6,"13":6,"14":6},"f":{"0":6},"b":{}}
,"C:\\Users\\TechHuddle\\Documents\\aarts-all\\packages\\aarts-dynamodb\\__specs__\\testmodel\\testDataSeeder.ts": {"path":"C:\\Users\\TechHuddle\\Documents\\aarts-all\\packages\\aarts-dynamodb\\__specs__\\testmodel\\testDataSeeder.ts","statementMap":{"0":{"start":{"line":1,"column":0},"end":{"line":1,"column":64}},"1":{"start":{"line":2,"column":0},"end":{"line":2,"column":190}},"2":{"start":{"line":4,"column":13},"end":{"line":151,"column":null}},"3":{"start":{"line":6,"column":23},"end":{"line":6,"column":120}},"4":{"start":{"line":7,"column":23},"end":{"line":7,"column":118}},"5":{"start":{"line":8,"column":23},"end":{"line":8,"column":118}},"6":{"start":{"line":9,"column":23},"end":{"line":9,"column":117}},"7":{"start":{"line":10,"column":23},"end":{"line":10,"column":125}},"8":{"start":{"line":11,"column":23},"end":{"line":11,"column":126}},"9":{"start":{"line":12,"column":23},"end":{"line":12,"column":121}},"10":{"start":{"line":14,"column":26},"end":{"line":14,"column":144}},"11":{"start":{"line":15,"column":26},"end":{"line":15,"column":146}},"12":{"start":{"line":16,"column":26},"end":{"line":16,"column":147}},"13":{"start":{"line":17,"column":26},"end":{"line":17,"column":146}},"14":{"start":{"line":18,"column":26},"end":{"line":18,"column":145}},"15":{"start":{"line":19,"column":26},"end":{"line":19,"column":145}},"16":{"start":{"line":20,"column":26},"end":{"line":20,"column":145}},"17":{"start":{"line":21,"column":26},"end":{"line":21,"column":145}},"18":{"start":{"line":22,"column":26},"end":{"line":22,"column":153}},"19":{"start":{"line":23,"column":26},"end":{"line":23,"column":147}},"20":{"start":{"line":26,"column":19},"end":{"line":26,"column":164}},"21":{"start":{"line":27,"column":18},"end":{"line":27,"column":162}},"22":{"start":{"line":29,"column":22},"end":{"line":29,"column":182}},"23":{"start":{"line":30,"column":23},"end":{"line":30,"column":177}},"24":{"start":{"line":31,"column":24},"end":{"line":31,"column":179}},"25":{"start":{"line":33,"column":30},"end":{"line":33,"column":244}},"26":{"start":{"line":34,"column":31},"end":{"line":34,"column":246}},"27":{"start":{"line":35,"column":31},"end":{"line":35,"column":246}},"28":{"start":{"line":36,"column":30},"end":{"line":36,"column":244}},"29":{"start":{"line":37,"column":30},"end":{"line":37,"column":245}},"30":{"start":{"line":40,"column":25},"end":{"line":40,"column":318}},"31":{"start":{"line":41,"column":25},"end":{"line":41,"column":319}},"32":{"start":{"line":42,"column":26},"end":{"line":42,"column":320}},"33":{"start":{"line":44,"column":25},"end":{"line":44,"column":318}},"34":{"start":{"line":45,"column":25},"end":{"line":45,"column":319}},"35":{"start":{"line":46,"column":26},"end":{"line":46,"column":319}},"36":{"start":{"line":47,"column":25},"end":{"line":47,"column":318}},"37":{"start":{"line":49,"column":25},"end":{"line":49,"column":318}},"38":{"start":{"line":50,"column":25},"end":{"line":50,"column":319}},"39":{"start":{"line":51,"column":25},"end":{"line":51,"column":319}},"40":{"start":{"line":53,"column":25},"end":{"line":53,"column":318}},"41":{"start":{"line":54,"column":25},"end":{"line":54,"column":318}},"42":{"start":{"line":55,"column":25},"end":{"line":55,"column":319}},"43":{"start":{"line":57,"column":25},"end":{"line":57,"column":318}},"44":{"start":{"line":58,"column":25},"end":{"line":58,"column":319}},"45":{"start":{"line":60,"column":25},"end":{"line":60,"column":319}},"46":{"start":{"line":61,"column":25},"end":{"line":61,"column":319}},"47":{"start":{"line":62,"column":26},"end":{"line":62,"column":319}},"48":{"start":{"line":64,"column":25},"end":{"line":64,"column":319}},"49":{"start":{"line":65,"column":25},"end":{"line":65,"column":318}},"50":{"start":{"line":69,"column":4},"end":{"line":71,"column":null}},"51":{"start":{"line":69,"column":17},"end":{"line":69,"column":18}},"52":{"start":{"line":70,"column":6},"end":{"line":70,"column":null}},"53":{"start":{"line":73,"column":4},"end":{"line":75,"column":null}},"54":{"start":{"line":73,"column":17},"end":{"line":73,"column":18}},"55":{"start":{"line":74,"column":6},"end":{"line":74,"column":null}},"56":{"start":{"line":77,"column":4},"end":{"line":79,"column":null}},"57":{"start":{"line":77,"column":17},"end":{"line":77,"column":18}},"58":{"start":{"line":78,"column":6},"end":{"line":78,"column":null}},"59":{"start":{"line":81,"column":4},"end":{"line":83,"column":null}},"60":{"start":{"line":81,"column":17},"end":{"line":81,"column":18}},"61":{"start":{"line":82,"column":6},"end":{"line":82,"column":null}},"62":{"start":{"line":85,"column":4},"end":{"line":87,"column":null}},"63":{"start":{"line":85,"column":17},"end":{"line":85,"column":18}},"64":{"start":{"line":86,"column":6},"end":{"line":86,"column":null}},"65":{"start":{"line":89,"column":4},"end":{"line":91,"column":null}},"66":{"start":{"line":89,"column":17},"end":{"line":89,"column":18}},"67":{"start":{"line":90,"column":6},"end":{"line":90,"column":null}},"68":{"start":{"line":93,"column":4},"end":{"line":95,"column":null}},"69":{"start":{"line":93,"column":17},"end":{"line":93,"column":18}},"70":{"start":{"line":94,"column":6},"end":{"line":94,"column":null}},"71":{"start":{"line":97,"column":4},"end":{"line":99,"column":null}},"72":{"start":{"line":97,"column":17},"end":{"line":97,"column":18}},"73":{"start":{"line":98,"column":6},"end":{"line":98,"column":null}},"74":{"start":{"line":101,"column":4},"end":{"line":103,"column":null}},"75":{"start":{"line":101,"column":17},"end":{"line":101,"column":18}},"76":{"start":{"line":102,"column":6},"end":{"line":102,"column":null}},"77":{"start":{"line":105,"column":4},"end":{"line":107,"column":null}},"78":{"start":{"line":105,"column":17},"end":{"line":105,"column":18}},"79":{"start":{"line":106,"column":6},"end":{"line":106,"column":null}},"80":{"start":{"line":109,"column":4},"end":{"line":111,"column":null}},"81":{"start":{"line":109,"column":17},"end":{"line":109,"column":18}},"82":{"start":{"line":110,"column":6},"end":{"line":110,"column":null}},"83":{"start":{"line":113,"column":4},"end":{"line":115,"column":null}},"84":{"start":{"line":113,"column":17},"end":{"line":113,"column":18}},"85":{"start":{"line":114,"column":6},"end":{"line":114,"column":null}},"86":{"start":{"line":117,"column":4},"end":{"line":119,"column":null}},"87":{"start":{"line":117,"column":17},"end":{"line":117,"column":18}},"88":{"start":{"line":118,"column":6},"end":{"line":118,"column":null}},"89":{"start":{"line":121,"column":4},"end":{"line":123,"column":null}},"90":{"start":{"line":121,"column":17},"end":{"line":121,"column":18}},"91":{"start":{"line":122,"column":6},"end":{"line":122,"column":null}},"92":{"start":{"line":125,"column":4},"end":{"line":127,"column":null}},"93":{"start":{"line":125,"column":17},"end":{"line":125,"column":18}},"94":{"start":{"line":126,"column":6},"end":{"line":126,"column":null}},"95":{"start":{"line":129,"column":4},"end":{"line":131,"column":null}},"96":{"start":{"line":129,"column":17},"end":{"line":129,"column":18}},"97":{"start":{"line":130,"column":6},"end":{"line":130,"column":null}},"98":{"start":{"line":133,"column":4},"end":{"line":135,"column":null}},"99":{"start":{"line":133,"column":17},"end":{"line":133,"column":18}},"100":{"start":{"line":134,"column":6},"end":{"line":134,"column":null}},"101":{"start":{"line":137,"column":4},"end":{"line":139,"column":null}},"102":{"start":{"line":137,"column":17},"end":{"line":137,"column":18}},"103":{"start":{"line":138,"column":6},"end":{"line":138,"column":null}},"104":{"start":{"line":142,"column":4},"end":{"line":144,"column":null}},"105":{"start":{"line":142,"column":17},"end":{"line":142,"column":18}},"106":{"start":{"line":143,"column":6},"end":{"line":143,"column":null}},"107":{"start":{"line":146,"column":4},"end":{"line":148,"column":null}},"108":{"start":{"line":146,"column":17},"end":{"line":146,"column":18}},"109":{"start":{"line":147,"column":6},"end":{"line":147,"column":null}},"110":{"start":{"line":150,"column":4},"end":{"line":150,"column":15}}},"fnMap":{"0":{"name":"(anonymous_0)","decl":{"start":{"line":4,"column":32},"end":{"line":4,"column":37}},"loc":{"start":{"line":4,"column":61},"end":{"line":151,"column":3}}}},"branchMap":{},"s":{"0":18,"1":18,"2":18,"3":1,"4":1,"5":1,"6":1,"7":1,"8":1,"9":1,"10":1,"11":1,"12":1,"13":1,"14":1,"15":1,"16":1,"17":1,"18":1,"19":1,"20":1,"21":1,"22":1,"23":1,"24":1,"25":1,"26":1,"27":1,"28":1,"29":1,"30":1,"31":1,"32":1,"33":1,"34":1,"35":1,"36":1,"37":1,"38":1,"39":1,"40":1,"41":1,"42":1,"43":1,"44":1,"45":1,"46":1,"47":1,"48":1,"49":1,"50":1,"51":1,"52":2,"53":1,"54":1,"55":30,"56":1,"57":1,"58":40,"59":1,"60":1,"61":50,"62":1,"63":1,"64":10,"65":1,"66":1,"67":15,"68":1,"69":1,"70":20,"71":1,"72":1,"73":40,"74":1,"75":1,"76":30,"77":1,"78":1,"79":20,"80":1,"81":1,"82":1,"83":1,"84":1,"85":5,"86":1,"87":1,"88":9,"89":1,"90":1,"91":4,"92":1,"93":1,"94":7,"95":1,"96":1,"97":11,"98":1,"99":1,"100":32,"101":0,"102":0,"103":0,"104":0,"105":0,"106":0,"107":0,"108":0,"109":0,"110":0},"f":{"0":1},"b":{}}
}
