{"C:\\Users\\TechHuddle\\Documents\\aarts-core\\packages\\aarts-dynamodb\\BaseItemManager.ts": {"path":"C:\\Users\\TechHuddle\\Documents\\aarts-core\\packages\\aarts-dynamodb\\BaseItemManager.ts","statementMap":{"0":{"start":{"line":1,"column":0},"end":{"line":1,"column":49}},"1":{"start":{"line":2,"column":0},"end":{"line":2,"column":55}},"2":{"start":{"line":3,"column":0},"end":{"line":3,"column":67}},"3":{"start":{"line":4,"column":0},"end":{"line":4,"column":61}},"4":{"start":{"line":5,"column":0},"end":{"line":5,"column":51}},"5":{"start":{"line":6,"column":0},"end":{"line":6,"column":67}},"6":{"start":{"line":8,"column":0},"end":{"line":8,"column":48}},"7":{"start":{"line":90,"column":13},"end":{"line":128,"column":null}},"8":{"start":{"line":93,"column":8},"end":{"line":125,"column":null}},"9":{"start":{"line":95,"column":16},"end":{"line":95,"column":null}},"10":{"start":{"line":107,"column":19},"end":{"line":107,"column":null}},"11":{"start":{"line":108,"column":19},"end":{"line":108,"column":null}},"12":{"start":{"line":115,"column":19},"end":{"line":115,"column":null}},"13":{"start":{"line":118,"column":19},"end":{"line":118,"column":null}},"14":{"start":{"line":123,"column":19},"end":{"line":123,"column":null}},"15":{"start":{"line":124,"column":19},"end":{"line":124,"column":null}},"16":{"start":{"line":96,"column":16},"end":{"line":101,"column":null}},"17":{"start":{"line":97,"column":20},"end":{"line":99,"column":null}},"18":{"start":{"line":98,"column":24},"end":{"line":98,"column":null}},"19":{"start":{"line":100,"column":20},"end":{"line":100,"column":null}},"20":{"start":{"line":104,"column":26},"end":{"line":104,"column":null}},"21":{"start":{"line":105,"column":26},"end":{"line":105,"column":null}},"22":{"start":{"line":125,"column":8},"end":{"line":125,"column":null}},"23":{"start":{"line":127,"column":8},"end":{"line":127,"column":null}},"24":{"start":{"line":138,"column":8},"end":{"line":138,"column":null}},"25":{"start":{"line":144,"column":8},"end":{"line":144,"column":null}},"26":{"start":{"line":154,"column":8},"end":{"line":154,"column":null}},"27":{"start":{"line":162,"column":8},"end":{"line":184,"column":18}},"28":{"start":{"line":163,"column":12},"end":{"line":165,"column":null}},"29":{"start":{"line":164,"column":16},"end":{"line":164,"column":null}},"30":{"start":{"line":167,"column":12},"end":{"line":180,"column":null}},"31":{"start":{"line":171,"column":16},"end":{"line":171,"column":null}},"32":{"start":{"line":172,"column":19},"end":{"line":180,"column":null}},"33":{"start":{"line":174,"column":16},"end":{"line":174,"column":null}},"34":{"start":{"line":175,"column":16},"end":{"line":175,"column":null}},"35":{"start":{"line":178,"column":16},"end":{"line":178,"column":null}},"36":{"start":{"line":179,"column":16},"end":{"line":179,"column":null}},"37":{"start":{"line":182,"column":12},"end":{"line":182,"column":null}},"38":{"start":{"line":183,"column":12},"end":{"line":183,"column":null}},"39":{"start":{"line":199,"column":8},"end":{"line":199,"column":null}},"40":{"start":{"line":200,"column":8},"end":{"line":200,"column":null}},"41":{"start":{"line":202,"column":37},"end":{"line":202,"column":90}},"42":{"start":{"line":203,"column":36},"end":{"line":203,"column":69}},"43":{"start":{"line":204,"column":8},"end":{"line":209,"column":45}},"44":{"start":{"line":205,"column":12},"end":{"line":208,"column":null}},"45":{"start":{"line":206,"column":16},"end":{"line":206,"column":null}},"46":{"start":{"line":207,"column":16},"end":{"line":207,"column":null}},"47":{"start":{"line":211,"column":8},"end":{"line":211,"column":null}},"48":{"start":{"line":214,"column":25},"end":{"line":214,"column":87}},"49":{"start":{"line":215,"column":24},"end":{"line":215,"column":45}},"50":{"start":{"line":216,"column":8},"end":{"line":221,"column":33}},"51":{"start":{"line":217,"column":12},"end":{"line":220,"column":null}},"52":{"start":{"line":218,"column":16},"end":{"line":218,"column":null}},"53":{"start":{"line":219,"column":16},"end":{"line":219,"column":null}},"54":{"start":{"line":223,"column":28},"end":{"line":223,"column":61}},"55":{"start":{"line":225,"column":8},"end":{"line":225,"column":null}},"56":{"start":{"line":226,"column":8},"end":{"line":226,"column":null}},"57":{"start":{"line":238,"column":8},"end":{"line":238,"column":null}},"58":{"start":{"line":246,"column":8},"end":{"line":246,"column":null}},"59":{"start":{"line":248,"column":8},"end":{"line":250,"column":null}},"60":{"start":{"line":249,"column":3},"end":{"line":249,"column":null}},"61":{"start":{"line":252,"column":8},"end":{"line":259,"column":null}},"62":{"start":{"line":253,"column":12},"end":{"line":258,"column":null}},"63":{"start":{"line":255,"column":16},"end":{"line":255,"column":null}},"64":{"start":{"line":257,"column":16},"end":{"line":257,"column":null}},"65":{"start":{"line":261,"column":8},"end":{"line":261,"column":null}},"66":{"start":{"line":270,"column":8},"end":{"line":270,"column":null}},"67":{"start":{"line":272,"column":8},"end":{"line":274,"column":null}},"68":{"start":{"line":273,"column":12},"end":{"line":273,"column":null}},"69":{"start":{"line":276,"column":8},"end":{"line":276,"column":null}},"70":{"start":{"line":277,"column":36},"end":{"line":277,"column":70}},"71":{"start":{"line":278,"column":8},"end":{"line":278,"column":null}},"72":{"start":{"line":280,"column":8},"end":{"line":282,"column":null}},"73":{"start":{"line":281,"column":12},"end":{"line":281,"column":null}},"74":{"start":{"line":284,"column":29},"end":{"line":284,"column":31}},"75":{"start":{"line":286,"column":8},"end":{"line":300,"column":null}},"76":{"start":{"line":287,"column":33},"end":{"line":287,"column":105}},"77":{"start":{"line":287,"column":65},"end":{"line":287,"column":101}},"78":{"start":{"line":289,"column":12},"end":{"line":293,"column":null}},"79":{"start":{"line":292,"column":16},"end":{"line":292,"column":null}},"80":{"start":{"line":295,"column":12},"end":{"line":299,"column":null}},"81":{"start":{"line":302,"column":8},"end":{"line":302,"column":null}},"82":{"start":{"line":304,"column":8},"end":{"line":304,"column":null}},"83":{"start":{"line":316,"column":8},"end":{"line":316,"column":null}},"84":{"start":{"line":324,"column":8},"end":{"line":331,"column":null}},"85":{"start":{"line":325,"column":12},"end":{"line":329,"column":null}},"86":{"start":{"line":326,"column":16},"end":{"line":326,"column":null}},"87":{"start":{"line":328,"column":16},"end":{"line":328,"column":null}},"88":{"start":{"line":330,"column":12},"end":{"line":330,"column":null}},"89":{"start":{"line":339,"column":8},"end":{"line":339,"column":null}},"90":{"start":{"line":340,"column":8},"end":{"line":340,"column":null}},"91":{"start":{"line":342,"column":37},"end":{"line":342,"column":88}},"92":{"start":{"line":343,"column":36},"end":{"line":343,"column":69}},"93":{"start":{"line":344,"column":8},"end":{"line":349,"column":45}},"94":{"start":{"line":345,"column":12},"end":{"line":348,"column":null}},"95":{"start":{"line":346,"column":16},"end":{"line":346,"column":null}},"96":{"start":{"line":347,"column":16},"end":{"line":347,"column":null}},"97":{"start":{"line":351,"column":8},"end":{"line":351,"column":null}},"98":{"start":{"line":354,"column":25},"end":{"line":354,"column":85}},"99":{"start":{"line":355,"column":24},"end":{"line":355,"column":45}},"100":{"start":{"line":356,"column":8},"end":{"line":361,"column":33}},"101":{"start":{"line":357,"column":12},"end":{"line":360,"column":null}},"102":{"start":{"line":358,"column":16},"end":{"line":358,"column":null}},"103":{"start":{"line":359,"column":16},"end":{"line":359,"column":null}},"104":{"start":{"line":363,"column":28},"end":{"line":363,"column":63}},"105":{"start":{"line":365,"column":8},"end":{"line":365,"column":null}},"106":{"start":{"line":366,"column":8},"end":{"line":366,"column":null}},"107":{"start":{"line":377,"column":8},"end":{"line":377,"column":null}},"108":{"start":{"line":385,"column":8},"end":{"line":385,"column":null}},"109":{"start":{"line":387,"column":8},"end":{"line":389,"column":null}},"110":{"start":{"line":388,"column":3},"end":{"line":388,"column":null}},"111":{"start":{"line":391,"column":8},"end":{"line":399,"column":null}},"112":{"start":{"line":392,"column":12},"end":{"line":398,"column":null}},"113":{"start":{"line":394,"column":16},"end":{"line":394,"column":30}},"114":{"start":{"line":394,"column":31},"end":{"line":394,"column":null}},"115":{"start":{"line":396,"column":16},"end":{"line":396,"column":null}},"116":{"start":{"line":397,"column":16},"end":{"line":397,"column":null}},"117":{"start":{"line":401,"column":8},"end":{"line":401,"column":null}},"118":{"start":{"line":410,"column":8},"end":{"line":410,"column":null}},"119":{"start":{"line":412,"column":8},"end":{"line":414,"column":null}},"120":{"start":{"line":413,"column":12},"end":{"line":413,"column":null}},"121":{"start":{"line":416,"column":22},"end":{"line":416,"column":50}},"122":{"start":{"line":418,"column":8},"end":{"line":420,"column":null}},"123":{"start":{"line":419,"column":12},"end":{"line":419,"column":null}},"124":{"start":{"line":422,"column":28},"end":{"line":422,"column":30}},"125":{"start":{"line":423,"column":8},"end":{"line":435,"column":null}},"126":{"start":{"line":424,"column":35},"end":{"line":426,"column":30}},"127":{"start":{"line":427,"column":34},"end":{"line":427,"column":61}},"128":{"start":{"line":428,"column":12},"end":{"line":433,"column":43}},"129":{"start":{"line":429,"column":16},"end":{"line":432,"column":null}},"130":{"start":{"line":430,"column":20},"end":{"line":430,"column":null}},"131":{"start":{"line":431,"column":20},"end":{"line":431,"column":null}},"132":{"start":{"line":434,"column":12},"end":{"line":434,"column":null}},"133":{"start":{"line":437,"column":8},"end":{"line":437,"column":null}},"134":{"start":{"line":439,"column":29},"end":{"line":439,"column":96}},"135":{"start":{"line":440,"column":23},"end":{"line":440,"column":48}},"136":{"start":{"line":441,"column":3},"end":{"line":446,"column":32}},"137":{"start":{"line":442,"column":4},"end":{"line":445,"column":null}},"138":{"start":{"line":443,"column":5},"end":{"line":443,"column":null}},"139":{"start":{"line":444,"column":5},"end":{"line":444,"column":null}},"140":{"start":{"line":448,"column":8},"end":{"line":448,"column":null}},"141":{"start":{"line":459,"column":8},"end":{"line":459,"column":null}},"142":{"start":{"line":467,"column":8},"end":{"line":467,"column":null}},"143":{"start":{"line":469,"column":8},"end":{"line":471,"column":null}},"144":{"start":{"line":470,"column":3},"end":{"line":470,"column":null}},"145":{"start":{"line":473,"column":8},"end":{"line":481,"column":null}},"146":{"start":{"line":474,"column":12},"end":{"line":480,"column":null}},"147":{"start":{"line":476,"column":16},"end":{"line":476,"column":null}},"148":{"start":{"line":478,"column":16},"end":{"line":478,"column":null}},"149":{"start":{"line":479,"column":16},"end":{"line":479,"column":null}},"150":{"start":{"line":483,"column":8},"end":{"line":483,"column":null}},"151":{"start":{"line":492,"column":8},"end":{"line":492,"column":null}},"152":{"start":{"line":494,"column":8},"end":{"line":496,"column":null}},"153":{"start":{"line":495,"column":12},"end":{"line":495,"column":null}},"154":{"start":{"line":498,"column":8},"end":{"line":498,"column":null}},"155":{"start":{"line":499,"column":36},"end":{"line":499,"column":70}},"156":{"start":{"line":501,"column":8},"end":{"line":503,"column":null}},"157":{"start":{"line":502,"column":12},"end":{"line":502,"column":null}},"158":{"start":{"line":505,"column":29},"end":{"line":505,"column":31}},"159":{"start":{"line":507,"column":8},"end":{"line":524,"column":null}},"160":{"start":{"line":508,"column":33},"end":{"line":508,"column":105}},"161":{"start":{"line":508,"column":65},"end":{"line":508,"column":101}},"162":{"start":{"line":510,"column":12},"end":{"line":514,"column":null}},"163":{"start":{"line":513,"column":16},"end":{"line":513,"column":null}},"164":{"start":{"line":516,"column":12},"end":{"line":523,"column":null}},"165":{"start":{"line":526,"column":8},"end":{"line":526,"column":null}},"166":{"start":{"line":528,"column":8},"end":{"line":528,"column":null}},"167":{"start":{"line":535,"column":8},"end":{"line":535,"column":null}},"168":{"start":{"line":537,"column":22},"end":{"line":537,"column":50}},"169":{"start":{"line":539,"column":30},"end":{"line":539,"column":112}},"170":{"start":{"line":541,"column":8},"end":{"line":541,"column":null}},"171":{"start":{"line":565,"column":8},"end":{"line":568,"column":null}},"172":{"start":{"line":566,"column":27},"end":{"line":566,"column":68}},"173":{"start":{"line":567,"column":12},"end":{"line":567,"column":null}},"174":{"start":{"line":570,"column":8},"end":{"line":570,"column":null}},"175":{"start":{"line":571,"column":8},"end":{"line":571,"column":null}},"176":{"start":{"line":133,"column":0},"end":{"line":133,"column":13}}},"fnMap":{"0":{"name":"(anonymous_0)","decl":{"start":{"line":91,"column":4},"end":{"line":91,"column":43}},"loc":{"start":{"line":91,"column":102},"end":{"line":128,"column":5}}},"1":{"name":"(anonymous_1)","decl":{"start":{"line":93,"column":8},"end":{"line":93,"column":14}},"loc":{"start":{"line":93,"column":8},"end":{"line":125,"column":null}}},"2":{"name":"(anonymous_2)","decl":{"start":{"line":94,"column":12},"end":{"line":94,"column":24}},"loc":{"start":{"line":94,"column":38},"end":{"line":102,"column":13}}},"3":{"name":"(anonymous_3)","decl":{"start":{"line":96,"column":48},"end":{"line":96,"column":49}},"loc":{"start":{"line":96,"column":62},"end":{"line":101,"column":17}}},"4":{"name":"(anonymous_4)","decl":{"start":{"line":97,"column":45},"end":{"line":97,"column":46}},"loc":{"start":{"line":97,"column":49},"end":{"line":99,"column":21}}},"5":{"name":"(anonymous_5)","decl":{"start":{"line":137,"column":4},"end":{"line":137,"column":16}},"loc":{"start":{"line":137,"column":81},"end":{"line":139,"column":5}}},"6":{"name":"(anonymous_6)","decl":{"start":{"line":143,"column":4},"end":{"line":143,"column":9}},"loc":{"start":{"line":143,"column":49},"end":{"line":145,"column":5}}},"7":{"name":"(anonymous_7)","decl":{"start":{"line":153,"column":4},"end":{"line":153,"column":9}},"loc":{"start":{"line":153,"column":65},"end":{"line":155,"column":5}}},"8":{"name":"(anonymous_8)","decl":{"start":{"line":161,"column":4},"end":{"line":161,"column":9}},"loc":{"start":{"line":161,"column":71},"end":{"line":185,"column":5}}},"9":{"name":"(anonymous_9)","decl":{"start":{"line":162,"column":44},"end":{"line":162,"column":45}},"loc":{"start":{"line":162,"column":69},"end":{"line":184,"column":9}}},"10":{"name":"(anonymous_10)","decl":{"start":{"line":198,"column":4},"end":{"line":198,"column":9}},"loc":{"start":{"line":198,"column":49},"end":{"line":227,"column":5}}},"11":{"name":"(anonymous_11)","decl":{"start":{"line":237,"column":4},"end":{"line":237,"column":9}},"loc":{"start":{"line":237,"column":54},"end":{"line":239,"column":5}}},"12":{"name":"(anonymous_12)","decl":{"start":{"line":245,"column":4},"end":{"line":245,"column":9}},"loc":{"start":{"line":245,"column":67},"end":{"line":262,"column":5}}},"13":{"name":"(anonymous_13)","decl":{"start":{"line":269,"column":4},"end":{"line":269,"column":9}},"loc":{"start":{"line":269,"column":52},"end":{"line":306,"column":5}}},"14":{"name":"(anonymous_14)","decl":{"start":{"line":287,"column":60},"end":{"line":287,"column":61}},"loc":{"start":{"line":287,"column":65},"end":{"line":287,"column":101}}},"15":{"name":"(anonymous_15)","decl":{"start":{"line":315,"column":4},"end":{"line":315,"column":9}},"loc":{"start":{"line":315,"column":65},"end":{"line":317,"column":5}}},"16":{"name":"(anonymous_16)","decl":{"start":{"line":323,"column":4},"end":{"line":323,"column":9}},"loc":{"start":{"line":323,"column":57},"end":{"line":332,"column":5}}},"17":{"name":"(anonymous_17)","decl":{"start":{"line":324,"column":44},"end":{"line":324,"column":45}},"loc":{"start":{"line":324,"column":60},"end":{"line":331,"column":9}}},"18":{"name":"(anonymous_18)","decl":{"start":{"line":338,"column":4},"end":{"line":338,"column":9}},"loc":{"start":{"line":338,"column":47},"end":{"line":367,"column":5}}},"19":{"name":"(anonymous_19)","decl":{"start":{"line":376,"column":4},"end":{"line":376,"column":9}},"loc":{"start":{"line":376,"column":54},"end":{"line":378,"column":5}}},"20":{"name":"(anonymous_20)","decl":{"start":{"line":384,"column":4},"end":{"line":384,"column":9}},"loc":{"start":{"line":384,"column":67},"end":{"line":402,"column":5}}},"21":{"name":"(anonymous_21)","decl":{"start":{"line":408,"column":4},"end":{"line":408,"column":9}},"loc":{"start":{"line":408,"column":52},"end":{"line":449,"column":5}}},"22":{"name":"(anonymous_22)","decl":{"start":{"line":458,"column":4},"end":{"line":458,"column":9}},"loc":{"start":{"line":458,"column":54},"end":{"line":460,"column":5}}},"23":{"name":"(anonymous_23)","decl":{"start":{"line":466,"column":4},"end":{"line":466,"column":9}},"loc":{"start":{"line":466,"column":67},"end":{"line":484,"column":5}}},"24":{"name":"(anonymous_24)","decl":{"start":{"line":491,"column":4},"end":{"line":491,"column":9}},"loc":{"start":{"line":491,"column":52},"end":{"line":530,"column":5}}},"25":{"name":"(anonymous_25)","decl":{"start":{"line":508,"column":60},"end":{"line":508,"column":61}},"loc":{"start":{"line":508,"column":65},"end":{"line":508,"column":101}}},"26":{"name":"(anonymous_26)","decl":{"start":{"line":533,"column":4},"end":{"line":533,"column":9}},"loc":{"start":{"line":533,"column":50},"end":{"line":572,"column":5}}}},"branchMap":{"0":{"loc":{"start":{"line":105,"column":65},"end":{"line":105,"column":72}},"type":"binary-expr","locations":[{"start":{"line":105,"column":65},"end":{"line":105,"column":72}},{"start":{"line":105,"column":76},"end":{"line":105,"column":78}}]},"1":{"loc":{"start":{"line":163,"column":12},"end":{"line":165,"column":null}},"type":"if","locations":[{"start":{"line":163,"column":12},"end":{"line":165,"column":null}},{"start":{"line":163,"column":12},"end":{"line":165,"column":null}}]},"2":{"loc":{"start":{"line":167,"column":12},"end":{"line":180,"column":null}},"type":"if","locations":[{"start":{"line":167,"column":12},"end":{"line":180,"column":null}},{"start":{"line":167,"column":12},"end":{"line":180,"column":null}}]},"3":{"loc":{"start":{"line":167,"column":16},"end":{"line":167,"column":40}},"type":"binary-expr","locations":[{"start":{"line":167,"column":16},"end":{"line":167,"column":40}},{"start":{"line":167,"column":44},"end":{"line":170,"column":99}}]},"4":{"loc":{"start":{"line":172,"column":19},"end":{"line":180,"column":null}},"type":"if","locations":[{"start":{"line":172,"column":19},"end":{"line":180,"column":null}},{"start":{"line":172,"column":19},"end":{"line":180,"column":null}}]},"5":{"loc":{"start":{"line":199,"column":8},"end":{"line":199,"column":25}},"type":"binary-expr","locations":[{"start":{"line":199,"column":8},"end":{"line":199,"column":25}},{"start":{"line":199,"column":29},"end":{"line":199,"column":101}}]},"6":{"loc":{"start":{"line":200,"column":8},"end":{"line":200,"column":25}},"type":"binary-expr","locations":[{"start":{"line":200,"column":8},"end":{"line":200,"column":25}},{"start":{"line":200,"column":30},"end":{"line":200,"column":95}}]},"7":{"loc":{"start":{"line":205,"column":12},"end":{"line":208,"column":null}},"type":"if","locations":[{"start":{"line":205,"column":12},"end":{"line":208,"column":null}},{"start":{"line":205,"column":12},"end":{"line":208,"column":null}}]},"8":{"loc":{"start":{"line":211,"column":8},"end":{"line":211,"column":25}},"type":"binary-expr","locations":[{"start":{"line":211,"column":8},"end":{"line":211,"column":25}},{"start":{"line":211,"column":29},"end":{"line":211,"column":102}}]},"9":{"loc":{"start":{"line":217,"column":12},"end":{"line":220,"column":null}},"type":"if","locations":[{"start":{"line":217,"column":12},"end":{"line":220,"column":null}},{"start":{"line":217,"column":12},"end":{"line":220,"column":null}}]},"10":{"loc":{"start":{"line":225,"column":8},"end":{"line":225,"column":25}},"type":"binary-expr","locations":[{"start":{"line":225,"column":8},"end":{"line":225,"column":25}},{"start":{"line":225,"column":30},"end":{"line":225,"column":95}}]},"11":{"loc":{"start":{"line":246,"column":8},"end":{"line":246,"column":25}},"type":"binary-expr","locations":[{"start":{"line":246,"column":8},"end":{"line":246,"column":25}},{"start":{"line":246,"column":30},"end":{"line":246,"column":101}}]},"12":{"loc":{"start":{"line":248,"column":8},"end":{"line":250,"column":null}},"type":"if","locations":[{"start":{"line":248,"column":8},"end":{"line":250,"column":null}},{"start":{"line":248,"column":8},"end":{"line":250,"column":null}}]},"13":{"loc":{"start":{"line":253,"column":12},"end":{"line":258,"column":null}},"type":"if","locations":[{"start":{"line":253,"column":12},"end":{"line":258,"column":null}},{"start":{"line":253,"column":12},"end":{"line":258,"column":null}}]},"14":{"loc":{"start":{"line":253,"column":18},"end":{"line":253,"column":29}},"type":"binary-expr","locations":[{"start":{"line":253,"column":18},"end":{"line":253,"column":29}},{"start":{"line":253,"column":33},"end":{"line":253,"column":51}}]},"15":{"loc":{"start":{"line":276,"column":8},"end":{"line":276,"column":25}},"type":"binary-expr","locations":[{"start":{"line":276,"column":8},"end":{"line":276,"column":25}},{"start":{"line":276,"column":30},"end":{"line":276,"column":116}}]},"16":{"loc":{"start":{"line":278,"column":8},"end":{"line":278,"column":25}},"type":"binary-expr","locations":[{"start":{"line":278,"column":8},"end":{"line":278,"column":25}},{"start":{"line":278,"column":29},"end":{"line":278,"column":102}}]},"17":{"loc":{"start":{"line":280,"column":8},"end":{"line":282,"column":null}},"type":"if","locations":[{"start":{"line":280,"column":8},"end":{"line":282,"column":null}},{"start":{"line":280,"column":8},"end":{"line":282,"column":null}}]},"18":{"loc":{"start":{"line":287,"column":65},"end":{"line":287,"column":79}},"type":"binary-expr","locations":[{"start":{"line":287,"column":65},"end":{"line":287,"column":79}},{"start":{"line":287,"column":83},"end":{"line":287,"column":101}}]},"19":{"loc":{"start":{"line":302,"column":8},"end":{"line":302,"column":25}},"type":"binary-expr","locations":[{"start":{"line":302,"column":8},"end":{"line":302,"column":25}},{"start":{"line":302,"column":30},"end":{"line":302,"column":96}}]},"20":{"loc":{"start":{"line":325,"column":12},"end":{"line":329,"column":null}},"type":"if","locations":[{"start":{"line":325,"column":12},"end":{"line":329,"column":null}},{"start":{"line":325,"column":12},"end":{"line":329,"column":null}}]},"21":{"loc":{"start":{"line":339,"column":8},"end":{"line":339,"column":25}},"type":"binary-expr","locations":[{"start":{"line":339,"column":8},"end":{"line":339,"column":25}},{"start":{"line":339,"column":29},"end":{"line":339,"column":70}}]},"22":{"loc":{"start":{"line":340,"column":8},"end":{"line":340,"column":25}},"type":"binary-expr","locations":[{"start":{"line":340,"column":8},"end":{"line":340,"column":25}},{"start":{"line":340,"column":30},"end":{"line":340,"column":93}}]},"23":{"loc":{"start":{"line":345,"column":12},"end":{"line":348,"column":null}},"type":"if","locations":[{"start":{"line":345,"column":12},"end":{"line":348,"column":null}},{"start":{"line":345,"column":12},"end":{"line":348,"column":null}}]},"24":{"loc":{"start":{"line":351,"column":8},"end":{"line":351,"column":25}},"type":"binary-expr","locations":[{"start":{"line":351,"column":8},"end":{"line":351,"column":25}},{"start":{"line":351,"column":29},"end":{"line":351,"column":109}}]},"25":{"loc":{"start":{"line":357,"column":12},"end":{"line":360,"column":null}},"type":"if","locations":[{"start":{"line":357,"column":12},"end":{"line":360,"column":null}},{"start":{"line":357,"column":12},"end":{"line":360,"column":null}}]},"26":{"loc":{"start":{"line":365,"column":8},"end":{"line":365,"column":25}},"type":"binary-expr","locations":[{"start":{"line":365,"column":8},"end":{"line":365,"column":25}},{"start":{"line":365,"column":30},"end":{"line":365,"column":93}}]},"27":{"loc":{"start":{"line":385,"column":8},"end":{"line":385,"column":25}},"type":"binary-expr","locations":[{"start":{"line":385,"column":8},"end":{"line":385,"column":25}},{"start":{"line":385,"column":30},"end":{"line":385,"column":128}}]},"28":{"loc":{"start":{"line":387,"column":8},"end":{"line":389,"column":null}},"type":"if","locations":[{"start":{"line":387,"column":8},"end":{"line":389,"column":null}},{"start":{"line":387,"column":8},"end":{"line":389,"column":null}}]},"29":{"loc":{"start":{"line":392,"column":12},"end":{"line":398,"column":null}},"type":"if","locations":[{"start":{"line":392,"column":12},"end":{"line":398,"column":null}},{"start":{"line":392,"column":12},"end":{"line":398,"column":null}}]},"30":{"loc":{"start":{"line":392,"column":16},"end":{"line":392,"column":27}},"type":"binary-expr","locations":[{"start":{"line":392,"column":16},"end":{"line":392,"column":27}},{"start":{"line":392,"column":31},"end":{"line":392,"column":49}}]},"31":{"loc":{"start":{"line":410,"column":8},"end":{"line":410,"column":25}},"type":"binary-expr","locations":[{"start":{"line":410,"column":8},"end":{"line":410,"column":25}},{"start":{"line":410,"column":30},"end":{"line":410,"column":136}}]},"32":{"loc":{"start":{"line":418,"column":8},"end":{"line":420,"column":null}},"type":"if","locations":[{"start":{"line":418,"column":8},"end":{"line":420,"column":null}},{"start":{"line":418,"column":8},"end":{"line":420,"column":null}}]},"33":{"loc":{"start":{"line":429,"column":16},"end":{"line":432,"column":null}},"type":"if","locations":[{"start":{"line":429,"column":16},"end":{"line":432,"column":null}},{"start":{"line":429,"column":16},"end":{"line":432,"column":null}}]},"34":{"loc":{"start":{"line":437,"column":8},"end":{"line":437,"column":25}},"type":"binary-expr","locations":[{"start":{"line":437,"column":8},"end":{"line":437,"column":25}},{"start":{"line":437,"column":30},"end":{"line":437,"column":125}}]},"35":{"loc":{"start":{"line":442,"column":4},"end":{"line":445,"column":null}},"type":"if","locations":[{"start":{"line":442,"column":4},"end":{"line":445,"column":null}},{"start":{"line":442,"column":4},"end":{"line":445,"column":null}}]},"36":{"loc":{"start":{"line":467,"column":8},"end":{"line":467,"column":25}},"type":"binary-expr","locations":[{"start":{"line":467,"column":8},"end":{"line":467,"column":25}},{"start":{"line":467,"column":30},"end":{"line":467,"column":101}}]},"37":{"loc":{"start":{"line":469,"column":8},"end":{"line":471,"column":null}},"type":"if","locations":[{"start":{"line":469,"column":8},"end":{"line":471,"column":null}},{"start":{"line":469,"column":8},"end":{"line":471,"column":null}}]},"38":{"loc":{"start":{"line":474,"column":12},"end":{"line":480,"column":null}},"type":"if","locations":[{"start":{"line":474,"column":12},"end":{"line":480,"column":null}},{"start":{"line":474,"column":12},"end":{"line":480,"column":null}}]},"39":{"loc":{"start":{"line":474,"column":18},"end":{"line":474,"column":29}},"type":"binary-expr","locations":[{"start":{"line":474,"column":18},"end":{"line":474,"column":29}},{"start":{"line":474,"column":33},"end":{"line":474,"column":51}}]},"40":{"loc":{"start":{"line":492,"column":8},"end":{"line":492,"column":25}},"type":"binary-expr","locations":[{"start":{"line":492,"column":8},"end":{"line":492,"column":25}},{"start":{"line":492,"column":30},"end":{"line":492,"column":129}}]},"41":{"loc":{"start":{"line":498,"column":8},"end":{"line":498,"column":25}},"type":"binary-expr","locations":[{"start":{"line":498,"column":8},"end":{"line":498,"column":25}},{"start":{"line":498,"column":30},"end":{"line":498,"column":116}}]},"42":{"loc":{"start":{"line":501,"column":8},"end":{"line":503,"column":null}},"type":"if","locations":[{"start":{"line":501,"column":8},"end":{"line":503,"column":null}},{"start":{"line":501,"column":8},"end":{"line":503,"column":null}}]},"43":{"loc":{"start":{"line":508,"column":65},"end":{"line":508,"column":79}},"type":"binary-expr","locations":[{"start":{"line":508,"column":65},"end":{"line":508,"column":79}},{"start":{"line":508,"column":83},"end":{"line":508,"column":101}}]},"44":{"loc":{"start":{"line":526,"column":8},"end":{"line":526,"column":25}},"type":"binary-expr","locations":[{"start":{"line":526,"column":8},"end":{"line":526,"column":25}},{"start":{"line":526,"column":30},"end":{"line":526,"column":96}}]},"45":{"loc":{"start":{"line":535,"column":8},"end":{"line":535,"column":25}},"type":"binary-expr","locations":[{"start":{"line":535,"column":8},"end":{"line":535,"column":25}},{"start":{"line":535,"column":30},"end":{"line":535,"column":96}}]},"46":{"loc":{"start":{"line":541,"column":8},"end":{"line":541,"column":25}},"type":"binary-expr","locations":[{"start":{"line":541,"column":8},"end":{"line":541,"column":25}},{"start":{"line":541,"column":30},"end":{"line":541,"column":138}}]},"47":{"loc":{"start":{"line":567,"column":12},"end":{"line":567,"column":29}},"type":"binary-expr","locations":[{"start":{"line":567,"column":12},"end":{"line":567,"column":29}},{"start":{"line":567,"column":33},"end":{"line":567,"column":83}}]},"48":{"loc":{"start":{"line":570,"column":8},"end":{"line":570,"column":25}},"type":"binary-expr","locations":[{"start":{"line":570,"column":8},"end":{"line":570,"column":25}},{"start":{"line":570,"column":30},"end":{"line":570,"column":94}}]}},"s":{"0":1,"1":1,"2":1,"3":1,"4":1,"5":1,"6":1,"7":1,"8":7,"9":439,"10":439,"11":439,"12":439,"13":439,"14":439,"15":439,"16":439,"17":439,"18":2522,"19":439,"20":7,"21":7,"22":7,"23":7,"24":0,"25":0,"26":0,"27":0,"28":0,"29":0,"30":0,"31":0,"32":0,"33":0,"34":0,"35":0,"36":0,"37":0,"38":0,"39":0,"40":0,"41":0,"42":0,"43":0,"44":0,"45":0,"46":0,"47":0,"48":0,"49":0,"50":0,"51":0,"52":0,"53":0,"54":0,"55":0,"56":0,"57":0,"58":0,"59":0,"60":0,"61":0,"62":0,"63":0,"64":0,"65":0,"66":0,"67":0,"68":0,"69":0,"70":0,"71":0,"72":0,"73":0,"74":0,"75":0,"76":0,"77":0,"78":0,"79":0,"80":0,"81":0,"82":0,"83":0,"84":0,"85":0,"86":0,"87":0,"88":0,"89":0,"90":0,"91":0,"92":0,"93":0,"94":0,"95":0,"96":0,"97":0,"98":0,"99":0,"100":0,"101":0,"102":0,"103":0,"104":0,"105":0,"106":0,"107":0,"108":0,"109":0,"110":0,"111":0,"112":0,"113":0,"114":0,"115":0,"116":0,"117":0,"118":0,"119":0,"120":0,"121":0,"122":0,"123":0,"124":0,"125":0,"126":0,"127":0,"128":0,"129":0,"130":0,"131":0,"132":0,"133":0,"134":0,"135":0,"136":0,"137":0,"138":0,"139":0,"140":0,"141":0,"142":0,"143":0,"144":0,"145":0,"146":0,"147":0,"148":0,"149":0,"150":0,"151":0,"152":0,"153":0,"154":0,"155":0,"156":0,"157":0,"158":0,"159":0,"160":0,"161":0,"162":0,"163":0,"164":0,"165":0,"166":0,"167":0,"168":0,"169":0,"170":0,"171":0,"172":0,"173":0,"174":0,"175":0,"176":1},"f":{"0":7,"1":7,"2":439,"3":439,"4":2522,"5":0,"6":0,"7":0,"8":0,"9":0,"10":0,"11":0,"12":0,"13":0,"14":0,"15":0,"16":0,"17":0,"18":0,"19":0,"20":0,"21":0,"22":0,"23":0,"24":0,"25":0,"26":0},"b":{"0":[7,1],"1":[0,0],"2":[0,0],"3":[0,0],"4":[0,0],"5":[0,0],"6":[0,0],"7":[0,0],"8":[0,0],"9":[0,0],"10":[0,0],"11":[0,0],"12":[0,0],"13":[0,0],"14":[0,0],"15":[0,0],"16":[0,0],"17":[0,0],"18":[0,0],"19":[0,0],"20":[0,0],"21":[0,0],"22":[0,0],"23":[0,0],"24":[0,0],"25":[0,0],"26":[0,0],"27":[0,0],"28":[0,0],"29":[0,0],"30":[0,0],"31":[0,0],"32":[0,0],"33":[0,0],"34":[0,0],"35":[0,0],"36":[0,0],"37":[0,0],"38":[0,0],"39":[0,0],"40":[0,0],"41":[0,0],"42":[0,0],"43":[0,0],"44":[0,0],"45":[0,0],"46":[0,0],"47":[0,0],"48":[0,0]}}
,"C:\\Users\\TechHuddle\\Documents\\aarts-core\\packages\\aarts-dynamodb\\DynamoDbClient.ts": {"path":"C:\\Users\\TechHuddle\\Documents\\aarts-core\\packages\\aarts-dynamodb\\DynamoDbClient.ts","statementMap":{"0":{"start":{"line":1,"column":0},"end":{"line":1,"column":44}},"1":{"start":{"line":5,"column":0},"end":{"line":5,"column":43}},"2":{"start":{"line":7,"column":13},"end":{"line":13,"column":null}},"3":{"start":{"line":15,"column":13},"end":{"line":15,"column":118}},"4":{"start":{"line":17,"column":13},"end":{"line":17,"column":null}},"5":{"start":{"line":19,"column":13},"end":{"line":21,"column":2}},"6":{"start":{"line":23,"column":4},"end":{"line":31,"column":null}},"7":{"start":{"line":24,"column":21},"end":{"line":24,"column":35}},"8":{"start":{"line":27,"column":16},"end":{"line":29,"column":48}},"9":{"start":{"line":22,"column":0},"end":{"line":22,"column":16}},"10":{"start":{"line":34,"column":13},"end":{"line":34,"column":null}},"11":{"start":{"line":34,"column":45},"end":{"line":34,"column":54}},"12":{"start":{"line":35,"column":13},"end":{"line":35,"column":null}},"13":{"start":{"line":35,"column":52},"end":{"line":35,"column":61}},"14":{"start":{"line":37,"column":13},"end":{"line":37,"column":null}},"15":{"start":{"line":37,"column":69},"end":{"line":37,"column":98}},"16":{"start":{"line":39,"column":13},"end":{"line":39,"column":null}},"17":{"start":{"line":39,"column":65},"end":{"line":39,"column":91}},"18":{"start":{"line":41,"column":13},"end":{"line":49,"column":null}},"19":{"start":{"line":41,"column":61},"end":{"line":49,"column":6}},"20":{"start":{"line":52,"column":4},"end":{"line":61,"column":null}},"21":{"start":{"line":54,"column":21},"end":{"line":54,"column":163}},"22":{"start":{"line":57,"column":16},"end":{"line":59,"column":56}},"23":{"start":{"line":51,"column":0},"end":{"line":51,"column":16}},"24":{"start":{"line":64,"column":13},"end":{"line":67,"column":null}},"25":{"start":{"line":64,"column":71},"end":{"line":66,"column":null}},"26":{"start":{"line":69,"column":13},"end":{"line":72,"column":null}},"27":{"start":{"line":69,"column":46},"end":{"line":71,"column":null}},"28":{"start":{"line":74,"column":13},"end":{"line":81,"column":null}},"29":{"start":{"line":74,"column":54},"end":{"line":81,"column":10}},"30":{"start":{"line":76,"column":8},"end":{"line":79,"column":null}},"31":{"start":{"line":80,"column":8},"end":{"line":80,"column":null}},"32":{"start":{"line":83,"column":13},"end":{"line":90,"column":null}},"33":{"start":{"line":83,"column":95},"end":{"line":90,"column":10}},"34":{"start":{"line":85,"column":8},"end":{"line":88,"column":null}},"35":{"start":{"line":89,"column":8},"end":{"line":89,"column":null}},"36":{"start":{"line":92,"column":17},"end":{"line":114,"column":null}},"37":{"start":{"line":95,"column":76},"end":{"line":95,"column":78}},"38":{"start":{"line":97,"column":8},"end":{"line":104,"column":11}},"39":{"start":{"line":98,"column":12},"end":{"line":103,"column":null}},"40":{"start":{"line":99,"column":16},"end":{"line":99,"column":108}},"41":{"start":{"line":102,"column":16},"end":{"line":102,"column":74}},"42":{"start":{"line":106,"column":8},"end":{"line":112,"column":null}},"43":{"start":{"line":107,"column":12},"end":{"line":107,"column":null}},"44":{"start":{"line":109,"column":12},"end":{"line":111,"column":null}},"45":{"start":{"line":110,"column":101},"end":{"line":110,"column":120}}},"fnMap":{"0":{"name":"removeEmpty","decl":{"start":{"line":22,"column":16},"end":{"line":22,"column":27}},"loc":{"start":{"line":22,"column":52},"end":{"line":32,"column":1}}},"1":{"name":"(anonymous_1)","decl":{"start":{"line":24,"column":16},"end":{"line":24,"column":17}},"loc":{"start":{"line":24,"column":21},"end":{"line":24,"column":35}}},"2":{"name":"(anonymous_2)","decl":{"start":{"line":26,"column":12},"end":{"line":26,"column":13}},"loc":{"start":{"line":27,"column":16},"end":{"line":29,"column":48}}},"3":{"name":"(anonymous_3)","decl":{"start":{"line":34,"column":29},"end":{"line":34,"column":30}},"loc":{"start":{"line":34,"column":45},"end":{"line":34,"column":54}}},"4":{"name":"(anonymous_4)","decl":{"start":{"line":35,"column":36},"end":{"line":35,"column":37}},"loc":{"start":{"line":35,"column":52},"end":{"line":35,"column":61}}},"5":{"name":"(anonymous_5)","decl":{"start":{"line":37,"column":34},"end":{"line":37,"column":35}},"loc":{"start":{"line":37,"column":69},"end":{"line":37,"column":98}}},"6":{"name":"(anonymous_6)","decl":{"start":{"line":39,"column":30},"end":{"line":39,"column":31}},"loc":{"start":{"line":39,"column":65},"end":{"line":39,"column":91}}},"7":{"name":"(anonymous_7)","decl":{"start":{"line":41,"column":26},"end":{"line":41,"column":27}},"loc":{"start":{"line":41,"column":61},"end":{"line":49,"column":6}}},"8":{"name":"ensureOnlyNewKeyUpdates","decl":{"start":{"line":51,"column":16},"end":{"line":51,"column":39}},"loc":{"start":{"line":51,"column":107},"end":{"line":62,"column":1}}},"9":{"name":"(anonymous_9)","decl":{"start":{"line":54,"column":16},"end":{"line":54,"column":17}},"loc":{"start":{"line":54,"column":21},"end":{"line":54,"column":163}}},"10":{"name":"(anonymous_10)","decl":{"start":{"line":56,"column":12},"end":{"line":56,"column":13}},"loc":{"start":{"line":57,"column":16},"end":{"line":59,"column":56}}},"11":{"name":"(anonymous_11)","decl":{"start":{"line":64,"column":32},"end":{"line":64,"column":36}},"loc":{"start":{"line":64,"column":71},"end":{"line":66,"column":null}}},"12":{"name":"(anonymous_12)","decl":{"start":{"line":69,"column":30},"end":{"line":69,"column":34}},"loc":{"start":{"line":69,"column":46},"end":{"line":71,"column":null}}},"13":{"name":"(anonymous_13)","decl":{"start":{"line":74,"column":35},"end":{"line":74,"column":39}},"loc":{"start":{"line":74,"column":54},"end":{"line":81,"column":10}}},"14":{"name":"(anonymous_14)","decl":{"start":{"line":75,"column":4},"end":{"line":75,"column":5}},"loc":{"start":{"line":75,"column":74},"end":{"line":81,"column":5}}},"15":{"name":"(anonymous_15)","decl":{"start":{"line":83,"column":37},"end":{"line":83,"column":41}},"loc":{"start":{"line":83,"column":95},"end":{"line":90,"column":10}}},"16":{"name":"(anonymous_16)","decl":{"start":{"line":84,"column":4},"end":{"line":84,"column":5}},"loc":{"start":{"line":84,"column":42},"end":{"line":90,"column":5}}},"17":{"name":"(anonymous_17)","decl":{"start":{"line":92,"column":30},"end":{"line":92,"column":35}},"loc":{"start":{"line":94,"column":43},"end":{"line":114,"column":5}}},"18":{"name":"(anonymous_18)","decl":{"start":{"line":97,"column":35},"end":{"line":97,"column":36}},"loc":{"start":{"line":97,"column":48},"end":{"line":104,"column":9}}},"19":{"name":"(anonymous_19)","decl":{"start":{"line":110,"column":97},"end":{"line":110,"column":98}},"loc":{"start":{"line":110,"column":101},"end":{"line":110,"column":120}}}},"branchMap":{"0":{"loc":{"start":{"line":15,"column":71},"end":{"line":15,"column":100}},"type":"cond-expr","locations":[{"start":{"line":15,"column":71},"end":{"line":15,"column":100}},{"start":{"line":15,"column":103},"end":{"line":15,"column":117}}]},"1":{"loc":{"start":{"line":28,"column":22},"end":{"line":28,"column":61}},"type":"cond-expr","locations":[{"start":{"line":28,"column":22},"end":{"line":28,"column":61}},{"start":{"line":29,"column":22},"end":{"line":29,"column":48}}]},"2":{"loc":{"start":{"line":46,"column":51},"end":{"line":46,"column":70}},"type":"cond-expr","locations":[{"start":{"line":46,"column":51},"end":{"line":46,"column":70}},{"start":{"line":46,"column":73},"end":{"line":46,"column":82}}]},"3":{"loc":{"start":{"line":47,"column":51},"end":{"line":47,"column":70}},"type":"cond-expr","locations":[{"start":{"line":47,"column":51},"end":{"line":47,"column":70}},{"start":{"line":47,"column":73},"end":{"line":47,"column":82}}]},"4":{"loc":{"start":{"line":54,"column":21},"end":{"line":54,"column":38}},"type":"binary-expr","locations":[{"start":{"line":54,"column":21},"end":{"line":54,"column":38}},{"start":{"line":54,"column":43},"end":{"line":54,"column":71}},{"start":{"line":54,"column":75},"end":{"line":54,"column":90}},{"start":{"line":54,"column":97},"end":{"line":54,"column":125}},{"start":{"line":54,"column":129},"end":{"line":54,"column":162}}]},"5":{"loc":{"start":{"line":58,"column":22},"end":{"line":58,"column":98}},"type":"cond-expr","locations":[{"start":{"line":58,"column":22},"end":{"line":58,"column":98}},{"start":{"line":59,"column":22},"end":{"line":59,"column":56}}]},"6":{"loc":{"start":{"line":65,"column":4},"end":{"line":65,"column":8}},"type":"binary-expr","locations":[{"start":{"line":65,"column":4},"end":{"line":65,"column":8}},{"start":{"line":65,"column":12},"end":{"line":65,"column":14}}]},"7":{"loc":{"start":{"line":69,"column":46},"end":{"line":69,"column":50}},"type":"binary-expr","locations":[{"start":{"line":69,"column":46},"end":{"line":69,"column":50}},{"start":{"line":69,"column":54},"end":{"line":71,"column":null}}]},"8":{"loc":{"start":{"line":83,"column":96},"end":{"line":83,"column":108}},"type":"binary-expr","locations":[{"start":{"line":83,"column":96},"end":{"line":83,"column":108}},{"start":{"line":83,"column":112},"end":{"line":83,"column":114}}]},"9":{"loc":{"start":{"line":110,"column":36},"end":{"line":110,"column":66}},"type":"binary-expr","locations":[{"start":{"line":110,"column":36},"end":{"line":110,"column":66}},{"start":{"line":110,"column":70},"end":{"line":110,"column":121}}]},"10":{"loc":{"start":{"line":110,"column":101},"end":{"line":110,"column":107}},"type":"binary-expr","locations":[{"start":{"line":110,"column":101},"end":{"line":110,"column":107}},{"start":{"line":110,"column":111},"end":{"line":110,"column":120}}]}},"s":{"0":1,"1":1,"2":1,"3":1,"4":1,"5":1,"6":931,"7":11113,"8":10965,"9":1,"10":1,"11":439,"12":1,"13":0,"14":1,"15":10,"16":1,"17":135,"18":1,"19":135,"20":0,"21":0,"22":0,"23":1,"24":1,"25":0,"26":1,"27":584,"28":1,"29":0,"30":0,"31":0,"32":1,"33":0,"34":0,"35":0,"36":1,"37":439,"38":439,"39":0,"40":0,"41":0,"42":439,"43":439,"44":0,"45":0},"f":{"0":931,"1":11113,"2":10965,"3":439,"4":0,"5":10,"6":135,"7":135,"8":0,"9":0,"10":0,"11":0,"12":584,"13":0,"14":0,"15":0,"16":0,"17":439,"18":0,"19":0},"b":{"0":[1,0],"1":[347,10618],"2":[112,23],"3":[10,125],"4":[0,0,0,0,0],"5":[0,0],"6":[0,0],"7":[584,584],"8":[0,0],"9":[0,0],"10":[0,0]}}
,"C:\\Users\\TechHuddle\\Documents\\aarts-core\\packages\\aarts-dynamodb\\dynamodb-batchGetItem.ts": {"path":"C:\\Users\\TechHuddle\\Documents\\aarts-core\\packages\\aarts-dynamodb\\dynamodb-batchGetItem.ts","statementMap":{"0":{"start":{"line":6,"column":0},"end":{"line":6,"column":103}},"1":{"start":{"line":9,"column":13},"end":{"line":33,"column":null}},"2":{"start":{"line":10,"column":4},"end":{"line":33,"column":2}},"3":{"start":{"line":12,"column":33},"end":{"line":12,"column":101}},"4":{"start":{"line":12,"column":69},"end":{"line":12,"column":99}},"5":{"start":{"line":14,"column":38},"end":{"line":21,"column":null}},"6":{"start":{"line":24,"column":4},"end":{"line":32,"column":null}},"7":{"start":{"line":25,"column":8},"end":{"line":27,"column":null}},"8":{"start":{"line":26,"column":12},"end":{"line":26,"column":null}},"9":{"start":{"line":28,"column":8},"end":{"line":28,"column":null}},"10":{"start":{"line":31,"column":8},"end":{"line":31,"column":null}}},"fnMap":{"0":{"name":"(anonymous_0)","decl":{"start":{"line":9,"column":28},"end":{"line":9,"column":29}},"loc":{"start":{"line":10,"column":4},"end":{"line":33,"column":2}}},"1":{"name":"(anonymous_1)","decl":{"start":{"line":10,"column":16},"end":{"line":10,"column":17}},"loc":{"start":{"line":10,"column":36},"end":{"line":33,"column":1}}},"2":{"name":"(anonymous_2)","decl":{"start":{"line":12,"column":63},"end":{"line":12,"column":64}},"loc":{"start":{"line":12,"column":67},"end":{"line":12,"column":99}}},"3":{"name":"(anonymous_3)","decl":{"start":{"line":24,"column":40},"end":{"line":24,"column":41}},"loc":{"start":{"line":24,"column":88},"end":{"line":32,"column":5}}}},"branchMap":{"0":{"loc":{"start":{"line":25,"column":8},"end":{"line":27,"column":null}},"type":"if","locations":[{"start":{"line":25,"column":8},"end":{"line":27,"column":null}},{"start":{"line":25,"column":8},"end":{"line":27,"column":null}}]},"1":{"loc":{"start":{"line":28,"column":8},"end":{"line":28,"column":25}},"type":"binary-expr","locations":[{"start":{"line":28,"column":8},"end":{"line":28,"column":25}},{"start":{"line":28,"column":29},"end":{"line":28,"column":84}}]}},"s":{"0":1,"1":1,"2":0,"3":0,"4":0,"5":0,"6":0,"7":0,"8":0,"9":0,"10":0},"f":{"0":0,"1":0,"2":0,"3":0},"b":{"0":[0,0],"1":[0,0]}}
,"C:\\Users\\TechHuddle\\Documents\\aarts-core\\packages\\aarts-dynamodb\\dynamodb-queryItems.ts": {"path":"C:\\Users\\TechHuddle\\Documents\\aarts-core\\packages\\aarts-dynamodb\\dynamodb-queryItems.ts","statementMap":{"0":{"start":{"line":6,"column":0},"end":{"line":6,"column":152}},"1":{"start":{"line":11,"column":13},"end":{"line":103,"column":null}},"2":{"start":{"line":12,"column":4},"end":{"line":103,"column":2}},"3":{"start":{"line":14,"column":27},"end":{"line":17,"column":10}},"4":{"start":{"line":18,"column":38},"end":{"line":18,"column":111}},"5":{"start":{"line":20,"column":24},"end":{"line":20,"column":110}},"6":{"start":{"line":20,"column":87},"end":{"line":20,"column":109}},"7":{"start":{"line":21,"column":34},"end":{"line":24,"column":13}},"8":{"start":{"line":22,"column":12},"end":{"line":22,"column":null}},"9":{"start":{"line":23,"column":12},"end":{"line":23,"column":null}},"10":{"start":{"line":26,"column":42},"end":{"line":26,"column":114}},"11":{"start":{"line":29,"column":43},"end":{"line":29,"column":98}},"12":{"start":{"line":30,"column":8},"end":{"line":49,"column":null}},"13":{"start":{"line":32,"column":12},"end":{"line":32,"column":null}},"14":{"start":{"line":34,"column":12},"end":{"line":47,"column":null}},"15":{"start":{"line":35,"column":16},"end":{"line":37,"column":null}},"16":{"start":{"line":36,"column":20},"end":{"line":36,"column":null}},"17":{"start":{"line":38,"column":16},"end":{"line":38,"column":null}},"18":{"start":{"line":39,"column":16},"end":{"line":39,"column":null}},"19":{"start":{"line":40,"column":16},"end":{"line":40,"column":null}},"20":{"start":{"line":44,"column":16},"end":{"line":44,"column":null}},"21":{"start":{"line":45,"column":16},"end":{"line":45,"column":null}},"22":{"start":{"line":52,"column":8},"end":{"line":65,"column":null}},"23":{"start":{"line":53,"column":12},"end":{"line":58,"column":null}},"24":{"start":{"line":56,"column":16},"end":{"line":56,"column":null}},"25":{"start":{"line":57,"column":16},"end":{"line":57,"column":null}},"26":{"start":{"line":60,"column":12},"end":{"line":64,"column":null}},"27":{"start":{"line":62,"column":20},"end":{"line":62,"column":null}},"28":{"start":{"line":63,"column":20},"end":{"line":63,"column":null}},"29":{"start":{"line":67,"column":8},"end":{"line":67,"column":null}},"30":{"start":{"line":68,"column":8},"end":{"line":68,"column":null}},"31":{"start":{"line":69,"column":8},"end":{"line":69,"column":null}},"32":{"start":{"line":70,"column":8},"end":{"line":70,"column":null}},"33":{"start":{"line":71,"column":8},"end":{"line":71,"column":null}},"34":{"start":{"line":72,"column":8},"end":{"line":72,"column":null}},"35":{"start":{"line":73,"column":8},"end":{"line":73,"column":null}},"36":{"start":{"line":74,"column":8},"end":{"line":74,"column":null}},"37":{"start":{"line":80,"column":44},"end":{"line":91,"column":null}},"38":{"start":{"line":93,"column":4},"end":{"line":102,"column":null}},"39":{"start":{"line":94,"column":8},"end":{"line":97,"column":null}},"40":{"start":{"line":95,"column":12},"end":{"line":95,"column":null}},"41":{"start":{"line":96,"column":12},"end":{"line":96,"column":null}},"42":{"start":{"line":99,"column":8},"end":{"line":99,"column":null}},"43":{"start":{"line":101,"column":8},"end":{"line":101,"column":null}}},"fnMap":{"0":{"name":"(anonymous_0)","decl":{"start":{"line":11,"column":26},"end":{"line":11,"column":52}},"loc":{"start":{"line":12,"column":4},"end":{"line":103,"column":2}}},"1":{"name":"(anonymous_1)","decl":{"start":{"line":12,"column":16},"end":{"line":12,"column":17}},"loc":{"start":{"line":12,"column":36},"end":{"line":103,"column":1}}},"2":{"name":"(anonymous_2)","decl":{"start":{"line":20,"column":77},"end":{"line":20,"column":83}},"loc":{"start":{"line":20,"column":87},"end":{"line":20,"column":109}}},"3":{"name":"(anonymous_3)","decl":{"start":{"line":21,"column":68},"end":{"line":21,"column":69}},"loc":{"start":{"line":21,"column":80},"end":{"line":24,"column":9}}},"4":{"name":"(anonymous_4)","decl":{"start":{"line":54,"column":66},"end":{"line":54,"column":67}},"loc":{"start":{"line":54,"column":78},"end":{"line":58,"column":13}}},"5":{"name":"(anonymous_5)","decl":{"start":{"line":61,"column":74},"end":{"line":61,"column":75}},"loc":{"start":{"line":61,"column":86},"end":{"line":64,"column":17}}},"6":{"name":"(anonymous_6)","decl":{"start":{"line":93,"column":33},"end":{"line":93,"column":34}},"loc":{"start":{"line":93,"column":83},"end":{"line":102,"column":5}}}},"branchMap":{"0":{"loc":{"start":{"line":20,"column":24},"end":{"line":20,"column":46}},"type":"binary-expr","locations":[{"start":{"line":20,"column":24},"end":{"line":20,"column":46}},{"start":{"line":20,"column":50},"end":{"line":20,"column":110}}]},"1":{"loc":{"start":{"line":21,"column":34},"end":{"line":21,"column":41}},"type":"binary-expr","locations":[{"start":{"line":21,"column":34},"end":{"line":21,"column":41}},{"start":{"line":21,"column":45},"end":{"line":24,"column":13}}]},"2":{"loc":{"start":{"line":30,"column":8},"end":{"line":49,"column":null}},"type":"if","locations":[{"start":{"line":30,"column":8},"end":{"line":49,"column":null}},{"start":{"line":30,"column":8},"end":{"line":49,"column":null}}]},"3":{"loc":{"start":{"line":34,"column":12},"end":{"line":47,"column":null}},"type":"if","locations":[{"start":{"line":34,"column":12},"end":{"line":47,"column":null}},{"start":{"line":34,"column":12},"end":{"line":47,"column":null}}]},"4":{"loc":{"start":{"line":35,"column":16},"end":{"line":37,"column":null}},"type":"if","locations":[{"start":{"line":35,"column":16},"end":{"line":37,"column":null}},{"start":{"line":35,"column":16},"end":{"line":37,"column":null}}]},"5":{"loc":{"start":{"line":35,"column":22},"end":{"line":35,"column":55}},"type":"binary-expr","locations":[{"start":{"line":35,"column":22},"end":{"line":35,"column":55}},{"start":{"line":35,"column":59},"end":{"line":35,"column":92}}]},"6":{"loc":{"start":{"line":52,"column":8},"end":{"line":65,"column":null}},"type":"if","locations":[{"start":{"line":52,"column":8},"end":{"line":65,"column":null}},{"start":{"line":52,"column":8},"end":{"line":65,"column":null}}]},"7":{"loc":{"start":{"line":54,"column":16},"end":{"line":54,"column":23}},"type":"binary-expr","locations":[{"start":{"line":54,"column":16},"end":{"line":54,"column":23}},{"start":{"line":54,"column":27},"end":{"line":58,"column":17}}]},"8":{"loc":{"start":{"line":61,"column":16},"end":{"line":61,"column":23}},"type":"binary-expr","locations":[{"start":{"line":61,"column":16},"end":{"line":61,"column":23}},{"start":{"line":61,"column":27},"end":{"line":64,"column":21}}]},"9":{"loc":{"start":{"line":67,"column":8},"end":{"line":67,"column":25}},"type":"binary-expr","locations":[{"start":{"line":67,"column":8},"end":{"line":67,"column":25}},{"start":{"line":67,"column":29},"end":{"line":67,"column":92}}]},"10":{"loc":{"start":{"line":68,"column":8},"end":{"line":68,"column":25}},"type":"binary-expr","locations":[{"start":{"line":68,"column":8},"end":{"line":68,"column":25}},{"start":{"line":68,"column":29},"end":{"line":68,"column":67}}]},"11":{"loc":{"start":{"line":69,"column":8},"end":{"line":69,"column":25}},"type":"binary-expr","locations":[{"start":{"line":69,"column":8},"end":{"line":69,"column":25}},{"start":{"line":69,"column":29},"end":{"line":69,"column":92}}]},"12":{"loc":{"start":{"line":70,"column":8},"end":{"line":70,"column":25}},"type":"binary-expr","locations":[{"start":{"line":70,"column":8},"end":{"line":70,"column":25}},{"start":{"line":70,"column":29},"end":{"line":70,"column":61}}]},"13":{"loc":{"start":{"line":71,"column":8},"end":{"line":71,"column":25}},"type":"binary-expr","locations":[{"start":{"line":71,"column":8},"end":{"line":71,"column":25}},{"start":{"line":71,"column":29},"end":{"line":71,"column":81}}]},"14":{"loc":{"start":{"line":72,"column":8},"end":{"line":72,"column":25}},"type":"binary-expr","locations":[{"start":{"line":72,"column":8},"end":{"line":72,"column":25}},{"start":{"line":72,"column":29},"end":{"line":72,"column":97}}]},"15":{"loc":{"start":{"line":73,"column":8},"end":{"line":73,"column":25}},"type":"binary-expr","locations":[{"start":{"line":73,"column":8},"end":{"line":73,"column":25}},{"start":{"line":73,"column":29},"end":{"line":73,"column":99}}]},"16":{"loc":{"start":{"line":74,"column":8},"end":{"line":74,"column":25}},"type":"binary-expr","locations":[{"start":{"line":74,"column":8},"end":{"line":74,"column":25}},{"start":{"line":74,"column":29},"end":{"line":74,"column":92}}]},"17":{"loc":{"start":{"line":94,"column":8},"end":{"line":97,"column":null}},"type":"if","locations":[{"start":{"line":94,"column":8},"end":{"line":97,"column":null}},{"start":{"line":94,"column":8},"end":{"line":97,"column":null}}]},"18":{"loc":{"start":{"line":99,"column":8},"end":{"line":99,"column":25}},"type":"binary-expr","locations":[{"start":{"line":99,"column":8},"end":{"line":99,"column":25}},{"start":{"line":99,"column":29},"end":{"line":99,"column":149}}]}},"s":{"0":1,"1":1,"2":0,"3":0,"4":0,"5":0,"6":0,"7":0,"8":0,"9":0,"10":0,"11":0,"12":0,"13":0,"14":0,"15":0,"16":0,"17":0,"18":0,"19":0,"20":0,"21":0,"22":0,"23":0,"24":0,"25":0,"26":0,"27":0,"28":0,"29":0,"30":0,"31":0,"32":0,"33":0,"34":0,"35":0,"36":0,"37":0,"38":0,"39":0,"40":0,"41":0,"42":0,"43":0},"f":{"0":0,"1":0,"2":0,"3":0,"4":0,"5":0,"6":0},"b":{"0":[0,0],"1":[0,0],"2":[0,0],"3":[0,0],"4":[0,0],"5":[0,0],"6":[0,0],"7":[0,0],"8":[0,0],"9":[0,0],"10":[0,0],"11":[0,0],"12":[0,0],"13":[0,0],"14":[0,0],"15":[0,0],"16":[0,0],"17":[0,0],"18":[0,0]}}
,"C:\\Users\\TechHuddle\\Documents\\aarts-core\\packages\\aarts-dynamodb\\dynamodb-transactDeleteItem.ts": {"path":"C:\\Users\\TechHuddle\\Documents\\aarts-core\\packages\\aarts-dynamodb\\dynamodb-transactDeleteItem.ts","statementMap":{"0":{"start":{"line":7,"column":0},"end":{"line":7,"column":149}},"1":{"start":{"line":8,"column":0},"end":{"line":8,"column":43}},"2":{"start":{"line":11,"column":13},"end":{"line":141,"column":null}},"3":{"start":{"line":12,"column":22},"end":{"line":12,"column":70}},"4":{"start":{"line":14,"column":30},"end":{"line":15,"column":51}},"5":{"start":{"line":16,"column":48},"end":{"line":17,"column":null}},"6":{"start":{"line":19,"column":29},"end":{"line":19,"column":89}},"7":{"start":{"line":20,"column":26},"end":{"line":20,"column":54}},"8":{"start":{"line":29,"column":4},"end":{"line":29,"column":null}},"9":{"start":{"line":30,"column":4},"end":{"line":30,"column":null}},"10":{"start":{"line":31,"column":4},"end":{"line":31,"column":null}},"11":{"start":{"line":32,"column":4},"end":{"line":32,"column":null}},"12":{"start":{"line":33,"column":4},"end":{"line":33,"column":null}},"13":{"start":{"line":34,"column":4},"end":{"line":34,"column":null}},"14":{"start":{"line":35,"column":4},"end":{"line":35,"column":null}},"15":{"start":{"line":38,"column":23},"end":{"line":38,"column":202}},"16":{"start":{"line":38,"column":142},"end":{"line":38,"column":159}},"17":{"start":{"line":38,"column":171},"end":{"line":38,"column":188}},"18":{"start":{"line":39,"column":30},"end":{"line":39,"column":151}},"19":{"start":{"line":39,"column":78},"end":{"line":39,"column":108}},"20":{"start":{"line":39,"column":120},"end":{"line":39,"column":137}},"21":{"start":{"line":40,"column":4},"end":{"line":40,"column":null}},"22":{"start":{"line":42,"column":61},"end":{"line":107,"column":null}},"23":{"start":{"line":78,"column":20},"end":{"line":80,"column":null}},"24":{"start":{"line":79,"column":24},"end":{"line":79,"column":null}},"25":{"start":{"line":81,"column":20},"end":{"line":81,"column":null}},"26":{"start":{"line":86,"column":24},"end":{"line":88,"column":null}},"27":{"start":{"line":87,"column":28},"end":{"line":87,"column":null}},"28":{"start":{"line":89,"column":24},"end":{"line":89,"column":null}},"29":{"start":{"line":109,"column":37},"end":{"line":129,"column":33}},"30":{"start":{"line":110,"column":8},"end":{"line":118,"column":null}},"31":{"start":{"line":110,"column":54},"end":{"line":110,"column":59}},"32":{"start":{"line":111,"column":12},"end":{"line":117,"column":null}},"33":{"start":{"line":119,"column":8},"end":{"line":127,"column":null}},"34":{"start":{"line":119,"column":54},"end":{"line":119,"column":59}},"35":{"start":{"line":119,"column":109},"end":{"line":119,"column":122}},"36":{"start":{"line":120,"column":12},"end":{"line":126,"column":null}},"37":{"start":{"line":128,"column":8},"end":{"line":128,"column":null}},"38":{"start":{"line":131,"column":44},"end":{"line":136,"column":null}},"39":{"start":{"line":138,"column":19},"end":{"line":138,"column":78}},"40":{"start":{"line":139,"column":4},"end":{"line":139,"column":null}},"41":{"start":{"line":140,"column":4},"end":{"line":140,"column":null}}},"fnMap":{"0":{"name":"(anonymous_0)","decl":{"start":{"line":11,"column":34},"end":{"line":11,"column":39}},"loc":{"start":{"line":11,"column":136},"end":{"line":141,"column":1}}},"1":{"name":"(anonymous_1)","decl":{"start":{"line":38,"column":136},"end":{"line":38,"column":138}},"loc":{"start":{"line":38,"column":142},"end":{"line":38,"column":159}}},"2":{"name":"(anonymous_2)","decl":{"start":{"line":38,"column":165},"end":{"line":38,"column":167}},"loc":{"start":{"line":38,"column":171},"end":{"line":38,"column":188}}},"3":{"name":"(anonymous_3)","decl":{"start":{"line":39,"column":71},"end":{"line":39,"column":74}},"loc":{"start":{"line":39,"column":78},"end":{"line":39,"column":108}}},"4":{"name":"(anonymous_4)","decl":{"start":{"line":39,"column":114},"end":{"line":39,"column":116}},"loc":{"start":{"line":39,"column":120},"end":{"line":39,"column":137}}},"5":{"name":"(anonymous_5)","decl":{"start":{"line":77,"column":110},"end":{"line":77,"column":111}},"loc":{"start":{"line":77,"column":125},"end":{"line":82,"column":17}}},"6":{"name":"(anonymous_6)","decl":{"start":{"line":85,"column":89},"end":{"line":85,"column":90}},"loc":{"start":{"line":85,"column":104},"end":{"line":90,"column":21}}},"7":{"name":"(anonymous_7)","decl":{"start":{"line":109,"column":92},"end":{"line":109,"column":93}},"loc":{"start":{"line":109,"column":107},"end":{"line":129,"column":5}}},"8":{"name":"(anonymous_8)","decl":{"start":{"line":110,"column":49},"end":{"line":110,"column":50}},"loc":{"start":{"line":110,"column":54},"end":{"line":110,"column":59}}},"9":{"name":"(anonymous_9)","decl":{"start":{"line":119,"column":49},"end":{"line":119,"column":50}},"loc":{"start":{"line":119,"column":54},"end":{"line":119,"column":59}}},"10":{"name":"(anonymous_10)","decl":{"start":{"line":119,"column":104},"end":{"line":119,"column":105}},"loc":{"start":{"line":119,"column":109},"end":{"line":119,"column":122}}}},"branchMap":{"0":{"loc":{"start":{"line":29,"column":4},"end":{"line":29,"column":21}},"type":"binary-expr","locations":[{"start":{"line":29,"column":4},"end":{"line":29,"column":21}},{"start":{"line":29,"column":25},"end":{"line":29,"column":88}}]},"1":{"loc":{"start":{"line":30,"column":4},"end":{"line":30,"column":21}},"type":"binary-expr","locations":[{"start":{"line":30,"column":4},"end":{"line":30,"column":21}},{"start":{"line":30,"column":25},"end":{"line":30,"column":68}}]},"2":{"loc":{"start":{"line":31,"column":4},"end":{"line":31,"column":21}},"type":"binary-expr","locations":[{"start":{"line":31,"column":4},"end":{"line":31,"column":21}},{"start":{"line":31,"column":25},"end":{"line":31,"column":65}}]},"3":{"loc":{"start":{"line":32,"column":4},"end":{"line":32,"column":21}},"type":"binary-expr","locations":[{"start":{"line":32,"column":4},"end":{"line":32,"column":21}},{"start":{"line":32,"column":25},"end":{"line":32,"column":77}}]},"4":{"loc":{"start":{"line":33,"column":4},"end":{"line":33,"column":21}},"type":"binary-expr","locations":[{"start":{"line":33,"column":4},"end":{"line":33,"column":21}},{"start":{"line":33,"column":25},"end":{"line":33,"column":67}}]},"5":{"loc":{"start":{"line":34,"column":4},"end":{"line":34,"column":21}},"type":"binary-expr","locations":[{"start":{"line":34,"column":4},"end":{"line":34,"column":21}},{"start":{"line":34,"column":25},"end":{"line":34,"column":75}}]},"6":{"loc":{"start":{"line":35,"column":4},"end":{"line":35,"column":21}},"type":"binary-expr","locations":[{"start":{"line":35,"column":4},"end":{"line":35,"column":21}},{"start":{"line":35,"column":25},"end":{"line":35,"column":88}}]},"7":{"loc":{"start":{"line":39,"column":78},"end":{"line":39,"column":90}},"type":"binary-expr","locations":[{"start":{"line":39,"column":78},"end":{"line":39,"column":90}},{"start":{"line":39,"column":94},"end":{"line":39,"column":108}}]},"8":{"loc":{"start":{"line":78,"column":20},"end":{"line":80,"column":null}},"type":"if","locations":[{"start":{"line":78,"column":20},"end":{"line":80,"column":null}},{"start":{"line":78,"column":20},"end":{"line":80,"column":null}}]},"9":{"loc":{"start":{"line":78,"column":24},"end":{"line":78,"column":36}},"type":"binary-expr","locations":[{"start":{"line":78,"column":24},"end":{"line":78,"column":36}},{"start":{"line":78,"column":40},"end":{"line":78,"column":54}}]},"10":{"loc":{"start":{"line":86,"column":24},"end":{"line":88,"column":null}},"type":"if","locations":[{"start":{"line":86,"column":24},"end":{"line":88,"column":null}},{"start":{"line":86,"column":24},"end":{"line":88,"column":null}}]},"11":{"loc":{"start":{"line":86,"column":28},"end":{"line":86,"column":40}},"type":"binary-expr","locations":[{"start":{"line":86,"column":28},"end":{"line":86,"column":40}},{"start":{"line":86,"column":44},"end":{"line":86,"column":58}}]},"12":{"loc":{"start":{"line":110,"column":8},"end":{"line":118,"column":null}},"type":"if","locations":[{"start":{"line":110,"column":8},"end":{"line":118,"column":null}},{"start":{"line":110,"column":8},"end":{"line":118,"column":null}}]},"13":{"loc":{"start":{"line":110,"column":12},"end":{"line":110,"column":26}},"type":"binary-expr","locations":[{"start":{"line":110,"column":12},"end":{"line":110,"column":26}},{"start":{"line":110,"column":30},"end":{"line":110,"column":78}}]},"14":{"loc":{"start":{"line":119,"column":8},"end":{"line":127,"column":null}},"type":"if","locations":[{"start":{"line":119,"column":8},"end":{"line":127,"column":null}},{"start":{"line":119,"column":8},"end":{"line":127,"column":null}}]},"15":{"loc":{"start":{"line":119,"column":12},"end":{"line":119,"column":26}},"type":"binary-expr","locations":[{"start":{"line":119,"column":12},"end":{"line":119,"column":26}},{"start":{"line":119,"column":30},"end":{"line":119,"column":78}},{"start":{"line":119,"column":82},"end":{"line":119,"column":142}}]},"16":{"loc":{"start":{"line":139,"column":4},"end":{"line":139,"column":21}},"type":"binary-expr","locations":[{"start":{"line":139,"column":4},"end":{"line":139,"column":21}},{"start":{"line":139,"column":25},"end":{"line":139,"column":94}}]}},"s":{"0":1,"1":1,"2":1,"3":0,"4":0,"5":0,"6":0,"7":0,"8":0,"9":0,"10":0,"11":0,"12":0,"13":0,"14":0,"15":0,"16":0,"17":0,"18":0,"19":0,"20":0,"21":0,"22":0,"23":0,"24":0,"25":0,"26":0,"27":0,"28":0,"29":0,"30":0,"31":0,"32":0,"33":0,"34":0,"35":0,"36":0,"37":0,"38":0,"39":0,"40":0,"41":0},"f":{"0":0,"1":0,"2":0,"3":0,"4":0,"5":0,"6":0,"7":0,"8":0,"9":0,"10":0},"b":{"0":[0,0],"1":[0,0],"2":[0,0],"3":[0,0],"4":[0,0],"5":[0,0],"6":[0,0],"7":[0,0],"8":[0,0],"9":[0,0],"10":[0,0],"11":[0,0],"12":[0,0],"13":[0,0],"14":[0,0],"15":[0,0,0],"16":[0,0]}}
,"C:\\Users\\TechHuddle\\Documents\\aarts-core\\packages\\aarts-dynamodb\\dynamodb-transactPutItem.ts": {"path":"C:\\Users\\TechHuddle\\Documents\\aarts-core\\packages\\aarts-dynamodb\\dynamodb-transactPutItem.ts","statementMap":{"0":{"start":{"line":6,"column":0},"end":{"line":6,"column":132}},"1":{"start":{"line":7,"column":0},"end":{"line":7,"column":43}},"2":{"start":{"line":9,"column":13},"end":{"line":75,"column":null}},"3":{"start":{"line":10,"column":4},"end":{"line":10,"column":null}},"4":{"start":{"line":12,"column":18},"end":{"line":12,"column":38}},"5":{"start":{"line":14,"column":61},"end":{"line":35,"column":null}},"6":{"start":{"line":38,"column":37},"end":{"line":62,"column":33}},"7":{"start":{"line":39,"column":8},"end":{"line":47,"column":null}},"8":{"start":{"line":39,"column":54},"end":{"line":39,"column":59}},"9":{"start":{"line":40,"column":12},"end":{"line":46,"column":null}},"10":{"start":{"line":48,"column":8},"end":{"line":59,"column":null}},"11":{"start":{"line":48,"column":54},"end":{"line":48,"column":59}},"12":{"start":{"line":48,"column":124},"end":{"line":48,"column":137}},"13":{"start":{"line":49,"column":32},"end":{"line":49,"column":107}},"14":{"start":{"line":50,"column":12},"end":{"line":58,"column":null}},"15":{"start":{"line":61,"column":8},"end":{"line":61,"column":null}},"16":{"start":{"line":64,"column":44},"end":{"line":69,"column":null}},"17":{"start":{"line":72,"column":19},"end":{"line":72,"column":78}},"18":{"start":{"line":73,"column":4},"end":{"line":73,"column":null}},"19":{"start":{"line":74,"column":4},"end":{"line":74,"column":null}}},"fnMap":{"0":{"name":"(anonymous_0)","decl":{"start":{"line":9,"column":31},"end":{"line":9,"column":36}},"loc":{"start":{"line":9,"column":126},"end":{"line":75,"column":1}}},"1":{"name":"(anonymous_1)","decl":{"start":{"line":38,"column":84},"end":{"line":38,"column":85}},"loc":{"start":{"line":38,"column":99},"end":{"line":62,"column":5}}},"2":{"name":"(anonymous_2)","decl":{"start":{"line":39,"column":49},"end":{"line":39,"column":50}},"loc":{"start":{"line":39,"column":54},"end":{"line":39,"column":59}}},"3":{"name":"(anonymous_3)","decl":{"start":{"line":48,"column":49},"end":{"line":48,"column":50}},"loc":{"start":{"line":48,"column":54},"end":{"line":48,"column":59}}},"4":{"name":"(anonymous_4)","decl":{"start":{"line":48,"column":119},"end":{"line":48,"column":120}},"loc":{"start":{"line":48,"column":124},"end":{"line":48,"column":137}}}},"branchMap":{"0":{"loc":{"start":{"line":10,"column":4},"end":{"line":10,"column":21}},"type":"binary-expr","locations":[{"start":{"line":10,"column":4},"end":{"line":10,"column":21}},{"start":{"line":10,"column":25},"end":{"line":10,"column":93}}]},"1":{"loc":{"start":{"line":39,"column":8},"end":{"line":47,"column":null}},"type":"if","locations":[{"start":{"line":39,"column":8},"end":{"line":47,"column":null}},{"start":{"line":39,"column":8},"end":{"line":47,"column":null}}]},"2":{"loc":{"start":{"line":39,"column":12},"end":{"line":39,"column":26}},"type":"binary-expr","locations":[{"start":{"line":39,"column":12},"end":{"line":39,"column":26}},{"start":{"line":39,"column":30},"end":{"line":39,"column":78}},{"start":{"line":39,"column":82},"end":{"line":39,"column":93}}]},"3":{"loc":{"start":{"line":48,"column":8},"end":{"line":59,"column":null}},"type":"if","locations":[{"start":{"line":48,"column":8},"end":{"line":59,"column":null}},{"start":{"line":48,"column":8},"end":{"line":59,"column":null}}]},"4":{"loc":{"start":{"line":48,"column":12},"end":{"line":48,"column":26}},"type":"binary-expr","locations":[{"start":{"line":48,"column":12},"end":{"line":48,"column":26}},{"start":{"line":48,"column":30},"end":{"line":48,"column":78}},{"start":{"line":48,"column":82},"end":{"line":48,"column":93}},{"start":{"line":48,"column":97},"end":{"line":48,"column":157}}]},"5":{"loc":{"start":{"line":73,"column":4},"end":{"line":73,"column":21}},"type":"binary-expr","locations":[{"start":{"line":73,"column":4},"end":{"line":73,"column":21}},{"start":{"line":73,"column":25},"end":{"line":73,"column":94}}]}},"s":{"0":1,"1":1,"2":1,"3":439,"4":439,"5":439,"6":439,"7":5183,"8":1756,"9":135,"10":5183,"11":1756,"12":715,"13":10,"14":10,"15":5183,"16":439,"17":439,"18":439,"19":439},"f":{"0":439,"1":5183,"2":1756,"3":1756,"4":715},"b":{"0":[439,0],"1":[135,5048],"2":[5183,416,135],"3":[10,5173],"4":[5183,416,135,135],"5":[439,0]}}
,"C:\\Users\\TechHuddle\\Documents\\aarts-core\\packages\\aarts-dynamodb\\dynamodb-transactUpdateItem.ts": {"path":"C:\\Users\\TechHuddle\\Documents\\aarts-core\\packages\\aarts-dynamodb\\dynamodb-transactUpdateItem.ts","statementMap":{"0":{"start":{"line":7,"column":0},"end":{"line":7,"column":143}},"1":{"start":{"line":8,"column":0},"end":{"line":8,"column":43}},"2":{"start":{"line":11,"column":13},"end":{"line":196,"column":null}},"3":{"start":{"line":12,"column":30},"end":{"line":13,"column":51}},"4":{"start":{"line":14,"column":48},"end":{"line":15,"column":null}},"5":{"start":{"line":17,"column":29},"end":{"line":17,"column":89}},"6":{"start":{"line":18,"column":26},"end":{"line":18,"column":54}},"7":{"start":{"line":20,"column":4},"end":{"line":23,"column":null}},"8":{"start":{"line":22,"column":8},"end":{"line":22,"column":null}},"9":{"start":{"line":24,"column":23},"end":{"line":24,"column":202}},"10":{"start":{"line":24,"column":142},"end":{"line":24,"column":159}},"11":{"start":{"line":24,"column":171},"end":{"line":24,"column":188}},"12":{"start":{"line":25,"column":30},"end":{"line":25,"column":140}},"13":{"start":{"line":25,"column":77},"end":{"line":25,"column":97}},"14":{"start":{"line":25,"column":109},"end":{"line":25,"column":126}},"15":{"start":{"line":28,"column":4},"end":{"line":28,"column":null}},"16":{"start":{"line":29,"column":4},"end":{"line":29,"column":null}},"17":{"start":{"line":30,"column":4},"end":{"line":30,"column":null}},"18":{"start":{"line":31,"column":4},"end":{"line":31,"column":null}},"19":{"start":{"line":32,"column":4},"end":{"line":32,"column":null}},"20":{"start":{"line":33,"column":4},"end":{"line":33,"column":null}},"21":{"start":{"line":34,"column":4},"end":{"line":34,"column":null}},"22":{"start":{"line":35,"column":4},"end":{"line":35,"column":null}},"23":{"start":{"line":36,"column":4},"end":{"line":36,"column":null}},"24":{"start":{"line":40,"column":74},"end":{"line":49,"column":null}},"25":{"start":{"line":43,"column":12},"end":{"line":43,"column":null}},"26":{"start":{"line":44,"column":12},"end":{"line":44,"column":null}},"27":{"start":{"line":47,"column":12},"end":{"line":47,"column":null}},"28":{"start":{"line":48,"column":12},"end":{"line":48,"column":null}},"29":{"start":{"line":51,"column":72},"end":{"line":55,"column":14}},"30":{"start":{"line":53,"column":12},"end":{"line":53,"column":null}},"31":{"start":{"line":54,"column":12},"end":{"line":54,"column":null}},"32":{"start":{"line":56,"column":61},"end":{"line":108,"column":null}},"33":{"start":{"line":92,"column":20},"end":{"line":94,"column":null}},"34":{"start":{"line":93,"column":24},"end":{"line":93,"column":null}},"35":{"start":{"line":95,"column":20},"end":{"line":95,"column":null}},"36":{"start":{"line":100,"column":24},"end":{"line":102,"column":null}},"37":{"start":{"line":101,"column":28},"end":{"line":101,"column":null}},"38":{"start":{"line":103,"column":24},"end":{"line":103,"column":null}},"39":{"start":{"line":111,"column":8},"end":{"line":177,"column":23}},"40":{"start":{"line":113,"column":33},"end":{"line":113,"column":99}},"41":{"start":{"line":113,"column":75},"end":{"line":113,"column":80}},"42":{"start":{"line":114,"column":39},"end":{"line":114,"column":111}},"43":{"start":{"line":114,"column":78},"end":{"line":114,"column":91}},"44":{"start":{"line":115,"column":48},"end":{"line":115,"column":93}},"45":{"start":{"line":116,"column":16},"end":{"line":140,"column":null}},"46":{"start":{"line":117,"column":20},"end":{"line":117,"column":null}},"47":{"start":{"line":118,"column":97},"end":{"line":118,"column":186}},"48":{"start":{"line":119,"column":99},"end":{"line":119,"column":244}},"49":{"start":{"line":121,"column":20},"end":{"line":139,"column":null}},"50":{"start":{"line":141,"column":16},"end":{"line":162,"column":null}},"51":{"start":{"line":142,"column":20},"end":{"line":150,"column":null}},"52":{"start":{"line":143,"column":24},"end":{"line":149,"column":null}},"53":{"start":{"line":151,"column":20},"end":{"line":161,"column":null}},"54":{"start":{"line":152,"column":24},"end":{"line":160,"column":null}},"55":{"start":{"line":163,"column":16},"end":{"line":163,"column":null}},"56":{"start":{"line":166,"column":20},"end":{"line":175,"column":null}},"57":{"start":{"line":166,"column":66},"end":{"line":166,"column":71}},"58":{"start":{"line":167,"column":24},"end":{"line":167,"column":null}},"59":{"start":{"line":168,"column":24},"end":{"line":174,"column":null}},"60":{"start":{"line":176,"column":20},"end":{"line":176,"column":null}},"61":{"start":{"line":179,"column":44},"end":{"line":184,"column":null}},"62":{"start":{"line":186,"column":4},"end":{"line":186,"column":null}},"63":{"start":{"line":187,"column":19},"end":{"line":187,"column":78}},"64":{"start":{"line":188,"column":4},"end":{"line":188,"column":null}},"65":{"start":{"line":190,"column":4},"end":{"line":195,"column":null}},"66":{"start":{"line":191,"column":45},"end":{"line":191,"column":73}},"67":{"start":{"line":193,"column":16},"end":{"line":193,"column":null}},"68":{"start":{"line":194,"column":16},"end":{"line":194,"column":null}}},"fnMap":{"0":{"name":"(anonymous_0)","decl":{"start":{"line":11,"column":34},"end":{"line":11,"column":39}},"loc":{"start":{"line":11,"column":161},"end":{"line":196,"column":1}}},"1":{"name":"(anonymous_1)","decl":{"start":{"line":24,"column":136},"end":{"line":24,"column":138}},"loc":{"start":{"line":24,"column":142},"end":{"line":24,"column":159}}},"2":{"name":"(anonymous_2)","decl":{"start":{"line":24,"column":165},"end":{"line":24,"column":167}},"loc":{"start":{"line":24,"column":171},"end":{"line":24,"column":188}}},"3":{"name":"(anonymous_3)","decl":{"start":{"line":25,"column":70},"end":{"line":25,"column":73}},"loc":{"start":{"line":25,"column":77},"end":{"line":25,"column":97}}},"4":{"name":"(anonymous_4)","decl":{"start":{"line":25,"column":103},"end":{"line":25,"column":105}},"loc":{"start":{"line":25,"column":109},"end":{"line":25,"column":126}}},"5":{"name":"(anonymous_5)","decl":{"start":{"line":42,"column":76},"end":{"line":42,"column":77}},"loc":{"start":{"line":42,"column":91},"end":{"line":45,"column":9}}},"6":{"name":"(anonymous_6)","decl":{"start":{"line":46,"column":81},"end":{"line":46,"column":82}},"loc":{"start":{"line":46,"column":96},"end":{"line":49,"column":9}}},"7":{"name":"(anonymous_7)","decl":{"start":{"line":52,"column":50},"end":{"line":52,"column":51}},"loc":{"start":{"line":52,"column":65},"end":{"line":55,"column":9}}},"8":{"name":"(anonymous_8)","decl":{"start":{"line":91,"column":109},"end":{"line":91,"column":110}},"loc":{"start":{"line":91,"column":124},"end":{"line":96,"column":17}}},"9":{"name":"(anonymous_9)","decl":{"start":{"line":99,"column":88},"end":{"line":99,"column":89}},"loc":{"start":{"line":99,"column":103},"end":{"line":104,"column":21}}},"10":{"name":"(anonymous_10)","decl":{"start":{"line":112,"column":67},"end":{"line":112,"column":68}},"loc":{"start":{"line":112,"column":82},"end":{"line":164,"column":13}}},"11":{"name":"(anonymous_11)","decl":{"start":{"line":113,"column":70},"end":{"line":113,"column":71}},"loc":{"start":{"line":113,"column":75},"end":{"line":113,"column":80}}},"12":{"name":"(anonymous_12)","decl":{"start":{"line":114,"column":73},"end":{"line":114,"column":74}},"loc":{"start":{"line":114,"column":78},"end":{"line":114,"column":91}}},"13":{"name":"(anonymous_13)","decl":{"start":{"line":165,"column":71},"end":{"line":165,"column":72}},"loc":{"start":{"line":165,"column":86},"end":{"line":177,"column":17}}},"14":{"name":"(anonymous_14)","decl":{"start":{"line":166,"column":61},"end":{"line":166,"column":62}},"loc":{"start":{"line":166,"column":66},"end":{"line":166,"column":71}}},"15":{"name":"(anonymous_15)","decl":{"start":{"line":191,"column":40},"end":{"line":191,"column":41}},"loc":{"start":{"line":191,"column":45},"end":{"line":191,"column":73}}},"16":{"name":"(anonymous_16)","decl":{"start":{"line":192,"column":41},"end":{"line":192,"column":42}},"loc":{"start":{"line":192,"column":57},"end":{"line":195,"column":13}}}},"branchMap":{"0":{"loc":{"start":{"line":20,"column":4},"end":{"line":23,"column":null}},"type":"if","locations":[{"start":{"line":20,"column":4},"end":{"line":23,"column":null}},{"start":{"line":20,"column":4},"end":{"line":23,"column":null}}]},"1":{"loc":{"start":{"line":20,"column":8},"end":{"line":20,"column":46}},"type":"binary-expr","locations":[{"start":{"line":20,"column":8},"end":{"line":20,"column":46}},{"start":{"line":20,"column":50},"end":{"line":20,"column":77}}]},"2":{"loc":{"start":{"line":28,"column":4},"end":{"line":28,"column":21}},"type":"binary-expr","locations":[{"start":{"line":28,"column":4},"end":{"line":28,"column":21}},{"start":{"line":28,"column":25},"end":{"line":28,"column":88}}]},"3":{"loc":{"start":{"line":29,"column":4},"end":{"line":29,"column":21}},"type":"binary-expr","locations":[{"start":{"line":29,"column":4},"end":{"line":29,"column":21}},{"start":{"line":29,"column":25},"end":{"line":29,"column":68}}]},"4":{"loc":{"start":{"line":30,"column":4},"end":{"line":30,"column":21}},"type":"binary-expr","locations":[{"start":{"line":30,"column":4},"end":{"line":30,"column":21}},{"start":{"line":30,"column":25},"end":{"line":30,"column":65}}]},"5":{"loc":{"start":{"line":31,"column":4},"end":{"line":31,"column":21}},"type":"binary-expr","locations":[{"start":{"line":31,"column":4},"end":{"line":31,"column":21}},{"start":{"line":31,"column":25},"end":{"line":31,"column":77}}]},"6":{"loc":{"start":{"line":32,"column":4},"end":{"line":32,"column":21}},"type":"binary-expr","locations":[{"start":{"line":32,"column":4},"end":{"line":32,"column":21}},{"start":{"line":32,"column":25},"end":{"line":32,"column":67}}]},"7":{"loc":{"start":{"line":33,"column":4},"end":{"line":33,"column":21}},"type":"binary-expr","locations":[{"start":{"line":33,"column":4},"end":{"line":33,"column":21}},{"start":{"line":33,"column":25},"end":{"line":33,"column":75}}]},"8":{"loc":{"start":{"line":34,"column":4},"end":{"line":34,"column":21}},"type":"binary-expr","locations":[{"start":{"line":34,"column":4},"end":{"line":34,"column":21}},{"start":{"line":34,"column":25},"end":{"line":34,"column":63}}]},"9":{"loc":{"start":{"line":35,"column":4},"end":{"line":35,"column":21}},"type":"binary-expr","locations":[{"start":{"line":35,"column":4},"end":{"line":35,"column":21}},{"start":{"line":35,"column":25},"end":{"line":35,"column":77}}]},"10":{"loc":{"start":{"line":36,"column":4},"end":{"line":36,"column":21}},"type":"binary-expr","locations":[{"start":{"line":36,"column":4},"end":{"line":36,"column":21}},{"start":{"line":36,"column":25},"end":{"line":36,"column":88}}]},"11":{"loc":{"start":{"line":43,"column":67},"end":{"line":43,"column":84}},"type":"cond-expr","locations":[{"start":{"line":43,"column":67},"end":{"line":43,"column":84}},{"start":{"line":43,"column":87},"end":{"line":43,"column":101}}]},"12":{"loc":{"start":{"line":92,"column":20},"end":{"line":94,"column":null}},"type":"if","locations":[{"start":{"line":92,"column":20},"end":{"line":94,"column":null}},{"start":{"line":92,"column":20},"end":{"line":94,"column":null}}]},"13":{"loc":{"start":{"line":100,"column":24},"end":{"line":102,"column":null}},"type":"if","locations":[{"start":{"line":100,"column":24},"end":{"line":102,"column":null}},{"start":{"line":100,"column":24},"end":{"line":102,"column":null}}]},"14":{"loc":{"start":{"line":113,"column":33},"end":{"line":113,"column":47}},"type":"binary-expr","locations":[{"start":{"line":113,"column":33},"end":{"line":113,"column":47}},{"start":{"line":113,"column":51},"end":{"line":113,"column":99}}]},"15":{"loc":{"start":{"line":114,"column":39},"end":{"line":114,"column":47}},"type":"binary-expr","locations":[{"start":{"line":114,"column":39},"end":{"line":114,"colum
[...]
:25,"column":38},"end":{"line":25,"column":41}},"loc":{"start":{"line":25,"column":44},"end":{"line":25,"column":90}}},"3":{"name":"(anonymous_3)","decl":{"start":{"line":26,"column":23},"end":{"line":26,"column":26}},"loc":{"start":{"line":26,"column":29},"end":{"line":26,"column":60}}},"4":{"name":"(anonymous_4)","decl":{"start":{"line":27,"column":28},"end":{"line":27,"column":31}},"loc":{"start":{"line":27,"column":34},"end":{"line":27,"column":70}}},"5":{"name":"(anonymous_5)","decl":{"start":{"line":28,"column":28},"end":{"line":28,"column":31}},"loc":{"start":{"line":28,"column":34},"end":{"line":28,"column":70}}},"6":{"name":"(anonymous_6)","decl":{"start":{"line":31,"column":33},"end":{"line":31,"column":34}},"loc":{"start":{"line":31,"column":78},"end":{"line":35,"column":1}}},"7":{"name":"(anonymous_7)","decl":{"start":{"line":36,"column":18},"end":{"line":36,"column":19}},"loc":{"start":{"line":36,"column":63},"end":{"line":39,"column":1}}},"8":{"name":"(anonymous_8)","decl":{"start":{"line":40,"column":23},"end":{"line":40,"column":24}},"loc":{"start":{"line":40,"column":68},"end":{"line":43,"column":1}}},"9":{"name":"(anonymous_9)","decl":{"start":{"line":44,"column":23},"end":{"line":44,"column":24}},"loc":{"start":{"line":44,"column":68},"end":{"line":47,"column":1}}},"10":{"name":"(anonymous_10)","decl":{"start":{"line":49,"column":29},"end":{"line":49,"column":30}},"loc":{"start":{"line":49,"column":72},"end":{"line":49,"column":119}}},"11":{"name":"(anonymous_11)","decl":{"start":{"line":50,"column":29},"end":{"line":50,"column":30}},"loc":{"start":{"line":50,"column":72},"end":{"line":50,"column":119}}},"12":{"name":"(anonymous_12)","decl":{"start":{"line":52,"column":27},"end":{"line":52,"column":32}},"loc":{"start":{"line":52,"column":38},"end":{"line":77,"column":1}}},"13":{"name":"(anonymous_13)","decl":{"start":{"line":61,"column":64},"end":{"line":61,"column":65}},"loc":{"start":{"line":61,"column":80},"end":{"line":68,"column":25}}},"14":{"name":"(anonymous_14)","decl":{"start":{"line":79,"column":37},"end":{"line":79,"column":38}},"loc":{"start":{"line":79,"column":74},"end":{"line":85,"column":6}}},"15":{"name":"(anonymous_15)","decl":{"start":{"line":86,"column":37},"end":{"line":86,"column":38}},"loc":{"start":{"line":86,"column":74},"end":{"line":92,"column":6}}},"16":{"name":"(anonymous_16)","decl":{"start":{"line":94,"column":37},"end":{"line":94,"column":38}},"loc":{"start":{"line":94,"column":73},"end":{"line":94,"column":77}}},"17":{"name":"(anonymous_17)","decl":{"start":{"line":95,"column":37},"end":{"line":95,"column":38}},"loc":{"start":{"line":95,"column":73},"end":{"line":95,"column":77}}},"18":{"name":"(anonymous_18)","decl":{"start":{"line":97,"column":44},"end":{"line":97,"column":49}},"loc":{"start":{"line":103,"column":9},"end":{"line":128,"column":1}}},"19":{"name":"(anonymous_19)","decl":{"start":{"line":115,"column":44},"end":{"line":115,"column":45}},"loc":{"start":{"line":115,"column":49},"end":{"line":115,"column":99}}},"20":{"name":"(anonymous_20)","decl":{"start":{"line":116,"column":50},"end":{"line":116,"column":51}},"loc":{"start":{"line":116,"column":55},"end":{"line":116,"column":104}}}},"branchMap":{"0":{"loc":{"start":{"line":76,"column":13},"end":{"line":76,"column":23}},"type":"binary-expr","locations":[{"start":{"line":76,"column":13},"end":{"line":76,"column":23}},{"start":{"line":76,"column":27},"end":{"line":76,"column":54}}]},"1":{"loc":{"start":{"line":56,"column":22},"end":{"line":56,"column":38}},"type":"binary-expr","locations":[{"start":{"line":56,"column":22},"end":{"line":56,"column":38}},{"start":{"line":56,"column":42},"end":{"line":56,"column":70}}]},"2":{"loc":{"start":{"line":57,"column":8},"end":{"line":72,"column":null}},"type":"if","locations":[{"start":{"line":57,"column":8},"end":{"line":72,"column":null}},{"start":{"line":57,"column":8},"end":{"line":72,"column":null}}]},"3":{"loc":{"start":{"line":107,"column":66},"end":{"line":107,"column":70}},"type":"cond-expr","locations":[{"start":{"line":107,"column":66},"end":{"line":107,"column":70}},{"start":{"line":107,"column":73},"end":{"line":107,"column":75}}]},"4":{"loc":{"start":{"line":120,"column":4},"end":{"line":126,"column":null}},"type":"if","locations":[{"start":{"line":120,"column":4},"end":{"line":126,"column":null}},{"start":{"line":120,"column":4},"end":{"line":126,"column":null}}]}},"s":{"0":1,"1":1,"2":1,"3":1,"4":0,"5":0,"6":0,"7":0,"8":0,"9":0,"10":0,"11":0,"12":0,"13":0,"14":0,"15":1,"16":1,"17":0,"18":0,"19":0,"20":1,"21":0,"22":0,"23":1,"24":0,"25":0,"26":1,"27":0,"28":0,"29":1,"30":0,"31":1,"32":0,"33":1,"34":1,"35":1,"36":1,"37":1,"38":1,"39":9,"40":211,"41":211,"42":1,"43":1,"44":0,"45":1,"46":0,"47":1,"48":1,"49":1,"50":0,"51":0,"52":0,"53":0,"54":0,"55":0,"56":0,"57":0,"58":0,"59":0,"60":0,"61":0,"62":0},"f":{"0":0,"1":0,"2":0,"3":0,"4":0,"5":0,"6":0,"7":0,"8":0,"9":0,"10":0,"11":0,"12":1,"13":211,"14":0,"15":0,"16":0,"17":0,"18":0,"19":0,"20":0},"b":{"0":[1,0],"1":[1,1],"2":[1,0],"3":[0,0],"4":[0,0]}}
,"C:\\Users\\TechHuddle\\Documents\\aarts-core\\packages\\aarts-dynamodb\\__specs__\\specs\\seed.test.data.ts": {"path":"C:\\Users\\TechHuddle\\Documents\\aarts-core\\packages\\aarts-dynamodb\\__specs__\\specs\\seed.test.data.ts","statementMap":{"0":{"start":{"line":1,"column":0},"end":{"line":1,"column":64}},"1":{"start":{"line":2,"column":0},"end":{"line":2,"column":222}},"2":{"start":{"line":6,"column":13},"end":{"line":151,"column":null}},"3":{"start":{"line":8,"column":23},"end":{"line":8,"column":93}},"4":{"start":{"line":9,"column":23},"end":{"line":9,"column":91}},"5":{"start":{"line":10,"column":23},"end":{"line":10,"column":91}},"6":{"start":{"line":11,"column":23},"end":{"line":11,"column":90}},"7":{"start":{"line":12,"column":23},"end":{"line":12,"column":98}},"8":{"start":{"line":13,"column":23},"end":{"line":13,"column":99}},"9":{"start":{"line":14,"column":23},"end":{"line":14,"column":94}},"10":{"start":{"line":16,"column":26},"end":{"line":16,"column":150}},"11":{"start":{"line":17,"column":26},"end":{"line":17,"column":152}},"12":{"start":{"line":18,"column":26},"end":{"line":18,"column":153}},"13":{"start":{"line":19,"column":26},"end":{"line":19,"column":152}},"14":{"start":{"line":20,"column":26},"end":{"line":20,"column":151}},"15":{"start":{"line":21,"column":26},"end":{"line":21,"column":151}},"16":{"start":{"line":22,"column":26},"end":{"line":22,"column":151}},"17":{"start":{"line":23,"column":26},"end":{"line":23,"column":151}},"18":{"start":{"line":24,"column":26},"end":{"line":24,"column":159}},"19":{"start":{"line":25,"column":26},"end":{"line":25,"column":153}},"20":{"start":{"line":28,"column":19},"end":{"line":28,"column":170}},"21":{"start":{"line":29,"column":18},"end":{"line":29,"column":168}},"22":{"start":{"line":31,"column":22},"end":{"line":31,"column":187}},"23":{"start":{"line":32,"column":23},"end":{"line":32,"column":182}},"24":{"start":{"line":33,"column":24},"end":{"line":33,"column":184}},"25":{"start":{"line":35,"column":30},"end":{"line":35,"column":249}},"26":{"start":{"line":36,"column":31},"end":{"line":36,"column":251}},"27":{"start":{"line":37,"column":31},"end":{"line":37,"column":251}},"28":{"start":{"line":38,"column":30},"end":{"line":38,"column":249}},"29":{"start":{"line":39,"column":30},"end":{"line":39,"column":249}},"30":{"start":{"line":42,"column":25},"end":{"line":42,"column":257}},"31":{"start":{"line":43,"column":25},"end":{"line":43,"column":255}},"32":{"start":{"line":44,"column":26},"end":{"line":44,"column":256}},"33":{"start":{"line":46,"column":25},"end":{"line":46,"column":257}},"34":{"start":{"line":47,"column":25},"end":{"line":47,"column":255}},"35":{"start":{"line":48,"column":26},"end":{"line":48,"column":255}},"36":{"start":{"line":49,"column":25},"end":{"line":49,"column":254}},"37":{"start":{"line":51,"column":25},"end":{"line":51,"column":257}},"38":{"start":{"line":52,"column":25},"end":{"line":52,"column":255}},"39":{"start":{"line":53,"column":25},"end":{"line":53,"column":254}},"40":{"start":{"line":55,"column":25},"end":{"line":55,"column":254}},"41":{"start":{"line":56,"column":25},"end":{"line":56,"column":257}},"42":{"start":{"line":57,"column":25},"end":{"line":57,"column":255}},"43":{"start":{"line":59,"column":25},"end":{"line":59,"column":257}},"44":{"start":{"line":60,"column":25},"end":{"line":60,"column":255}},"45":{"start":{"line":62,"column":25},"end":{"line":62,"column":255}},"46":{"start":{"line":63,"column":25},"end":{"line":63,"column":255}},"47":{"start":{"line":64,"column":26},"end":{"line":64,"column":258}},"48":{"start":{"line":66,"column":25},"end":{"line":66,"column":255}},"49":{"start":{"line":67,"column":25},"end":{"line":67,"column":257}},"50":{"start":{"line":71,"column":4},"end":{"line":73,"column":null}},"51":{"start":{"line":71,"column":17},"end":{"line":71,"column":18}},"52":{"start":{"line":72,"column":6},"end":{"line":72,"column":null}},"53":{"start":{"line":75,"column":4},"end":{"line":77,"column":null}},"54":{"start":{"line":75,"column":17},"end":{"line":75,"column":18}},"55":{"start":{"line":76,"column":6},"end":{"line":76,"column":null}},"56":{"start":{"line":79,"column":4},"end":{"line":81,"column":null}},"57":{"start":{"line":79,"column":17},"end":{"line":79,"column":18}},"58":{"start":{"line":80,"column":6},"end":{"line":80,"column":null}},"59":{"start":{"line":83,"column":4},"end":{"line":85,"column":null}},"60":{"start":{"line":83,"column":17},"end":{"line":83,"column":18}},"61":{"start":{"line":84,"column":6},"end":{"line":84,"column":null}},"62":{"start":{"line":87,"column":4},"end":{"line":89,"column":null}},"63":{"start":{"line":87,"column":17},"end":{"line":87,"column":18}},"64":{"start":{"line":88,"column":6},"end":{"line":88,"column":null}},"65":{"start":{"line":91,"column":4},"end":{"line":93,"column":null}},"66":{"start":{"line":91,"column":17},"end":{"line":91,"column":18}},"67":{"start":{"line":92,"column":6},"end":{"line":92,"column":null}},"68":{"start":{"line":95,"column":4},"end":{"line":97,"column":null}},"69":{"start":{"line":95,"column":17},"end":{"line":95,"column":18}},"70":{"start":{"line":96,"column":6},"end":{"line":96,"column":null}},"71":{"start":{"line":99,"column":4},"end":{"line":101,"column":null}},"72":{"start":{"line":99,"column":17},"end":{"line":99,"column":18}},"73":{"start":{"line":100,"column":6},"end":{"line":100,"column":null}},"74":{"start":{"line":103,"column":4},"end":{"line":105,"column":null}},"75":{"start":{"line":103,"column":17},"end":{"line":103,"column":18}},"76":{"start":{"line":104,"column":6},"end":{"line":104,"column":null}},"77":{"start":{"line":107,"column":4},"end":{"line":109,"column":null}},"78":{"start":{"line":107,"column":17},"end":{"line":107,"column":18}},"79":{"start":{"line":108,"column":6},"end":{"line":108,"column":null}},"80":{"start":{"line":111,"column":4},"end":{"line":113,"column":null}},"81":{"start":{"line":111,"column":17},"end":{"line":111,"column":18}},"82":{"start":{"line":112,"column":6},"end":{"line":112,"column":null}},"83":{"start":{"line":115,"column":4},"end":{"line":117,"column":null}},"84":{"start":{"line":115,"column":17},"end":{"line":115,"column":18}},"85":{"start":{"line":116,"column":6},"end":{"line":116,"column":null}},"86":{"start":{"line":119,"column":4},"end":{"line":121,"column":null}},"87":{"start":{"line":119,"column":17},"end":{"line":119,"column":18}},"88":{"start":{"line":120,"column":6},"end":{"line":120,"column":null}},"89":{"start":{"line":123,"column":4},"end":{"line":125,"column":null}},"90":{"start":{"line":123,"column":17},"end":{"line":123,"column":18}},"91":{"start":{"line":124,"column":6},"end":{"line":124,"column":null}},"92":{"start":{"line":127,"column":4},"end":{"line":129,"column":null}},"93":{"start":{"line":127,"column":17},"end":{"line":127,"column":18}},"94":{"start":{"line":128,"column":6},"end":{"line":128,"column":null}},"95":{"start":{"line":131,"column":4},"end":{"line":133,"column":null}},"96":{"start":{"line":131,"column":17},"end":{"line":131,"column":18}},"97":{"start":{"line":132,"column":6},"end":{"line":132,"column":null}},"98":{"start":{"line":135,"column":4},"end":{"line":137,"column":null}},"99":{"start":{"line":135,"column":17},"end":{"line":135,"column":18}},"100":{"start":{"line":136,"column":6},"end":{"line":136,"column":null}},"101":{"start":{"line":139,"column":4},"end":{"line":141,"column":null}},"102":{"start":{"line":139,"column":17},"end":{"line":139,"column":18}},"103":{"start":{"line":140,"column":6},"end":{"line":140,"column":null}},"104":{"start":{"line":144,"column":4},"end":{"line":146,"column":null}},"105":{"start":{"line":144,"column":17},"end":{"line":144,"column":18}},"106":{"start":{"line":145,"column":6},"end":{"line":145,"column":null}},"107":{"start":{"line":148,"column":4},"end":{"line":150,"column":null}},"108":{"start":{"line":148,"column":17},"end":{"line":148,"column":18}},"109":{"start":{"line":149,"column":6},"end":{"line":149,"column":null}}},"fnMap":{"0":{"name":"(anonymous_0)","decl":{"start":{"line":6,"column":32},"end":{"line":6,"column":37}},"loc":{"start":{"line":6,"column":43},"end":{"line":151,"column":3}}}},"branchMap":{},"s":{"0":1,"1":1,"2":1,"3":1,"4":1,"5":1,"6":1,"7":1,"8":1,"9":1,"10":1,"11":1,"12":1,"13":1,"14":1,"15":1,"16":1,"17":1,"18":1,"19":1,"20":1,"21":1,"22":1,"23":1,"24":1,"25":1,"26":1,"27":1,"28":1,"29":1,"30":1,"31":1,"32":1,"33":1,"34":1,"35":1,"36":1,"37":1,"38":1,"39":1,"40":1,"41":1,"42":1,"43":1,"44":1,"45":1,"46":1,"47":1,"48":1,"49":1,"50":1,"51":1,"52":2,"53":1,"54":1,"55":30,"56":1,"57":1,"58":40,"59":1,"60":1,"61":50,"62":1,"63":1,"64":10,"65":1,"66":1,"67":15,"68":1,"69":1,"70":20,"71":1,"72":1,"73":40,"74":1,"75":1,"76":30,"77":1,"78":1,"79":20,"80":1,"81":1,"82":1,"83":1,"84":1,"85":5,"86":1,"87":1,"88":9,"89":1,"90":1,"91":4,"92":1,"93":1,"94":7,"95":1,"96":1,"97":11,"98":1,"99":1,"100":66,"101":1,"102":1,"103":2,"104":1,"105":1,"106":10,"107":1,"108":1,"109":20},"f":{"0":1},"b":{}}
,"C:\\Users\\TechHuddle\\Documents\\aarts-core\\packages\\aarts-dynamodb\\__specs__\\testmodel\\Airplane.ts": {"path":"C:\\Users\\TechHuddle\\Documents\\aarts-core\\packages\\aarts-dynamodb\\__specs__\\testmodel\\Airplane.ts","statementMap":{"0":{"start":{"line":1,"column":0},"end":{"line":1,"column":55}},"1":{"start":{"line":4,"column":11},"end":{"line":4,"column":null}},"2":{"start":{"line":3,"column":0},"end":{"line":3,"column":13}},"3":{"start":{"line":8,"column":11},"end":{"line":8,"column":null}},"4":{"start":{"line":7,"column":0},"end":{"line":7,"column":13}},"5":{"start":{"line":11,"column":0},"end":{"line":11,"column":13}}},"fnMap":{"0":{"name":"(anonymous_0)","decl":{"start":{"line":3,"column":0},"end":{"line":3,"column":13}},"loc":{"start":{"line":3,"column":0},"end":{"line":5,"column":1}}},"1":{"name":"(anonymous_1)","decl":{"start":{"line":7,"column":0},"end":{"line":7,"column":13}},"loc":{"start":{"line":7,"column":0},"end":{"line":9,"column":1}}},"2":{"name":"(anonymous_2)","decl":{"start":{"line":13,"column":4},"end":{"line":13,"column":17}},"loc":{"start":{"line":13,"column":31},"end":{"line":13,"column":35}}}},"branchMap":{},"s":{"0":1,"1":3,"2":1,"3":2,"4":1,"5":1},"f":{"0":3,"1":2,"2":5},"b":{}}
,"C:\\Users\\TechHuddle\\Documents\\aarts-core\\packages\\aarts-dynamodb\\__specs__\\testmodel\\Airport.ts": {"path":"C:\\Users\\TechHuddle\\Documents\\aarts-core\\packages\\aarts-dynamodb\\__specs__\\testmodel\\Airport.ts","statementMap":{"0":{"start":{"line":5,"column":11},"end":{"line":5,"column":null}},"1":{"start":{"line":1,"column":0},"end":{"line":1,"column":13}}},"fnMap":{"0":{"name":"(anonymous_0)","decl":{"start":{"line":3,"column":4},"end":{"line":3,"column":17}},"loc":{"start":{"line":3,"column":31},"end":{"line":3,"column":35}}}},"branchMap":{},"s":{"0":10,"1":1},"f":{"0":10},"b":{}}
,"C:\\Users\\TechHuddle\\Documents\\aarts-core\\packages\\aarts-dynamodb\\__specs__\\testmodel\\Country.ts": {"path":"C:\\Users\\TechHuddle\\Documents\\aarts-core\\packages\\aarts-dynamodb\\__specs__\\testmodel\\Country.ts","statementMap":{"0":{"start":{"line":6,"column":11},"end":{"line":6,"column":null}},"1":{"start":{"line":7,"column":11},"end":{"line":7,"column":null}},"2":{"start":{"line":8,"column":11},"end":{"line":8,"column":null}},"3":{"start":{"line":2,"column":0},"end":{"line":2,"column":13}}},"fnMap":{"0":{"name":"(anonymous_0)","decl":{"start":{"line":3,"column":4},"end":{"line":3,"column":17}},"loc":{"start":{"line":3,"column":31},"end":{"line":3,"column":35}}}},"branchMap":{},"s":{"0":7,"1":7,"2":7,"3":1},"f":{"0":7},"b":{}}
,"C:\\Users\\TechHuddle\\Documents\\aarts-core\\packages\\aarts-dynamodb\\__specs__\\testmodel\\Flight.ts": {"path":"C:\\Users\\TechHuddle\\Documents\\aarts-core\\packages\\aarts-dynamodb\\__specs__\\testmodel\\Flight.ts","statementMap":{"0":{"start":{"line":2,"column":0},"end":{"line":2,"column":13}}},"fnMap":{"0":{"name":"(anonymous_0)","decl":{"start":{"line":3,"column":4},"end":{"line":3,"column":17}},"loc":{"start":{"line":3,"column":31},"end":{"line":3,"column":35}}}},"branchMap":{},"s":{"0":1},"f":{"0":20},"b":{}}
,"C:\\Users\\TechHuddle\\Documents\\aarts-core\\packages\\aarts-dynamodb\\__specs__\\testmodel\\Nomenclature.ts": {"path":"C:\\Users\\TechHuddle\\Documents\\aarts-core\\packages\\aarts-dynamodb\\__specs__\\testmodel\\Nomenclature.ts","statementMap":{"0":{"start":{"line":4,"column":11},"end":{"line":4,"column":null}},"1":{"start":{"line":1,"column":0},"end":{"line":1,"column":13}}},"fnMap":{"0":{"name":"(anonymous_0)","decl":{"start":{"line":2,"column":4},"end":{"line":2,"column":17}},"loc":{"start":{"line":2,"column":31},"end":{"line":2,"column":35}}}},"branchMap":{},"s":{"0":5,"1":1},"f":{"0":5},"b":{}}
,"C:\\Users\\TechHuddle\\Documents\\aarts-core\\packages\\aarts-dynamodb\\__specs__\\testmodel\\Tourist.ts": {"path":"C:\\Users\\TechHuddle\\Documents\\aarts-core\\packages\\aarts-dynamodb\\__specs__\\testmodel\\Tourist.ts","statementMap":{"0":{"start":{"line":5,"column":11},"end":{"line":5,"column":null}},"1":{"start":{"line":6,"column":11},"end":{"line":6,"column":null}},"2":{"start":{"line":7,"column":11},"end":{"line":7,"column":null}},"3":{"start":{"line":8,"column":11},"end":{"line":8,"column":null}},"4":{"start":{"line":9,"column":11},"end":{"line":9,"column":null}},"5":{"start":{"line":10,"column":11},"end":{"line":10,"column":null}},"6":{"start":{"line":1,"column":0},"end":{"line":1,"column":13}}},"fnMap":{"0":{"name":"(anonymous_0)","decl":{"start":{"line":3,"column":4},"end":{"line":3,"column":17}},"loc":{"start":{"line":3,"column":31},"end":{"line":3,"column":35}}}},"branchMap":{},"s":{"0":392,"1":392,"2":392,"3":392,"4":392,"5":392,"6":1},"f":{"0":392},"b":{}}
,"C:\\Users\\TechHuddle\\Documents\\aarts-core\\packages\\aarts-dynamodb\\__specs__\\testmodel\\_DynamoItems.ts": {"path":"C:\\Users\\TechHuddle\\Documents\\aarts-core\\packages\\aarts-dynamodb\\__specs__\\testmodel\\_DynamoItems.ts","statementMap":{"0":{"start":{"line":1,"column":0},"end":{"line":1,"column":59}},"1":{"start":{"line":2,"column":0},"end":{"line":2,"column":46}},"2":{"start":{"line":3,"column":0},"end":{"line":3,"column":44}},"3":{"start":{"line":4,"column":0},"end":{"line":4,"column":105}},"4":{"start":{"line":5,"column":0},"end":{"line":5,"column":46}},"5":{"start":{"line":6,"column":0},"end":{"line":6,"column":46}},"6":{"start":{"line":8,"column":0},"end":{"line":8,"column":13}},"7":{"start":{"line":16,"column":0},"end":{"line":16,"column":13}},"8":{"start":{"line":24,"column":0},"end":{"line":24,"column":13}},"9":{"start":{"line":32,"column":0},"end":{"line":32,"column":13}},"10":{"start":{"line":36,"column":0},"end":{"line":36,"column":13}},"11":{"start":{"line":38,"column":0},"end":{"line":38,"column":13}},"12":{"start":{"line":42,"column":0},"end":{"line":42,"column":13}}},"fnMap":{},"branchMap":{},"s":{"0":1,"1":1,"2":1,"3":1,"4":1,"5":1,"6":1,"7":1,"8":1,"9":1,"10":1,"11":1,"12":1},"f":{},"b":{}}
}
