TN:
SF:BaseItemManager.ts
FN:91,(anonymous_0)
FN:93,(anonymous_1)
FN:94,(anonymous_2)
FN:131,(anonymous_3)
FN:137,(anonymous_4)
FN:147,(anonymous_5)
FN:155,(anonymous_6)
FN:156,(anonymous_7)
FN:192,(anonymous_8)
FN:231,(anonymous_9)
FN:239,(anonymous_10)
FN:264,(anonymous_11)
FN:282,(anonymous_12)
FN:310,(anonymous_13)
FN:318,(anonymous_14)
FN:319,(anonymous_15)
FN:333,(anonymous_16)
FN:371,(anonymous_17)
FN:379,(anonymous_18)
FN:403,(anonymous_19)
FN:453,(anonymous_20)
FN:461,(anonymous_21)
FN:486,(anonymous_22)
FN:503,(anonymous_23)
FN:528,(anonymous_24)
FNF:25
FNH:3
FNDA:6,(anonymous_0)
FNDA:6,(anonymous_1)
FNDA:3,(anonymous_2)
FNDA:0,(anonymous_3)
FNDA:0,(anonymous_4)
FNDA:0,(anonymous_5)
FNDA:0,(anonymous_6)
FNDA:0,(anonymous_7)
FNDA:0,(anonymous_8)
FNDA:0,(anonymous_9)
FNDA:0,(anonymous_10)
FNDA:0,(anonymous_11)
FNDA:0,(anonymous_12)
FNDA:0,(anonymous_13)
FNDA:0,(anonymous_14)
FNDA:0,(anonymous_15)
FNDA:0,(anonymous_16)
FNDA:0,(anonymous_17)
FNDA:0,(anonymous_18)
FNDA:0,(anonymous_19)
FNDA:0,(anonymous_20)
FNDA:0,(anonymous_21)
FNDA:0,(anonymous_22)
FNDA:0,(anonymous_23)
FNDA:0,(anonymous_24)
DA:1,1
DA:2,1
DA:3,1
DA:4,1
DA:5,1
DA:6,1
DA:8,1
DA:90,1
DA:93,6
DA:95,3
DA:98,6
DA:99,6
DA:101,3
DA:102,3
DA:109,3
DA:112,3
DA:117,3
DA:118,3
DA:119,6
DA:121,6
DA:127,1
DA:132,0
DA:138,0
DA:148,0
DA:156,0
DA:157,0
DA:158,0
DA:161,0
DA:165,0
DA:166,0
DA:168,0
DA:169,0
DA:172,0
DA:173,0
DA:176,0
DA:177,0
DA:193,0
DA:194,0
DA:196,0
DA:197,0
DA:198,0
DA:199,0
DA:200,0
DA:201,0
DA:205,0
DA:208,0
DA:209,0
DA:210,0
DA:211,0
DA:212,0
DA:213,0
DA:217,0
DA:219,0
DA:220,0
DA:232,0
DA:240,0
DA:242,0
DA:243,0
DA:246,0
DA:247,0
DA:249,0
DA:251,0
DA:252,0
DA:256,0
DA:265,0
DA:267,0
DA:268,0
DA:271,0
DA:272,0
DA:273,0
DA:275,0
DA:276,0
DA:279,0
DA:281,0
DA:282,0
DA:284,0
DA:287,0
DA:290,0
DA:297,0
DA:299,0
DA:311,0
DA:319,0
DA:320,0
DA:321,0
DA:323,0
DA:325,0
DA:334,0
DA:335,0
DA:337,0
DA:338,0
DA:339,0
DA:340,0
DA:341,0
DA:342,0
DA:346,0
DA:349,0
DA:350,0
DA:351,0
DA:352,0
DA:353,0
DA:354,0
DA:358,0
DA:360,0
DA:361,0
DA:372,0
DA:380,0
DA:382,0
DA:383,0
DA:386,0
DA:387,0
DA:389,0
DA:391,0
DA:392,0
DA:396,0
DA:405,0
DA:407,0
DA:408,0
DA:411,0
DA:413,0
DA:414,0
DA:417,0
DA:418,0
DA:419,0
DA:422,0
DA:423,0
DA:424,0
DA:425,0
DA:426,0
DA:429,0
DA:432,0
DA:434,0
DA:435,0
DA:436,0
DA:437,0
DA:438,0
DA:439,0
DA:443,0
DA:454,0
DA:462,0
DA:464,0
DA:465,0
DA:468,0
DA:469,0
DA:471,0
DA:473,0
DA:474,0
DA:478,0
DA:487,0
DA:489,0
DA:490,0
DA:493,0
DA:494,0
DA:496,0
DA:497,0
DA:500,0
DA:502,0
DA:503,0
DA:505,0
DA:508,0
DA:511,0
DA:521,0
DA:523,0
DA:530,0
DA:532,0
DA:534,0
DA:536,0
DA:560,0
DA:561,0
DA:562,0
DA:565,0
DA:566,0
LF:171
LH:21
BRDA:99,0,0,6
BRDA:99,0,1,4
BRDA:157,1,0,0
BRDA:157,1,1,0
BRDA:161,2,0,0
BRDA:161,2,1,0
BRDA:161,3,0,0
BRDA:161,3,1,0
BRDA:166,4,0,0
BRDA:166,4,1,0
BRDA:193,5,0,0
BRDA:193,5,1,0
BRDA:194,6,0,0
BRDA:194,6,1,0
BRDA:199,7,0,0
BRDA:199,7,1,0
BRDA:205,8,0,0
BRDA:205,8,1,0
BRDA:211,9,0,0
BRDA:211,9,1,0
BRDA:219,10,0,0
BRDA:219,10,1,0
BRDA:240,11,0,0
BRDA:240,11,1,0
BRDA:242,12,0,0
BRDA:242,12,1,0
BRDA:247,13,0,0
BRDA:247,13,1,0
BRDA:271,14,0,0
BRDA:271,14,1,0
BRDA:273,15,0,0
BRDA:273,15,1,0
BRDA:275,16,0,0
BRDA:275,16,1,0
BRDA:282,17,0,0
BRDA:282,17,1,0
BRDA:297,18,0,0
BRDA:297,18,1,0
BRDA:320,19,0,0
BRDA:320,19,1,0
BRDA:334,20,0,0
BRDA:334,20,1,0
BRDA:335,21,0,0
BRDA:335,21,1,0
BRDA:340,22,0,0
BRDA:340,22,1,0
BRDA:346,23,0,0
BRDA:346,23,1,0
BRDA:352,24,0,0
BRDA:352,24,1,0
BRDA:360,25,0,0
BRDA:360,25,1,0
BRDA:380,26,0,0
BRDA:380,26,1,0
BRDA:382,27,0,0
BRDA:382,27,1,0
BRDA:387,28,0,0
BRDA:387,28,1,0
BRDA:387,29,0,0
BRDA:387,29,1,0
BRDA:405,30,0,0
BRDA:405,30,1,0
BRDA:413,31,0,0
BRDA:413,31,1,0
BRDA:424,32,0,0
BRDA:424,32,1,0
BRDA:432,33,0,0
BRDA:432,33,1,0
BRDA:437,34,0,0
BRDA:437,34,1,0
BRDA:462,35,0,0
BRDA:462,35,1,0
BRDA:464,36,0,0
BRDA:464,36,1,0
BRDA:469,37,0,0
BRDA:469,37,1,0
BRDA:469,38,0,0
BRDA:469,38,1,0
BRDA:487,39,0,0
BRDA:487,39,1,0
BRDA:493,40,0,0
BRDA:493,40,1,0
BRDA:496,41,0,0
BRDA:496,41,1,0
BRDA:503,42,0,0
BRDA:503,42,1,0
BRDA:521,43,0,0
BRDA:521,43,1,0
BRDA:530,44,0,0
BRDA:530,44,1,0
BRDA:536,45,0,0
BRDA:536,45,1,0
BRDA:562,46,0,0
BRDA:562,46,1,0
BRDA:565,47,0,0
BRDA:565,47,1,0
BRF:96
BRH:2
end_of_record
TN:
SF:DynamoDbClient.ts
FN:21,removeEmpty
FN:23,(anonymous_1)
FN:25,(anonymous_2)
FN:33,(anonymous_3)
FN:34,(anonymous_4)
FN:36,(anonymous_5)
FN:38,(anonymous_6)
FN:40,(anonymous_7)
FN:53,ensureOnlyNewKeyUpdates
FN:56,(anonymous_9)
FN:58,(anonymous_10)
FN:66,(anonymous_11)
FN:71,(anonymous_12)
FN:76,(anonymous_13)
FN:77,(anonymous_14)
FN:85,(anonymous_15)
FN:86,(anonymous_16)
FN:94,(anonymous_17)
FN:99,(anonymous_18)
FN:111,(anonymous_19)
FNF:20
FNH:16
FNDA:14,removeEmpty
FNDA:69,(anonymous_1)
FNDA:66,(anonymous_2)
FNDA:4,(anonymous_3)
FNDA:0,(anonymous_4)
FNDA:5,(anonymous_5)
FNDA:4,(anonymous_6)
FNDA:3,(anonymous_7)
FNDA:1,ensureOnlyNewKeyUpdates
FNDA:4,(anonymous_9)
FNDA:2,(anonymous_10)
FNDA:0,(anonymous_11)
FNDA:14,(anonymous_12)
FNDA:0,(anonymous_13)
FNDA:0,(anonymous_14)
FNDA:2,(anonymous_15)
FNDA:4,(anonymous_16)
FNDA:4,(anonymous_17)
FNDA:1,(anonymous_18)
FNDA:4,(anonymous_19)
DA:1,1
DA:6,1
DA:14,1
DA:16,1
DA:18,1
DA:21,1
DA:22,14
DA:23,69
DA:26,66
DA:33,4
DA:34,1
DA:36,5
DA:38,4
DA:40,3
DA:53,1
DA:54,1
DA:56,4
DA:59,2
DA:66,1
DA:71,14
DA:76,1
DA:78,0
DA:82,0
DA:85,2
DA:87,4
DA:91,4
DA:94,1
DA:97,4
DA:99,4
DA:100,1
DA:101,1
DA:104,0
DA:108,4
DA:109,4
DA:111,4
LF:35
LH:32
BRDA:14,0,0,1
BRDA:14,0,1,0
BRDA:27,1,0,0
BRDA:27,1,1,66
BRDA:45,2,0,0
BRDA:45,2,1,3
BRDA:46,3,0,3
BRDA:46,3,1,0
BRDA:56,4,0,4
BRDA:56,4,1,3
BRDA:56,4,2,0
BRDA:56,4,3,3
BRDA:56,4,4,3
BRDA:60,5,0,0
BRDA:60,5,1,2
BRDA:67,6,0,0
BRDA:67,6,1,0
BRDA:71,7,0,14
BRDA:71,7,1,14
BRDA:85,8,0,2
BRDA:85,8,1,0
BRDA:111,9,0,4
BRDA:111,9,1,3
BRF:23
BRH:14
end_of_record
TN:
SF:dynamodb-batchGetItem.ts
FN:9,(anonymous_0)
FN:10,(anonymous_1)
FN:12,(anonymous_2)
FN:24,(anonymous_3)
FNF:4
FNH:0
FNDA:0,(anonymous_0)
FNDA:0,(anonymous_1)
FNDA:0,(anonymous_2)
FNDA:0,(anonymous_3)
DA:6,1
DA:9,1
DA:10,0
DA:12,0
DA:14,0
DA:24,0
DA:25,0
DA:26,0
DA:28,0
DA:31,0
LF:10
LH:2
BRDA:25,0,0,0
BRDA:25,0,1,0
BRDA:28,1,0,0
BRDA:28,1,1,0
BRF:4
BRH:0
end_of_record
TN:
SF:dynamodb-queryItems.ts
FN:11,(anonymous_0)
FN:12,(anonymous_1)
FN:20,(anonymous_2)
FN:21,(anonymous_3)
FN:54,(anonymous_4)
FN:61,(anonymous_5)
FN:93,(anonymous_6)
FNF:7
FNH:0
FNDA:0,(anonymous_0)
FNDA:0,(anonymous_1)
FNDA:0,(anonymous_2)
FNDA:0,(anonymous_3)
FNDA:0,(anonymous_4)
FNDA:0,(anonymous_5)
FNDA:0,(anonymous_6)
DA:6,1
DA:11,1
DA:12,0
DA:14,0
DA:18,0
DA:20,0
DA:21,0
DA:22,0
DA:23,0
DA:26,0
DA:29,0
DA:30,0
DA:32,0
DA:34,0
DA:35,0
DA:36,0
DA:38,0
DA:39,0
DA:40,0
DA:44,0
DA:45,0
DA:52,0
DA:53,0
DA:56,0
DA:57,0
DA:60,0
DA:62,0
DA:63,0
DA:67,0
DA:68,0
DA:69,0
DA:70,0
DA:71,0
DA:72,0
DA:73,0
DA:74,0
DA:80,0
DA:93,0
DA:94,0
DA:95,0
DA:96,0
DA:99,0
DA:101,0
LF:43
LH:2
BRDA:20,0,0,0
BRDA:20,0,1,0
BRDA:21,1,0,0
BRDA:21,1,1,0
BRDA:30,2,0,0
BRDA:30,2,1,0
BRDA:34,3,0,0
BRDA:34,3,1,0
BRDA:35,4,0,0
BRDA:35,4,1,0
BRDA:35,5,0,0
BRDA:35,5,1,0
BRDA:52,6,0,0
BRDA:52,6,1,0
BRDA:54,7,0,0
BRDA:54,7,1,0
BRDA:61,8,0,0
BRDA:61,8,1,0
BRDA:67,9,0,0
BRDA:67,9,1,0
BRDA:68,10,0,0
BRDA:68,10,1,0
BRDA:69,11,0,0
BRDA:69,11,1,0
BRDA:70,12,0,0
BRDA:70,12,1,0
BRDA:71,13,0,0
BRDA:71,13,1,0
BRDA:72,14,0,0
BRDA:72,14,1,0
BRDA:73,15,0,0
BRDA:73,15,1,0
BRDA:74,16,0,0
BRDA:74,16,1,0
BRDA:94,17,0,0
BRDA:94,17,1,0
BRDA:99,18,0,0
BRDA:99,18,1,0
BRF:38
BRH:0
end_of_record
TN:
SF:dynamodb-transactDeleteItem.ts
FN:10,(anonymous_0)
FN:11,(anonymous_1)
FN:38,(anonymous_2)
FN:38,(anonymous_3)
FN:39,(anonymous_4)
FN:39,(anonymous_5)
FN:77,(anonymous_6)
FN:85,(anonymous_7)
FN:109,(anonymous_8)
FN:110,(anonymous_9)
FN:119,(anonymous_10)
FN:119,(anonymous_11)
FN:139,(anonymous_12)
FNF:13
FNH:0
FNDA:0,(anonymous_0)
FNDA:0,(anonymous_1)
FNDA:0,(anonymous_2)
FNDA:0,(anonymous_3)
FNDA:0,(anonymous_4)
FNDA:0,(anonymous_5)
FNDA:0,(anonymous_6)
FNDA:0,(anonymous_7)
FNDA:0,(anonymous_8)
FNDA:0,(anonymous_9)
FNDA:0,(anonymous_10)
FNDA:0,(anonymous_11)
FNDA:0,(anonymous_12)
DA:7,1
DA:10,1
DA:11,0
DA:12,0
DA:14,0
DA:16,0
DA:19,0
DA:20,0
DA:29,0
DA:30,0
DA:31,0
DA:32,0
DA:33,0
DA:34,0
DA:35,0
DA:38,0
DA:39,0
DA:40,0
DA:42,0
DA:78,0
DA:79,0
DA:81,0
DA:86,0
DA:87,0
DA:89,0
DA:109,0
DA:110,0
DA:111,0
DA:119,0
DA:120,0
DA:128,0
DA:131,0
DA:139,0
DA:141,0
DA:142,0
DA:145,0
DA:148,0
DA:149,0
LF:38
LH:2
BRDA:29,0,0,0
BRDA:29,0,1,0
BRDA:30,1,0,0
BRDA:30,1,1,0
BRDA:31,2,0,0
BRDA:31,2,1,0
BRDA:32,3,0,0
BRDA:32,3,1,0
BRDA:33,4,0,0
BRDA:33,4,1,0
BRDA:34,5,0,0
BRDA:34,5,1,0
BRDA:35,6,0,0
BRDA:35,6,1,0
BRDA:39,7,0,0
BRDA:39,7,1,0
BRDA:78,8,0,0
BRDA:78,8,1,0
BRDA:78,9,0,0
BRDA:78,9,1,0
BRDA:86,10,0,0
BRDA:86,10,1,0
BRDA:86,11,0,0
BRDA:86,11,1,0
BRDA:110,12,0,0
BRDA:110,12,1,0
BRDA:110,13,0,0
BRDA:110,13,1,0
BRDA:119,14,0,0
BRDA:119,14,1,0
BRDA:119,15,0,0
BRDA:119,15,1,0
BRDA:119,15,2,0
BRDA:141,16,0,0
BRDA:141,16,1,0
BRDA:145,17,0,0
BRDA:145,17,1,0
BRF:37
BRH:0
end_of_record
TN:
SF:dynamodb-transactPutItem.ts
FN:9,(anonymous_0)
FN:37,(anonymous_1)
FN:38,(anonymous_2)
FN:47,(anonymous_3)
FN:47,(anonymous_4)
FNF:5
FNH:5
FNDA:3,(anonymous_0)
FNDA:21,(anonymous_1)
FNDA:147,(anonymous_2)
FNDA:147,(anonymous_3)
FNDA:21,(anonymous_4)
DA:6,1
DA:7,1
DA:9,1
DA:10,3
DA:12,3
DA:14,3
DA:37,3
DA:38,147
DA:39,3
DA:47,147
DA:48,3
DA:49,3
DA:60,21
DA:63,3
DA:71,3
DA:72,2
DA:73,2
LF:17
LH:17
BRDA:10,0,0,3
BRDA:10,0,1,0
BRDA:38,1,0,3
BRDA:38,1,1,18
BRDA:38,2,0,21
BRDA:38,2,1,21
BRDA:38,2,2,3
BRDA:47,3,0,3
BRDA:47,3,1,18
BRDA:47,4,0,21
BRDA:47,4,1,21
BRDA:47,4,2,3
BRDA:47,4,3,3
BRDA:72,5,0,2
BRDA:72,5,1,0
BRF:15
BRH:13
end_of_record
TN:
SF:dynamodb-transactUpdateItem.ts
FN:11,(anonymous_0)
FN:24,(anonymous_1)
FN:24,(anonymous_2)
FN:25,(anonymous_3)
FN:25,(anonymous_4)
FN:42,(anonymous_5)
FN:46,(anonymous_6)
FN:52,(anonymous_7)
FN:91,(anonymous_8)
FN:99,(anonymous_9)
FN:112,(anonymous_10)
FN:113,(anonymous_11)
FN:114,(anonymous_12)
FN:163,(anonymous_13)
FN:164,(anonymous_14)
FNF:15
FNH:15
FNDA:1,(anonymous_0)
FNDA:2,(anonymous_1)
FNDA:1,(anonymous_2)
FNDA:2,(anonymous_3)
FNDA:2,(anonymous_4)
FNDA:2,(anonymous_5)
FNDA:2,(anonymous_6)
FNDA:2,(anonymous_7)
FNDA:2,(anonymous_8)
FNDA:2,(anonymous_9)
FNDA:7,(anonymous_10)
FNDA:49,(anonymous_11)
FNDA:7,(anonymous_12)
FNDA:7,(anonymous_13)
FNDA:49,(anonymous_14)
DA:7,1
DA:8,1
DA:11,1
DA:12,1
DA:14,1
DA:17,1
DA:18,1
DA:20,1
DA:22,0
DA:24,2
DA:25,2
DA:28,1
DA:29,1
DA:30,1
DA:31,1
DA:32,1
DA:33,1
DA:34,1
DA:35,1
DA:36,1
DA:40,1
DA:43,2
DA:44,2
DA:47,2
DA:48,2
DA:51,1
DA:53,2
DA:54,2
DA:56,1
DA:92,2
DA:93,2
DA:95,2
DA:100,2
DA:101,2
DA:103,2
DA:111,1
DA:113,49
DA:114,7
DA:115,7
DA:116,7
DA:117,1
DA:118,1
DA:119,1
DA:121,1
DA:141,7
DA:142,1
DA:143,1
DA:151,1
DA:152,1
DA:161,7
DA:164,49
DA:165,0
DA:166,0
DA:174,7
DA:177,1
DA:184,1
DA:185,1
DA:186,1
DA:187,1
LF:59
LH:56
BRDA:20,0,0,0
BRDA:20,0,1,1
BRDA:20,1,0,1
BRDA:20,1,1,0
BRDA:28,2,0,1
BRDA:28,2,1,0
BRDA:29,3,0,1
BRDA:29,3,1,0
BRDA:30,4,0,1
BRDA:30,4,1,0
BRDA:31,5,0,1
BRDA:31,5,1,0
BRDA:32,6,0,1
BRDA:32,6,1,0
BRDA:33,7,0,1
BRDA:33,7,1,0
BRDA:34,8,0,1
BRDA:34,8,1,0
BRDA:35,9,0,1
BRDA:35,9,1,0
BRDA:36,10,0,1
BRDA:36,10,1,0
BRDA:43,11,0,2
BRDA:43,11,1,0
BRDA:92,12,0,2
BRDA:92,12,1,0
BRDA:100,13,0,2
BRDA:100,13,1,0
BRDA:113,14,0,7
BRDA:113,14,1,7
BRDA:114,15,0,7
BRDA:114,15,1,1
BRDA:115,16,0,7
BRDA:115,16,1,1
BRDA:116,17,0,1
BRDA:116,17,1,6
BRDA:116,18,0,7
BRDA:116,18,1,1
BRDA:116,18,2,1
BRDA:117,19,0,1
BRDA:117,19,1,0
BRDA:118,20,0,0
BRDA:118,20,1,1
BRDA:119,21,0,0
BRDA:119,21,1,1
BRDA:119,22,0,0
BRDA:119,22,1,0
BRDA:119,23,0,1
BRDA:119,23,1,0
BRDA:136,24,0,0
BRDA:136,24,1,1
BRDA:141,25,0,1
BRDA:141,25,1,6
BRDA:142,26,0,1
BRDA:142,26,1,0
BRDA:151,27,0,1
BRDA:151,27,1,0
BRDA:164,28,0,0
BRDA:164,28,1,7
BRDA:164,29,0,7
BRDA:164,29,1,7
BRDA:164,29,2,1
BRDA:164,29,3,1
BRDA:165,30,0,0
BRDA:165,30,1,0
BRDA:186,31,0,1
BRDA:186,31,1,0
BRF:67
BRH:40
end_of_record
TN:
SF:__specs__\testutils.ts
FN:7,(anonymous_0)
FN:20,(anonymous_1)
FN:23,(anonymous_2)
FN:24,(anonymous_3)
FN:25,(anonymous_4)
FN:26,(anonymous_5)
FN:29,(anonymous_6)
FN:34,(anonymous_7)
FN:38,(anonymous_8)
FN:42,(anonymous_9)
FN:47,(anonymous_10)
FN:48,(anonymous_11)
FN:50,(anonymous_12)
FN:59,(anonymous_13)
FN:77,(anonymous_14)
FN:84,(anonymous_15)
FN:91,(anonymous_16)
FN:92,(anonymous_17)
FNF:18
FNH:3
FNDA:2,(anonymous_0)
FNDA:0,(anonymous_1)
FNDA:0,(anonymous_2)
FNDA:0,(anonymous_3)
FNDA:0,(anonymous_4)
FNDA:0,(anonymous_5)
FNDA:0,(anonymous_6)
FNDA:0,(anonymous_7)
FNDA:0,(anonymous_8)
FNDA:0,(anonymous_9)
FNDA:0,(anonymous_10)
FNDA:0,(anonymous_11)
FNDA:1,(anonymous_12)
FNDA:8,(anonymous_13)
FNDA:0,(anonymous_14)
FNDA:0,(anonymous_15)
FNDA:0,(anonymous_16)
FNDA:0,(anonymous_17)
DA:2,1
DA:3,1
DA:7,1
DA:8,2
DA:15,2
DA:18,1
DA:21,0
DA:23,0
DA:24,0
DA:25,0
DA:26,0
DA:29,1
DA:30,0
DA:31,0
DA:32,0
DA:34,1
DA:35,0
DA:36,0
DA:38,1
DA:39,0
DA:40,0
DA:42,1
DA:43,0
DA:44,0
DA:47,1
DA:48,1
DA:50,1
DA:52,1
DA:53,1
DA:54,1
DA:55,1
DA:56,1
DA:57,1
DA:60,8
DA:65,8
DA:72,1
DA:77,1
DA:84,1
DA:91,1
DA:92,1
LF:40
LH:26
BRDA:74,0,0,1
BRDA:74,0,1,0
BRDA:54,1,0,1
BRDA:54,1,1,1
BRDA:55,2,0,1
BRDA:55,2,1,0
BRF:6
BRH:4
end_of_record
TN:
SF:__specs__\testmodel\Airplane.ts
FNF:0
FNH:0
DA:1,1
DA:3,1
DA:5,1
DA:7,1
LF:4
LH:4
BRF:0
BRH:0
end_of_record
TN:
SF:__specs__\testmodel\Airport.ts
FN:1,(anonymous_0)
FNF:1
FNH:0
FNDA:0,(anonymous_0)
DA:1,1
DA:2,0
LF:2
LH:1
BRF:0
BRH:0
end_of_record
TN:
SF:__specs__\testmodel\Country.ts
FN:2,(anonymous_0)
FNF:1
FNH:0
FNDA:0,(anonymous_0)
DA:2,1
DA:5,0
DA:6,0
LF:3
LH:1
BRF:0
BRH:0
end_of_record
TN:
SF:__specs__\testmodel\Flight.ts
FN:2,(anonymous_0)
FNF:1
FNH:0
FNDA:0,(anonymous_0)
DA:2,1
DA:4,0
DA:5,0
DA:6,0
DA:7,0
DA:8,0
DA:9,0
DA:10,0
DA:12,0
LF:9
LH:1
BRF:0
BRH:0
end_of_record
TN:
SF:__specs__\testmodel\Nomenclature.ts
FN:1,(anonymous_0)
FNF:1
FNH:0
FNDA:0,(anonymous_0)
DA:1,1
DA:2,0
LF:2
LH:1
BRF:0
BRH:0
end_of_record
TN:
SF:__specs__\testmodel\_DynamoItems.ts
FNF:0
FNH:0
DA:1,1
DA:2,1
DA:3,1
DA:4,1
DA:5,1
DA:7,1
DA:14,1
DA:16,1
DA:25,1
DA:27,1
DA:28,1
DA:29,1
DA:30,1
LF:13
LH:13
BRF:0
BRH:0
end_of_record
