TN:
SF:BaseItemManager.ts
FN:91,(anonymous_0)
FN:93,(anonymous_1)
FN:94,(anonymous_2)
FN:131,(anonymous_3)
FN:137,(anonymous_4)
FN:147,(anonymous_5)
FN:155,(anonymous_6)
FN:156,(anonymous_7)
FN:192,(anonymous_8)
FN:231,(anonymous_9)
FN:239,(anonymous_10)
FN:263,(anonymous_11)
FN:281,(anonymous_12)
FN:309,(anonymous_13)
FN:317,(anonymous_14)
FN:318,(anonymous_15)
FN:332,(anonymous_16)
FN:370,(anonymous_17)
FN:378,(anonymous_18)
FN:402,(anonymous_19)
FN:452,(anonymous_20)
FN:460,(anonymous_21)
FN:485,(anonymous_22)
FN:502,(anonymous_23)
FN:527,(anonymous_24)
FNF:25
FNH:3
FNDA:60,(anonymous_0)
FNDA:60,(anonymous_1)
FNDA:16,(anonymous_2)
FNDA:0,(anonymous_3)
FNDA:0,(anonymous_4)
FNDA:0,(anonymous_5)
FNDA:0,(anonymous_6)
FNDA:0,(anonymous_7)
FNDA:0,(anonymous_8)
FNDA:0,(anonymous_9)
FNDA:0,(anonymous_10)
FNDA:0,(anonymous_11)
FNDA:0,(anonymous_12)
FNDA:0,(anonymous_13)
FNDA:0,(anonymous_14)
FNDA:0,(anonymous_15)
FNDA:0,(anonymous_16)
FNDA:0,(anonymous_17)
FNDA:0,(anonymous_18)
FNDA:0,(anonymous_19)
FNDA:0,(anonymous_20)
FNDA:0,(anonymous_21)
FNDA:0,(anonymous_22)
FNDA:0,(anonymous_23)
FNDA:0,(anonymous_24)
DA:1,10
DA:2,10
DA:3,10
DA:4,10
DA:5,10
DA:6,10
DA:8,10
DA:90,10
DA:93,60
DA:95,16
DA:98,60
DA:99,60
DA:101,16
DA:102,16
DA:109,16
DA:112,16
DA:117,16
DA:118,16
DA:119,60
DA:121,60
DA:127,10
DA:132,0
DA:138,0
DA:148,0
DA:156,0
DA:157,0
DA:158,0
DA:161,0
DA:165,0
DA:166,0
DA:168,0
DA:169,0
DA:172,0
DA:173,0
DA:176,0
DA:177,0
DA:193,0
DA:194,0
DA:196,0
DA:197,0
DA:198,0
DA:199,0
DA:200,0
DA:201,0
DA:205,0
DA:208,0
DA:209,0
DA:210,0
DA:211,0
DA:212,0
DA:213,0
DA:217,0
DA:219,0
DA:220,0
DA:232,0
DA:240,0
DA:242,0
DA:243,0
DA:246,0
DA:247,0
DA:249,0
DA:251,0
DA:255,0
DA:264,0
DA:266,0
DA:267,0
DA:270,0
DA:271,0
DA:272,0
DA:274,0
DA:275,0
DA:278,0
DA:280,0
DA:281,0
DA:283,0
DA:286,0
DA:289,0
DA:296,0
DA:298,0
DA:310,0
DA:318,0
DA:319,0
DA:320,0
DA:322,0
DA:324,0
DA:333,0
DA:334,0
DA:336,0
DA:337,0
DA:338,0
DA:339,0
DA:340,0
DA:341,0
DA:345,0
DA:348,0
DA:349,0
DA:350,0
DA:351,0
DA:352,0
DA:353,0
DA:357,0
DA:359,0
DA:360,0
DA:371,0
DA:379,0
DA:381,0
DA:382,0
DA:385,0
DA:386,0
DA:388,0
DA:390,0
DA:391,0
DA:395,0
DA:404,0
DA:406,0
DA:407,0
DA:410,0
DA:412,0
DA:413,0
DA:416,0
DA:417,0
DA:418,0
DA:421,0
DA:422,0
DA:423,0
DA:424,0
DA:425,0
DA:428,0
DA:431,0
DA:433,0
DA:434,0
DA:435,0
DA:436,0
DA:437,0
DA:438,0
DA:442,0
DA:453,0
DA:461,0
DA:463,0
DA:464,0
DA:467,0
DA:468,0
DA:470,0
DA:472,0
DA:473,0
DA:477,0
DA:486,0
DA:488,0
DA:489,0
DA:492,0
DA:493,0
DA:495,0
DA:496,0
DA:499,0
DA:501,0
DA:502,0
DA:504,0
DA:507,0
DA:510,0
DA:520,0
DA:522,0
DA:529,0
DA:531,0
DA:533,0
DA:535,0
DA:559,0
DA:560,0
DA:561,0
DA:564,0
DA:565,0
LF:170
LH:21
BRDA:99,0,0,60
BRDA:99,0,1,40
BRDA:157,1,0,0
BRDA:157,1,1,0
BRDA:161,2,0,0
BRDA:161,2,1,0
BRDA:161,3,0,0
BRDA:161,3,1,0
BRDA:166,4,0,0
BRDA:166,4,1,0
BRDA:193,5,0,0
BRDA:193,5,1,0
BRDA:194,6,0,0
BRDA:194,6,1,0
BRDA:199,7,0,0
BRDA:199,7,1,0
BRDA:205,8,0,0
BRDA:205,8,1,0
BRDA:211,9,0,0
BRDA:211,9,1,0
BRDA:219,10,0,0
BRDA:219,10,1,0
BRDA:240,11,0,0
BRDA:240,11,1,0
BRDA:242,12,0,0
BRDA:242,12,1,0
BRDA:247,13,0,0
BRDA:247,13,1,0
BRDA:247,14,0,0
BRDA:247,14,1,0
BRDA:270,15,0,0
BRDA:270,15,1,0
BRDA:272,16,0,0
BRDA:272,16,1,0
BRDA:274,17,0,0
BRDA:274,17,1,0
BRDA:281,18,0,0
BRDA:281,18,1,0
BRDA:296,19,0,0
BRDA:296,19,1,0
BRDA:319,20,0,0
BRDA:319,20,1,0
BRDA:333,21,0,0
BRDA:333,21,1,0
BRDA:334,22,0,0
BRDA:334,22,1,0
BRDA:339,23,0,0
BRDA:339,23,1,0
BRDA:345,24,0,0
BRDA:345,24,1,0
BRDA:351,25,0,0
BRDA:351,25,1,0
BRDA:359,26,0,0
BRDA:359,26,1,0
BRDA:379,27,0,0
BRDA:379,27,1,0
BRDA:381,28,0,0
BRDA:381,28,1,0
BRDA:386,29,0,0
BRDA:386,29,1,0
BRDA:386,30,0,0
BRDA:386,30,1,0
BRDA:404,31,0,0
BRDA:404,31,1,0
BRDA:412,32,0,0
BRDA:412,32,1,0
BRDA:423,33,0,0
BRDA:423,33,1,0
BRDA:431,34,0,0
BRDA:431,34,1,0
BRDA:436,35,0,0
BRDA:436,35,1,0
BRDA:461,36,0,0
BRDA:461,36,1,0
BRDA:463,37,0,0
BRDA:463,37,1,0
BRDA:468,38,0,0
BRDA:468,38,1,0
BRDA:468,39,0,0
BRDA:468,39,1,0
BRDA:486,40,0,0
BRDA:486,40,1,0
BRDA:492,41,0,0
BRDA:492,41,1,0
BRDA:495,42,0,0
BRDA:495,42,1,0
BRDA:502,43,0,0
BRDA:502,43,1,0
BRDA:520,44,0,0
BRDA:520,44,1,0
BRDA:529,45,0,0
BRDA:529,45,1,0
BRDA:535,46,0,0
BRDA:535,46,1,0
BRDA:561,47,0,0
BRDA:561,47,1,0
BRDA:564,48,0,0
BRDA:564,48,1,0
BRF:98
BRH:2
end_of_record
TN:
SF:DynamoDbClient.ts
FN:21,removeEmpty
FN:23,(anonymous_1)
FN:25,(anonymous_2)
FN:33,(anonymous_3)
FN:34,(anonymous_4)
FN:36,(anonymous_5)
FN:38,(anonymous_6)
FN:40,(anonymous_7)
FN:53,ensureOnlyNewKeyUpdates
FN:56,(anonymous_9)
FN:58,(anonymous_10)
FN:66,(anonymous_11)
FN:71,(anonymous_12)
FN:76,(anonymous_13)
FN:77,(anonymous_14)
FN:85,(anonymous_15)
FN:86,(anonymous_16)
FN:94,(anonymous_17)
FN:99,(anonymous_18)
FN:111,(anonymous_19)
FNF:20
FNH:17
FNDA:74,removeEmpty
FNDA:378,(anonymous_1)
FNDA:362,(anonymous_2)
FNDA:35,(anonymous_3)
FNDA:2,(anonymous_4)
FNDA:18,(anonymous_5)
FNDA:32,(anonymous_6)
FNDA:16,(anonymous_7)
FNDA:8,ensureOnlyNewKeyUpdates
FNDA:30,(anonymous_9)
FNDA:14,(anonymous_10)
FNDA:0,(anonymous_11)
FNDA:74,(anonymous_12)
FNDA:0,(anonymous_13)
FNDA:0,(anonymous_14)
FNDA:15,(anonymous_15)
FNDA:29,(anonymous_16)
FNDA:24,(anonymous_17)
FNDA:4,(anonymous_18)
FNDA:18,(anonymous_19)
DA:1,10
DA:6,10
DA:14,10
DA:16,10
DA:18,10
DA:21,10
DA:22,74
DA:23,378
DA:26,362
DA:33,35
DA:34,10
DA:36,18
DA:38,32
DA:40,16
DA:53,10
DA:54,8
DA:56,30
DA:59,14
DA:66,10
DA:71,74
DA:76,10
DA:78,0
DA:82,0
DA:85,15
DA:87,29
DA:91,29
DA:94,10
DA:97,24
DA:99,24
DA:100,4
DA:101,4
DA:104,0
DA:108,24
DA:109,24
DA:111,18
LF:35
LH:32
BRDA:14,0,0,10
BRDA:14,0,1,0
BRDA:27,1,0,0
BRDA:27,1,1,362
BRDA:45,2,0,7
BRDA:45,2,1,9
BRDA:46,3,0,9
BRDA:46,3,1,7
BRDA:56,4,0,30
BRDA:56,4,1,23
BRDA:56,4,2,1
BRDA:56,4,3,22
BRDA:56,4,4,22
BRDA:60,5,0,0
BRDA:60,5,1,14
BRDA:67,6,0,0
BRDA:67,6,1,0
BRDA:71,7,0,74
BRDA:71,7,1,74
BRDA:85,8,0,15
BRDA:85,8,1,0
BRDA:111,9,0,18
BRDA:111,9,1,14
BRF:23
BRH:17
end_of_record
TN:
SF:dynamodb-batchGetItem.ts
FN:9,(anonymous_0)
FN:10,(anonymous_1)
FN:12,(anonymous_2)
FN:24,(anonymous_3)
FNF:4
FNH:0
FNDA:0,(anonymous_0)
FNDA:0,(anonymous_1)
FNDA:0,(anonymous_2)
FNDA:0,(anonymous_3)
DA:6,10
DA:9,10
DA:10,0
DA:12,0
DA:14,0
DA:24,0
DA:25,0
DA:26,0
DA:28,0
DA:31,0
LF:10
LH:2
BRDA:25,0,0,0
BRDA:25,0,1,0
BRDA:28,1,0,0
BRDA:28,1,1,0
BRF:4
BRH:0
end_of_record
TN:
SF:dynamodb-queryItems.ts
FN:11,(anonymous_0)
FN:12,(anonymous_1)
FN:20,(anonymous_2)
FN:21,(anonymous_3)
FN:54,(anonymous_4)
FN:61,(anonymous_5)
FN:93,(anonymous_6)
FNF:7
FNH:0
FNDA:0,(anonymous_0)
FNDA:0,(anonymous_1)
FNDA:0,(anonymous_2)
FNDA:0,(anonymous_3)
FNDA:0,(anonymous_4)
FNDA:0,(anonymous_5)
FNDA:0,(anonymous_6)
DA:6,10
DA:11,10
DA:12,0
DA:14,0
DA:18,0
DA:20,0
DA:21,0
DA:22,0
DA:23,0
DA:26,0
DA:29,0
DA:30,0
DA:32,0
DA:34,0
DA:35,0
DA:36,0
DA:38,0
DA:39,0
DA:40,0
DA:44,0
DA:45,0
DA:52,0
DA:53,0
DA:56,0
DA:57,0
DA:60,0
DA:62,0
DA:63,0
DA:67,0
DA:68,0
DA:69,0
DA:70,0
DA:71,0
DA:72,0
DA:73,0
DA:74,0
DA:80,0
DA:93,0
DA:94,0
DA:95,0
DA:96,0
DA:99,0
DA:101,0
LF:43
LH:2
BRDA:20,0,0,0
BRDA:20,0,1,0
BRDA:21,1,0,0
BRDA:21,1,1,0
BRDA:30,2,0,0
BRDA:30,2,1,0
BRDA:34,3,0,0
BRDA:34,3,1,0
BRDA:35,4,0,0
BRDA:35,4,1,0
BRDA:35,5,0,0
BRDA:35,5,1,0
BRDA:52,6,0,0
BRDA:52,6,1,0
BRDA:54,7,0,0
BRDA:54,7,1,0
BRDA:61,8,0,0
BRDA:61,8,1,0
BRDA:67,9,0,0
BRDA:67,9,1,0
BRDA:68,10,0,0
BRDA:68,10,1,0
BRDA:69,11,0,0
BRDA:69,11,1,0
BRDA:70,12,0,0
BRDA:70,12,1,0
BRDA:71,13,0,0
BRDA:71,13,1,0
BRDA:72,14,0,0
BRDA:72,14,1,0
BRDA:73,15,0,0
BRDA:73,15,1,0
BRDA:74,16,0,0
BRDA:74,16,1,0
BRDA:94,17,0,0
BRDA:94,17,1,0
BRDA:99,18,0,0
BRDA:99,18,1,0
BRF:38
BRH:0
end_of_record
TN:
SF:dynamodb-transactDeleteItem.ts
FN:11,(anonymous_0)
FN:38,(anonymous_1)
FN:38,(anonymous_2)
FN:39,(anonymous_3)
FN:39,(anonymous_4)
FN:77,(anonymous_5)
FN:85,(anonymous_6)
FN:109,(anonymous_7)
FN:110,(anonymous_8)
FN:119,(anonymous_9)
FN:119,(anonymous_10)
FNF:11
FNH:9
FNDA:1,(anonymous_0)
FNDA:0,(anonymous_1)
FNDA:0,(anonymous_2)
FNDA:7,(anonymous_3)
FNDA:5,(anonymous_4)
FNDA:7,(anonymous_5)
FNDA:7,(anonymous_6)
FNDA:7,(anonymous_7)
FNDA:49,(anonymous_8)
FNDA:49,(anonymous_9)
FNDA:7,(anonymous_10)
DA:7,10
DA:8,10
DA:11,10
DA:12,1
DA:14,1
DA:16,1
DA:19,1
DA:20,1
DA:29,1
DA:30,1
DA:31,1
DA:32,1
DA:33,1
DA:34,1
DA:35,1
DA:38,1
DA:39,7
DA:40,1
DA:42,1
DA:78,7
DA:79,5
DA:81,7
DA:86,7
DA:87,5
DA:89,7
DA:109,1
DA:110,49
DA:111,1
DA:119,49
DA:120,0
DA:128,7
DA:131,1
DA:138,1
DA:139,1
DA:140,1
LF:35
LH:34
BRDA:29,0,0,1
BRDA:29,0,1,0
BRDA:30,1,0,1
BRDA:30,1,1,0
BRDA:31,2,0,1
BRDA:31,2,1,0
BRDA:32,3,0,1
BRDA:32,3,1,0
BRDA:33,4,0,1
BRDA:33,4,1,0
BRDA:34,5,0,1
BRDA:34,5,1,0
BRDA:35,6,0,1
BRDA:35,6,1,0
BRDA:39,7,0,7
BRDA:39,7,1,6
BRDA:78,8,0,5
BRDA:78,8,1,2
BRDA:78,9,0,7
BRDA:78,9,1,6
BRDA:86,10,0,5
BRDA:86,10,1,2
BRDA:86,11,0,7
BRDA:86,11,1,6
BRDA:110,12,0,1
BRDA:110,12,1,6
BRDA:110,13,0,7
BRDA:110,13,1,7
BRDA:119,14,0,0
BRDA:119,14,1,7
BRDA:119,15,0,7
BRDA:119,15,1,7
BRDA:119,15,2,1
BRDA:139,16,0,1
BRDA:139,16,1,0
BRF:35
BRH:26
end_of_record
TN:
SF:dynamodb-transactPutItem.ts
FN:9,(anonymous_0)
FN:37,(anonymous_1)
FN:38,(anonymous_2)
FN:47,(anonymous_3)
FN:47,(anonymous_4)
FNF:5
FNH:5
FNDA:16,(anonymous_0)
FNDA:112,(anonymous_1)
FNDA:784,(anonymous_2)
FNDA:784,(anonymous_3)
FNDA:112,(anonymous_4)
DA:6,10
DA:7,10
DA:9,10
DA:10,16
DA:12,16
DA:14,16
DA:37,16
DA:38,784
DA:39,16
DA:47,784
DA:48,10
DA:49,10
DA:60,112
DA:63,16
DA:71,16
DA:72,14
DA:73,14
LF:17
LH:17
BRDA:10,0,0,16
BRDA:10,0,1,0
BRDA:38,1,0,16
BRDA:38,1,1,96
BRDA:38,2,0,112
BRDA:38,2,1,112
BRDA:38,2,2,16
BRDA:47,3,0,10
BRDA:47,3,1,102
BRDA:47,4,0,112
BRDA:47,4,1,112
BRDA:47,4,2,16
BRDA:47,4,3,16
BRDA:72,5,0,14
BRDA:72,5,1,0
BRF:15
BRH:13
end_of_record
TN:
SF:dynamodb-transactUpdateItem.ts
FN:11,(anonymous_0)
FN:24,(anonymous_1)
FN:24,(anonymous_2)
FN:25,(anonymous_3)
FN:25,(anonymous_4)
FN:42,(anonymous_5)
FN:46,(anonymous_6)
FN:52,(anonymous_7)
FN:91,(anonymous_8)
FN:99,(anonymous_9)
FN:112,(anonymous_10)
FN:113,(anonymous_11)
FN:114,(anonymous_12)
FN:165,(anonymous_13)
FN:166,(anonymous_14)
FN:191,(anonymous_15)
FN:192,(anonymous_16)
FNF:17
FNH:17
FNDA:7,(anonymous_0)
FNDA:14,(anonymous_1)
FNDA:7,(anonymous_2)
FNDA:14,(anonymous_3)
FNDA:14,(anonymous_4)
FNDA:14,(anonymous_5)
FNDA:14,(anonymous_6)
FNDA:14,(anonymous_7)
FNDA:14,(anonymous_8)
FNDA:14,(anonymous_9)
FNDA:49,(anonymous_10)
FNDA:343,(anonymous_11)
FNDA:49,(anonymous_12)
FNDA:49,(anonymous_13)
FNDA:343,(anonymous_14)
FNDA:15,(anonymous_15)
FNDA:1,(anonymous_16)
DA:7,10
DA:8,10
DA:11,10
DA:12,7
DA:14,7
DA:17,7
DA:18,7
DA:20,7
DA:22,0
DA:24,14
DA:25,14
DA:28,7
DA:29,7
DA:30,7
DA:31,7
DA:32,7
DA:33,7
DA:34,7
DA:35,7
DA:36,7
DA:40,7
DA:43,14
DA:44,14
DA:47,14
DA:48,14
DA:51,7
DA:53,14
DA:54,14
DA:56,7
DA:92,14
DA:93,14
DA:95,14
DA:100,14
DA:101,14
DA:103,14
DA:111,7
DA:113,343
DA:114,49
DA:115,49
DA:116,49
DA:117,6
DA:118,6
DA:119,6
DA:121,6
DA:141,49
DA:142,4
DA:143,4
DA:151,4
DA:152,4
DA:163,49
DA:166,343
DA:167,1
DA:168,1
DA:176,49
DA:179,7
DA:186,7
DA:187,7
DA:188,5
DA:190,5
DA:191,15
DA:193,1
DA:194,1
LF:62
LH:61
BRDA:20,0,0,0
BRDA:20,0,1,7
BRDA:20,1,0,7
BRDA:20,1,1,0
BRDA:28,2,0,7
BRDA:28,2,1,0
BRDA:29,3,0,7
BRDA:29,3,1,0
BRDA:30,4,0,7
BRDA:30,4,1,0
BRDA:31,5,0,7
BRDA:31,5,1,0
BRDA:32,6,0,7
BRDA:32,6,1,0
BRDA:33,7,0,7
BRDA:33,7,1,0
BRDA:34,8,0,7
BRDA:34,8,1,0
BRDA:35,9,0,7
BRDA:35,9,1,0
BRDA:36,10,0,7
BRDA:36,10,1,0
BRDA:43,11,0,13
BRDA:43,11,1,1
BRDA:92,12,0,14
BRDA:92,12,1,0
BRDA:100,13,0,14
BRDA:100,13,1,0
BRDA:113,14,0,49
BRDA:113,14,1,49
BRDA:114,15,0,49
BRDA:114,15,1,7
BRDA:115,16,0,49
BRDA:115,16,1,7
BRDA:116,17,0,6
BRDA:116,17,1,43
BRDA:116,18,0,49
BRDA:116,18,1,7
BRDA:116,18,2,7
BRDA:117,19,0,6
BRDA:117,19,1,0
BRDA:118,20,0,3
BRDA:118,20,1,3
BRDA:119,21,0,3
BRDA:119,21,1,3
BRDA:119,22,0,3
BRDA:119,22,1,0
BRDA:119,23,0,3
BRDA:119,23,1,0
BRDA:136,24,0,3
BRDA:136,24,1,3
BRDA:141,25,0,4
BRDA:141,25,1,45
BRDA:142,26,0,4
BRDA:142,26,1,0
BRDA:151,27,0,4
BRDA:151,27,1,0
BRDA:166,28,0,1
BRDA:166,28,1,48
BRDA:166,29,0,49
BRDA:166,29,1,49
BRDA:166,29,2,7
BRDA:166,29,3,7
BRDA:167,30,0,1
BRDA:167,30,1,0
BRDA:188,31,0,5
BRDA:188,31,1,0
BRF:67
BRH:47
end_of_record
TN:
SF:__specs__\testutils.ts
FN:9,(anonymous_0)
FN:22,(anonymous_1)
FN:25,(anonymous_2)
FN:26,(anonymous_3)
FN:27,(anonymous_4)
FN:28,(anonymous_5)
FN:31,(anonymous_6)
FN:36,(anonymous_7)
FN:40,(anonymous_8)
FN:44,(anonymous_9)
FN:49,(anonymous_10)
FN:50,(anonymous_11)
FN:52,(anonymous_12)
FN:61,(anonymous_13)
FN:79,(anonymous_14)
FN:86,(anonymous_15)
FN:94,(anonymous_16)
FN:95,(anonymous_17)
FN:97,(anonymous_18)
FN:115,(anonymous_19)
FN:116,(anonymous_20)
FNF:21
FNH:15
FNDA:15,(anonymous_0)
FNDA:28,(anonymous_1)
FNDA:8,(anonymous_2)
FNDA:8,(anonymous_3)
FNDA:2,(anonymous_4)
FNDA:2,(anonymous_5)
FNDA:8,(anonymous_6)
FNDA:8,(anonymous_7)
FNDA:2,(anonymous_8)
FNDA:2,(anonymous_9)
FNDA:0,(anonymous_10)
FNDA:0,(anonymous_11)
FNDA:10,(anonymous_12)
FNDA:49,(anonymous_13)
FNDA:0,(anonymous_14)
FNDA:0,(anonymous_15)
FNDA:0,(anonymous_16)
FNDA:0,(anonymous_17)
FNDA:2,(anonymous_18)
FNDA:4,(anonymous_19)
FNDA:4,(anonymous_20)
DA:2,10
DA:3,10
DA:6,10
DA:9,10
DA:10,15
DA:17,15
DA:20,10
DA:23,28
DA:25,28
DA:26,28
DA:27,28
DA:28,28
DA:31,10
DA:32,8
DA:33,8
DA:34,8
DA:36,10
DA:37,8
DA:38,8
DA:40,10
DA:41,2
DA:42,2
DA:44,10
DA:45,2
DA:46,2
DA:49,10
DA:50,10
DA:52,10
DA:54,10
DA:55,10
DA:56,10
DA:57,10
DA:58,10
DA:59,10
DA:62,49
DA:67,49
DA:74,10
DA:79,10
DA:86,10
DA:94,10
DA:95,10
DA:97,10
DA:105,2
DA:109,2
DA:110,2
DA:112,2
DA:113,2
DA:115,4
DA:116,4
DA:118,2
DA:120,2
DA:121,1
DA:124,1
LF:53
LH:53
BRDA:76,0,0,10
BRDA:76,0,1,0
BRDA:56,1,0,10
BRDA:56,1,1,10
BRDA:57,2,0,10
BRDA:57,2,1,0
BRDA:107,3,0,1
BRDA:107,3,1,1
BRDA:120,4,0,1
BRDA:120,4,1,1
BRF:10
BRH:8
end_of_record
TN:
SF:__specs__\testmodel\Airplane.ts
FNF:0
FNH:0
DA:1,10
DA:3,10
DA:5,10
DA:7,10
LF:4
LH:4
BRF:0
BRH:0
end_of_record
TN:
SF:__specs__\testmodel\Airport.ts
FN:1,(anonymous_0)
FNF:1
FNH:0
FNDA:0,(anonymous_0)
DA:1,10
DA:2,0
LF:2
LH:1
BRF:0
BRH:0
end_of_record
TN:
SF:__specs__\testmodel\Country.ts
FN:2,(anonymous_0)
FNF:1
FNH:0
FNDA:0,(anonymous_0)
DA:2,10
DA:5,0
DA:6,0
LF:3
LH:1
BRF:0
BRH:0
end_of_record
TN:
SF:__specs__\testmodel\Flight.ts
FN:2,(anonymous_0)
FNF:1
FNH:0
FNDA:0,(anonymous_0)
DA:2,10
DA:4,0
DA:5,0
DA:6,0
DA:7,0
DA:8,0
DA:9,0
DA:10,0
DA:12,0
LF:9
LH:1
BRF:0
BRH:0
end_of_record
TN:
SF:__specs__\testmodel\Nomenclature.ts
FN:1,(anonymous_0)
FNF:1
FNH:0
FNDA:0,(anonymous_0)
DA:1,10
DA:2,0
LF:2
LH:1
BRF:0
BRH:0
end_of_record
TN:
SF:__specs__\testmodel\_DynamoItems.ts
FNF:0
FNH:0
DA:1,10
DA:2,10
DA:3,10
DA:4,10
DA:5,10
DA:7,10
DA:14,10
DA:16,10
DA:25,10
DA:27,10
DA:28,10
DA:29,10
DA:30,10
LF:13
LH:13
BRF:0
BRH:0
end_of_record
